Started by user Ricardo Miguel
Running as SYSTEM
Building in workspace /var/jenkins_home/workspace/project-ecommerce-application
The recommended git tool is: NONE
using credential 193e7e6d-e186-4b5f-a3a3-2be6f63a4671
 > git rev-parse --resolve-git-dir /var/jenkins_home/workspace/project-ecommerce-application/.git # timeout=10
Fetching changes from the remote Git repository
 > git config remote.origin.url https://github.com/borgir/security-and-devops.git # timeout=10
Fetching upstream changes from https://github.com/borgir/security-and-devops.git
 > git --version # timeout=10
 > git --version # 'git version 2.32.0'
using GIT_SSH to set credentials 
 > git fetch --tags --force --progress -- https://github.com/borgir/security-and-devops.git +refs/heads/*:refs/remotes/origin/* # timeout=10
 > git rev-parse refs/remotes/origin/main^{commit} # timeout=10
Checking out Revision 1a186ac8b8e79d2fe81fe92dfc8998026f766261 (refs/remotes/origin/main)
 > git config core.sparsecheckout # timeout=10
 > git checkout -f 1a186ac8b8e79d2fe81fe92dfc8998026f766261 # timeout=10
Commit message: "Add splunk screenshots"
 > git rev-list --no-walk 1a186ac8b8e79d2fe81fe92dfc8998026f766261 # timeout=10
[project-ecommerce-application] $ mvn -f starter_code/pom.xml package
[INFO] Scanning for projects...
[INFO] 
[INFO] ----------------------< com.example:auth-course >-----------------------
[INFO] Building auth-course 0.0.1-SNAPSHOT
[INFO] --------------------------------[ war ]---------------------------------
[INFO] 
[INFO] --- maven-resources-plugin:3.1.0:resources (default-resources) @ auth-course ---
[INFO] Using 'UTF-8' encoding to copy filtered resources.
[INFO] Copying 1 resource
[INFO] Copying 1 resource
[INFO] 
[INFO] --- maven-compiler-plugin:3.8.1:compile (default-compile) @ auth-course ---
[INFO] Nothing to compile - all classes are up to date
[INFO] 
[INFO] --- maven-resources-plugin:3.1.0:testResources (default-testResources) @ auth-course ---
[INFO] Using 'UTF-8' encoding to copy filtered resources.
[INFO] skip non existing resourceDirectory /var/jenkins_home/workspace/project-ecommerce-application/starter_code/src/test/resources
[INFO] 
[INFO] --- maven-compiler-plugin:3.8.1:testCompile (default-testCompile) @ auth-course ---
[INFO] Nothing to compile - all classes are up to date
[INFO] 
[INFO] --- maven-surefire-plugin:2.22.2:test (default-test) @ auth-course ---
[INFO] 
[INFO] -------------------------------------------------------
[INFO]  T E S T S
[INFO] -------------------------------------------------------
[INFO] Running com.example.demo.controllers.CartControllerTests
SLF4J: Class path contains multiple SLF4J bindings.
SLF4J: Found binding in [jar:file:/root/.m2/repository/ch/qos/logback/logback-classic/1.2.3/logback-classic-1.2.3.jar!/org/slf4j/impl/StaticLoggerBinder.class]
SLF4J: Found binding in [jar:file:/root/.m2/repository/org/slf4j/slf4j-log4j12/1.7.25/slf4j-log4j12-1.7.25.jar!/org/slf4j/impl/StaticLoggerBinder.class]
SLF4J: See http://www.slf4j.org/codes.html#multiple_bindings for an explanation.
SLF4J: Actual binding is of type [ch.qos.logback.classic.util.ContextSelectorStaticBinder]
17:16:38.737 [main] INFO com.example.demo.controllers.UserController - Cart successfully created.
17:16:38.834 [main] INFO com.example.demo.controllers.UserController - Cart successfully updated.
[INFO] Tests run: 2, Failures: 0, Errors: 0, Skipped: 0, Time elapsed: 1.399 s - in com.example.demo.controllers.CartControllerTests
[INFO] Running com.example.demo.controllers.ItemControllerTest
[INFO] Tests run: 2, Failures: 0, Errors: 0, Skipped: 0, Time elapsed: 0.002 s - in com.example.demo.controllers.ItemControllerTest
[INFO] Running com.example.demo.controllers.OrderControllerTests
17:16:39.025 [main] INFO com.example.demo.controllers.UserController - User johndoe not found
17:16:39.027 [main] INFO com.example.demo.controllers.UserController - Orders from user johndoe found.
17:16:39.048 [main] INFO com.example.demo.controllers.UserController - Order successfully created.
[INFO] Tests run: 2, Failures: 0, Errors: 0, Skipped: 0, Time elapsed: 0.081 s - in com.example.demo.controllers.OrderControllerTests
[INFO] Running com.example.demo.controllers.UserControllerTest
17:16:39.137 [main] INFO com.example.demo.controllers.UserController - creating new user test
17:16:39.138 [main] INFO com.example.demo.controllers.UserController - Username set with test
17:16:39.138 [main] INFO com.example.demo.controllers.UserController - The user was successfully created.
17:16:39.142 [main] INFO com.example.demo.controllers.UserController - creating new user johndoe
17:16:39.142 [main] INFO com.example.demo.controllers.UserController - Username set with johndoe
17:16:39.143 [main] INFO com.example.demo.controllers.UserController - The user was successfully created.
17:16:39.144 [main] INFO com.example.demo.controllers.UserController - creating new user johndoe
17:16:39.145 [main] INFO com.example.demo.controllers.UserController - Username set with johndoe
17:16:39.145 [main] INFO com.example.demo.controllers.UserController - The user was successfully created.
17:16:39.147 [main] INFO com.example.demo.controllers.UserController - creating new user johndoe
17:16:39.147 [main] INFO com.example.demo.controllers.UserController - Username set with johndoe
17:16:39.153 [main] INFO com.example.demo.controllers.UserController - The user was successfully created.
17:16:39.155 [main] INFO com.example.demo.controllers.UserController - creating new user johndoe
17:16:39.155 [main] INFO com.example.demo.controllers.UserController - Username set with johndoe
17:16:39.156 [main] INFO com.example.demo.controllers.UserController - The user was successfully created.
17:16:39.157 [main] INFO com.example.demo.controllers.UserController - creating new user user_test
17:16:39.158 [main] INFO com.example.demo.controllers.UserController - Username set with user_test
17:16:39.159 [main] ERROR com.example.demo.controllers.UserController - Error - cannot create user user_test
[INFO] Tests run: 6, Failures: 0, Errors: 0, Skipped: 0, Time elapsed: 0.092 s - in com.example.demo.controllers.UserControllerTest
[INFO] Running com.example.demo.SareetaApplicationTests
17:16:39.234 [main] DEBUG org.springframework.test.context.junit4.SpringJUnit4ClassRunner - SpringJUnit4ClassRunner constructor called with [class com.example.demo.SareetaApplicationTests]
17:16:39.241 [main] DEBUG org.springframework.test.context.BootstrapUtils - Instantiating CacheAwareContextLoaderDelegate from class [org.springframework.test.context.cache.DefaultCacheAwareContextLoaderDelegate]
17:16:39.267 [main] DEBUG org.springframework.test.context.BootstrapUtils - Instantiating BootstrapContext using constructor [public org.springframework.test.context.support.DefaultBootstrapContext(java.lang.Class,org.springframework.test.context.CacheAwareContextLoaderDelegate)]
17:16:39.311 [main] DEBUG org.springframework.test.context.BootstrapUtils - Instantiating TestContextBootstrapper for test class [com.example.demo.SareetaApplicationTests] from class [org.springframework.boot.test.context.SpringBootTestContextBootstrapper]
17:16:39.346 [main] INFO org.springframework.boot.test.context.SpringBootTestContextBootstrapper - Neither @ContextConfiguration nor @ContextHierarchy found for test class [com.example.demo.SareetaApplicationTests], using SpringBootContextLoader
17:16:39.360 [main] DEBUG org.springframework.test.context.support.AbstractContextLoader - Did not detect default resource location for test class [com.example.demo.SareetaApplicationTests]: class path resource [com/example/demo/SareetaApplicationTests-context.xml] does not exist
17:16:39.366 [main] DEBUG org.springframework.test.context.support.AbstractContextLoader - Did not detect default resource location for test class [com.example.demo.SareetaApplicationTests]: class path resource [com/example/demo/SareetaApplicationTestsContext.groovy] does not exist
17:16:39.367 [main] INFO org.springframework.test.context.support.AbstractContextLoader - Could not detect default resource locations for test class [com.example.demo.SareetaApplicationTests]: no resource found for suffixes {-context.xml, Context.groovy}.
17:16:39.368 [main] INFO org.springframework.test.context.support.AnnotationConfigContextLoaderUtils - Could not detect default configuration classes for test class [com.example.demo.SareetaApplicationTests]: SareetaApplicationTests does not declare any static, non-private, non-final, nested classes annotated with @Configuration.
17:16:39.476 [main] DEBUG org.springframework.test.context.support.ActiveProfilesUtils - Could not find an 'annotation declaring class' for annotation type [org.springframework.test.context.ActiveProfiles] and class [com.example.demo.SareetaApplicationTests]
17:16:39.693 [main] DEBUG org.springframework.context.annotation.ClassPathScanningCandidateComponentProvider - Identified candidate component class: file [/var/jenkins_home/workspace/project-ecommerce-application/starter_code/target/classes/com/example/demo/SareetaApplication.class]
17:16:39.703 [main] INFO org.springframework.boot.test.context.SpringBootTestContextBootstrapper - Found @SpringBootConfiguration com.example.demo.SareetaApplication for test class com.example.demo.SareetaApplicationTests
17:16:39.889 [main] DEBUG org.springframework.boot.test.context.SpringBootTestContextBootstrapper - @TestExecutionListeners is not present for class [com.example.demo.SareetaApplicationTests]: using defaults.
17:16:39.890 [main] INFO org.springframework.boot.test.context.SpringBootTestContextBootstrapper - Loaded default TestExecutionListener class names from location [META-INF/spring.factories]: [org.springframework.boot.test.mock.mockito.MockitoTestExecutionListener, org.springframework.boot.test.mock.mockito.ResetMocksTestExecutionListener, org.springframework.boot.test.autoconfigure.restdocs.RestDocsTestExecutionListener, org.springframework.boot.test.autoconfigure.web.client.MockRestServiceServerResetTestExecutionListener, org.springframework.boot.test.autoconfigure.web.servlet.MockMvcPrintOnlyOnFailureTestExecutionListener, org.springframework.boot.test.autoconfigure.web.servlet.WebDriverTestExecutionListener, org.springframework.test.context.web.ServletTestExecutionListener, org.springframework.test.context.support.DirtiesContextBeforeModesTestExecutionListener, org.springframework.test.context.support.DependencyInjectionTestExecutionListener, org.springframework.test.context.support.DirtiesContextTestExecutionListener, org.springframework.test.context.transaction.TransactionalTestExecutionListener, org.springframework.test.context.jdbc.SqlScriptsTestExecutionListener, org.springframework.security.test.context.support.WithSecurityContextTestExecutionListener, org.springframework.security.test.context.support.ReactorContextTestExecutionListener]
17:16:39.936 [main] INFO org.springframework.boot.test.context.SpringBootTestContextBootstrapper - Using TestExecutionListeners: [org.springframework.test.context.web.ServletTestExecutionListener@14f5da2c, org.springframework.test.context.support.DirtiesContextBeforeModesTestExecutionListener@12dae582, org.springframework.boot.test.mock.mockito.MockitoTestExecutionListener@239b0f9d, org.springframework.boot.test.autoconfigure.SpringBootDependencyInjectionTestExecutionListener@619bfe29, org.springframework.test.context.support.DirtiesContextTestExecutionListener@5b057c8c, org.springframework.test.context.transaction.TransactionalTestExecutionListener@1eb6749b, org.springframework.test.context.jdbc.SqlScriptsTestExecutionListener@652a7737, org.springframework.security.test.context.support.WithSecurityContextTestExecutionListener@5b7ea70d, org.springframework.security.test.context.support.ReactorContextTestExecutionListener@2bef51f2, org.springframework.boot.test.mock.mockito.ResetMocksTestExecutionListener@650eab8, org.springframework.boot.test.autoconfigure.restdocs.RestDocsTestExecutionListener@30f5a68a, org.springframework.boot.test.autoconfigure.web.client.MockRestServiceServerResetTestExecutionListener@1e1d3956, org.springframework.boot.test.autoconfigure.web.servlet.MockMvcPrintOnlyOnFailureTestExecutionListener@4f2c9ba6, org.springframework.boot.test.autoconfigure.web.servlet.WebDriverTestExecutionListener@4e28bdd1]
17:16:39.940 [main] DEBUG org.springframework.test.annotation.ProfileValueUtils - Retrieved @ProfileValueSourceConfiguration [null] for test class [com.example.demo.SareetaApplicationTests]
17:16:39.941 [main] DEBUG org.springframework.test.annotation.ProfileValueUtils - Retrieved ProfileValueSource type [class org.springframework.test.annotation.SystemProfileValueSource] for class [com.example.demo.SareetaApplicationTests]
17:16:39.942 [main] DEBUG org.springframework.test.annotation.ProfileValueUtils - Retrieved @ProfileValueSourceConfiguration [null] for test class [com.example.demo.SareetaApplicationTests]
17:16:39.943 [main] DEBUG org.springframework.test.annotation.ProfileValueUtils - Retrieved ProfileValueSource type [class org.springframework.test.annotation.SystemProfileValueSource] for class [com.example.demo.SareetaApplicationTests]
17:16:39.944 [main] DEBUG org.springframework.test.annotation.ProfileValueUtils - Retrieved @ProfileValueSourceConfiguration [null] for test class [com.example.demo.SareetaApplicationTests]
17:16:39.944 [main] DEBUG org.springframework.test.annotation.ProfileValueUtils - Retrieved ProfileValueSource type [class org.springframework.test.annotation.SystemProfileValueSource] for class [com.example.demo.SareetaApplicationTests]
17:16:39.955 [main] DEBUG org.springframework.test.context.support.AbstractDirtiesContextTestExecutionListener - Before test class: context [DefaultTestContext@4a335fa8 testClass = SareetaApplicationTests, testInstance = [null], testMethod = [null], testException = [null], mergedContextConfiguration = [WebMergedContextConfiguration@3f363cf5 testClass = SareetaApplicationTests, locations = '{}', classes = '{class com.example.demo.SareetaApplication}', contextInitializerClasses = '[]', activeProfiles = '{}', propertySourceLocations = '{}', propertySourceProperties = '{org.springframework.boot.test.context.SpringBootTestContextBootstrapper=true}', contextCustomizers = set[org.springframework.boot.test.context.filter.ExcludeFilterContextCustomizer@24111ef1, org.springframework.boot.test.json.DuplicateJsonObjectContextCustomizerFactory$DuplicateJsonObjectContextCustomizer@5dcb4f5f, org.springframework.boot.test.mock.mockito.MockitoContextCustomizer@0, org.springframework.boot.test.web.client.TestRestTemplateContextCustomizer@79517588, org.springframework.boot.test.autoconfigure.properties.PropertyMappingContextCustomizer@0, org.springframework.boot.test.autoconfigure.web.servlet.WebDriverContextCustomizerFactory$Customizer@78383390], resourceBasePath = 'src/main/webapp', contextLoader = 'org.springframework.boot.test.context.SpringBootContextLoader', parent = [null]], attributes = map['org.springframework.test.context.web.ServletTestExecutionListener.activateListener' -> true]], class annotated with @DirtiesContext [false] with mode [null].
17:16:39.958 [main] DEBUG org.springframework.test.annotation.ProfileValueUtils - Retrieved @ProfileValueSourceConfiguration [null] for test class [com.example.demo.SareetaApplicationTests]
17:16:39.960 [main] DEBUG org.springframework.test.annotation.ProfileValueUtils - Retrieved ProfileValueSource type [class org.springframework.test.annotation.SystemProfileValueSource] for class [com.example.demo.SareetaApplicationTests]
17:16:39.999 [main] DEBUG org.springframework.test.context.support.TestPropertySourceUtils - Adding inlined properties to environment: {spring.jmx.enabled=false, org.springframework.boot.test.context.SpringBootTestContextBootstrapper=true, server.port=-1}

  .   ____          _            __ _ _
 /\\ / ___'_ __ _ _(_)_ __  __ _ \ \ \ \
( ( )\___ | '_ | '_| | '_ \/ _` | \ \ \ \
 \\/  ___)| |_)| | | | | || (_| |  ) ) ) )
  '  |____| .__|_| |_|_| |_\__, | / / / /
 =========|_|==============|___/=/_/_/_/
 :: Spring Boot ::        (v2.1.5.RELEASE)

2021-08-22 17:16:40.780  INFO 2340 --- [           main] c.example.demo.SareetaApplicationTests   : Starting SareetaApplicationTests on 458fcc7869b3 with PID 2340 (started by root in /var/jenkins_home/workspace/project-ecommerce-application/starter_code)
2021-08-22 17:16:40.790  INFO 2340 --- [           main] c.example.demo.SareetaApplicationTests   : No active profile set, falling back to default profiles: default
2021-08-22 17:16:42.758  INFO 2340 --- [           main] .s.d.r.c.RepositoryConfigurationDelegate : Bootstrapping Spring Data repositories in DEFAULT mode.
2021-08-22 17:16:42.932  INFO 2340 --- [           main] .s.d.r.c.RepositoryConfigurationDelegate : Finished Spring Data repository scanning in 153ms. Found 4 repository interfaces.
2021-08-22 17:16:44.319  INFO 2340 --- [           main] trationDelegate$BeanPostProcessorChecker : Bean 'org.springframework.transaction.annotation.ProxyTransactionManagementConfiguration' of type [org.springframework.transaction.annotation.ProxyTransactionManagementConfiguration$$EnhancerBySpringCGLIB$$d7ab8b2f] is not eligible for getting processed by all BeanPostProcessors (for example: not eligible for auto-proxying)
2021-08-22 17:16:44.887  INFO 2340 --- [           main] com.zaxxer.hikari.HikariDataSource       : HikariPool-1 - Starting...
2021-08-22 17:16:45.398  INFO 2340 --- [           main] com.zaxxer.hikari.HikariDataSource       : HikariPool-1 - Start completed.
2021-08-22 17:16:45.595  INFO 2340 --- [           main] o.hibernate.jpa.internal.util.LogHelper  : HHH000204: Processing PersistenceUnitInfo [
	name: default
	...]
2021-08-22 17:16:45.777  INFO 2340 --- [           main] org.hibernate.Version                    : HHH000412: Hibernate Core {5.3.10.Final}
2021-08-22 17:16:45.786  INFO 2340 --- [           main] org.hibernate.cfg.Environment            : HHH000206: hibernate.properties not found
2021-08-22 17:16:45.907  INFO 2340 --- [           main] o.hibernate.annotations.common.Version   : HCANN000001: Hibernate Commons Annotations {5.0.4.Final}
2021-08-22 17:16:46.212  INFO 2340 --- [           main] org.hibernate.dialect.Dialect            : HHH000400: Using dialect: org.hibernate.dialect.H2Dialect
2021-08-22 17:16:47.536  INFO 2340 --- [           main] j.LocalContainerEntityManagerFactoryBean : Initialized JPA EntityManagerFactory for persistence unit 'default'
2021-08-22 17:16:49.397  WARN 2340 --- [           main] aWebConfiguration$JpaWebMvcConfiguration : spring.jpa.open-in-view is enabled by default. Therefore, database queries may be performed during view rendering. Explicitly configure spring.jpa.open-in-view to disable this warning
2021-08-22 17:16:49.723  INFO 2340 --- [           main] o.s.s.web.DefaultSecurityFilterChain     : Creating filter chain: any request, [org.springframework.security.web.context.request.async.WebAsyncManagerIntegrationFilter@7f030c72, org.springframework.security.web.context.SecurityContextPersistenceFilter@38667005, org.springframework.security.web.header.HeaderWriterFilter@165aa43a, org.springframework.web.filter.CorsFilter@68d8ae27, org.springframework.security.web.authentication.logout.LogoutFilter@dc8b2ff, com.example.demo.security.JWTAuthenticationFilter@18513c23, com.example.demo.security.JWTAuthenticationVerficationFilter@6be50b35, org.springframework.security.web.savedrequest.RequestCacheAwareFilter@1131aead, org.springframework.security.web.servletapi.SecurityContextHolderAwareRequestFilter@71a2df1, org.springframework.security.web.authentication.AnonymousAuthenticationFilter@ce2eaa7, org.springframework.security.web.session.SessionManagementFilter@7d977a20, org.springframework.security.web.access.ExceptionTranslationFilter@4b09d1c3, org.springframework.security.web.access.intercept.FilterSecurityInterceptor@290c266c]
2021-08-22 17:16:50.934  INFO 2340 --- [           main] o.s.s.concurrent.ThreadPoolTaskExecutor  : Initializing ExecutorService 'applicationTaskExecutor'
2021-08-22 17:16:51.617  INFO 2340 --- [           main] c.example.demo.SareetaApplicationTests   : Started SareetaApplicationTests in 11.602 seconds (JVM running for 15.003)
[INFO] Tests run: 1, Failures: 0, Errors: 0, Skipped: 0, Time elapsed: 12.518 s - in com.example.demo.SareetaApplicationTests
2021-08-22 17:16:51.718  INFO 2340 --- [       Thread-3] o.s.s.concurrent.ThreadPoolTaskExecutor  : Shutting down ExecutorService 'applicationTaskExecutor'
2021-08-22 17:16:51.726  INFO 2340 --- [       Thread-3] j.LocalContainerEntityManagerFactoryBean : Closing JPA EntityManagerFactory for persistence unit 'default'
2021-08-22 17:16:51.729  INFO 2340 --- [       Thread-3] com.zaxxer.hikari.HikariDataSource       : HikariPool-1 - Shutdown initiated...
2021-08-22 17:16:51.735  INFO 2340 --- [       Thread-3] com.zaxxer.hikari.HikariDataSource       : HikariPool-1 - Shutdown completed.
[INFO] 
[INFO] Results:
[INFO] 
[INFO] Tests run: 13, Failures: 0, Errors: 0, Skipped: 0
[INFO] 
[INFO] 
[INFO] --- maven-war-plugin:3.2.2:war (default-war) @ auth-course ---
Downloading from central: https://repo.maven.apache.org/maven2/org/apache/maven/maven-archiver/3.2.0/maven-archiver-3.2.0.pom
Progress (1): 2.7/4.3 kB
Progress (1): 4.3 kB    
                    
Downloaded from central: https://repo.maven.apache.org/maven2/org/apache/maven/maven-archiver/3.2.0/maven-archiver-3.2.0.pom (4.3 kB at 6.0 kB/s)
Downloading from central: https://repo.maven.apache.org/maven2/org/apache/maven/shared/maven-shared-utils/3.2.0/maven-shared-utils-3.2.0.pom
Progress (1): 2.7/4.9 kB
Progress (1): 4.9 kB    
                    
Downloaded from central: https://repo.maven.apache.org/maven2/org/apache/maven/shared/maven-shared-utils/3.2.0/maven-shared-utils-3.2.0.pom (4.9 kB at 213 kB/s)
Downloading from central: https://repo.maven.apache.org/maven2/org/codehaus/plexus/plexus-archiver/3.5/plexus-archiver-3.5.pom
Progress (1): 2.7/4.8 kB
Progress (1): 4.8 kB    
                    
Downloaded from central: https://repo.maven.apache.org/maven2/org/codehaus/plexus/plexus-archiver/3.5/plexus-archiver-3.5.pom (4.8 kB at 219 kB/s)
Downloading from central: https://repo.maven.apache.org/maven2/org/codehaus/plexus/plexus/5.0/plexus-5.0.pom
Progress (1): 2.7/21 kB
Progress (1): 5.5/21 kB
Progress (1): 8.2/21 kB
Progress (1): 11/21 kB 
Progress (1): 14/21 kB
Progress (1): 16/21 kB
Progress (1): 19/21 kB
Progress (1): 21 kB   
                   
Downloaded from central: https://repo.maven.apache.org/maven2/org/codehaus/plexus/plexus/5.0/plexus-5.0.pom (21 kB at 381 kB/s)
Downloading from central: https://repo.maven.apache.org/maven2/org/codehaus/plexus/plexus-io/3.0.0/plexus-io-3.0.0.pom
Progress (1): 2.7/4.5 kB
Progress (1): 4.5 kB    
                    
Downloaded from central: https://repo.maven.apache.org/maven2/org/codehaus/plexus/plexus-io/3.0.0/plexus-io-3.0.0.pom (4.5 kB at 303 kB/s)
Downloading from central: https://repo.maven.apache.org/maven2/org/apache/commons/commons-compress/1.14/commons-compress-1.14.pom
Progress (1): 2.7/13 kB
Progress (1): 5.5/13 kB
Progress (1): 8.2/13 kB
Progress (1): 11/13 kB 
Progress (1): 13 kB   
                   
Downloaded from central: https://repo.maven.apache.org/maven2/org/apache/commons/commons-compress/1.14/commons-compress-1.14.pom (13 kB at 526 kB/s)
Downloading from central: https://repo.maven.apache.org/maven2/org/iq80/snappy/snappy/0.4/snappy-0.4.pom
Progress (1): 2.7/15 kB
Progress (1): 5.5/15 kB
Progress (1): 9.6/15 kB
Progress (1): 14/15 kB 
Progress (1): 15 kB   
                   
Downloaded from central: https://repo.maven.apache.org/maven2/org/iq80/snappy/snappy/0.4/snappy-0.4.pom (15 kB at 559 kB/s)
Downloading from central: https://repo.maven.apache.org/maven2/org/tukaani/xz/1.6/xz-1.6.pom
Progress (1): 1.9 kB
                    
Downloaded from central: https://repo.maven.apache.org/maven2/org/tukaani/xz/1.6/xz-1.6.pom (1.9 kB at 106 kB/s)
Downloading from central: https://repo.maven.apache.org/maven2/org/codehaus/plexus/plexus-archiver/3.6.0/plexus-archiver-3.6.0.pom
Progress (1): 4.1/4.8 kB
Progress (1): 4.8 kB    
                    
Downloaded from central: https://repo.maven.apache.org/maven2/org/codehaus/plexus/plexus-archiver/3.6.0/plexus-archiver-3.6.0.pom (4.8 kB at 301 kB/s)
Downloading from central: https://repo.maven.apache.org/maven2/org/codehaus/plexus/plexus-io/3.0.1/plexus-io-3.0.1.pom
Progress (1): 4.1/4.5 kB
Progress (1): 4.5 kB    
                    
Downloaded from central: https://repo.maven.apache.org/maven2/org/codehaus/plexus/plexus-io/3.0.1/plexus-io-3.0.1.pom (4.5 kB at 253 kB/s)
Downloading from central: https://repo.maven.apache.org/maven2/commons-io/commons-io/2.6/commons-io-2.6.pom
Progress (1): 4.1/14 kB
Progress (1): 8.2/14 kB
Progress (1): 12/14 kB 
Progress (1): 14 kB   
                   
Downloaded from central: https://repo.maven.apache.org/maven2/commons-io/commons-io/2.6/commons-io-2.6.pom (14 kB at 792 kB/s)
Downloading from central: https://repo.maven.apache.org/maven2/org/apache/commons/commons-compress/1.16.1/commons-compress-1.16.1.pom
Progress (1): 4.1/16 kB
Progress (1): 8.2/16 kB
Progress (1): 12/16 kB 
Progress (1): 16 kB   
                   
Downloaded from central: https://repo.maven.apache.org/maven2/org/apache/commons/commons-compress/1.16.1/commons-compress-1.16.1.pom (16 kB at 782 kB/s)
Downloading from central: https://repo.maven.apache.org/maven2/org/apache/commons/commons-parent/43/commons-parent-43.pom
Progress (1): 4.1/70 kB
Progress (1): 8.2/70 kB
Progress (1): 12/70 kB 
Progress (1): 16/70 kB
Progress (1): 20/70 kB
Progress (1): 25/70 kB
Progress (1): 29/70 kB
Progress (1): 33/70 kB
Progress (1): 37/70 kB
Progress (1): 41/70 kB
Progress (1): 45/70 kB
Progress (1): 49/70 kB
Progress (1): 53/70 kB
Progress (1): 57/70 kB
Progress (1): 61/70 kB
Progress (1): 66/70 kB
Progress (1): 70/70 kB
Progress (1): 70 kB   
                   
Downloaded from central: https://repo.maven.apache.org/maven2/org/apache/commons/commons-parent/43/commons-parent-43.pom (70 kB at 1.5 MB/s)
Downloading from central: https://repo.maven.apache.org/maven2/org/tukaani/xz/1.8/xz-1.8.pom
Progress (1): 1.9 kB
                    
Downloaded from central: https://repo.maven.apache.org/maven2/org/tukaani/xz/1.8/xz-1.8.pom (1.9 kB at 119 kB/s)
Downloading from central: https://repo.maven.apache.org/maven2/org/codehaus/plexus/plexus-interpolation/1.25/plexus-interpolation-1.25.pom
Progress (1): 2.6 kB
                    
Downloaded from central: https://repo.maven.apache.org/maven2/org/codehaus/plexus/plexus-interpolation/1.25/plexus-interpolation-1.25.pom (2.6 kB at 176 kB/s)
Downloading from central: https://repo.maven.apache.org/maven2/org/codehaus/plexus/plexus/5.1/plexus-5.1.pom
Progress (1): 4.1/23 kB
Progress (1): 8.2/23 kB
Progress (1): 12/23 kB 
Progress (1): 16/23 kB
Progress (1): 20/23 kB
Progress (1): 23 kB   
                   
Downloaded from central: https://repo.maven.apache.org/maven2/org/codehaus/plexus/plexus/5.1/plexus-5.1.pom (23 kB at 900 kB/s)
Downloading from central: https://repo.maven.apache.org/maven2/com/thoughtworks/xstream/xstream/1.4.10/xstream-1.4.10.pom
Progress (1): 4.1/15 kB
Progress (1): 8.2/15 kB
Progress (1): 12/15 kB 
Progress (1): 15 kB   
                   
Downloaded from central: https://repo.maven.apache.org/maven2/com/thoughtworks/xstream/xstream/1.4.10/xstream-1.4.10.pom (15 kB at 946 kB/s)
Downloading from central: https://repo.maven.apache.org/maven2/com/thoughtworks/xstream/xstream-parent/1.4.10/xstream-parent-1.4.10.pom
Progress (1): 4.1/35 kB
Progress (1): 8.2/35 kB
Progress (1): 12/35 kB 
Progress (1): 16/35 kB
Progress (1): 20/35 kB
Progress (1): 25/35 kB
Progress (1): 29/35 kB
Progress (1): 33/35 kB
Progress (1): 35 kB   
                   
Downloaded from central: https://repo.maven.apache.org/maven2/com/thoughtworks/xstream/xstream-parent/1.4.10/xstream-parent-1.4.10.pom (35 kB at 1.3 MB/s)
Downloading from central: https://repo.maven.apache.org/maven2/xmlpull/xmlpull/1.1.3.1/xmlpull-1.1.3.1.pom
Progress (1): 386 B
                   
Downloaded from central: https://repo.maven.apache.org/maven2/xmlpull/xmlpull/1.1.3.1/xmlpull-1.1.3.1.pom (386 B at 28 kB/s)
Downloading from central: https://repo.maven.apache.org/maven2/xpp3/xpp3_min/1.1.4c/xpp3_min-1.1.4c.pom
Progress (1): 1.6 kB
                    
Downloaded from central: https://repo.maven.apache.org/maven2/xpp3/xpp3_min/1.1.4c/xpp3_min-1.1.4c.pom (1.6 kB at 146 kB/s)
Downloading from central: https://repo.maven.apache.org/maven2/org/apache/maven/shared/maven-mapping/3.0.0/maven-mapping-3.0.0.pom
Progress (1): 4.1/4.1 kB
Progress (1): 4.1 kB    
                    
Downloaded from central: https://repo.maven.apache.org/maven2/org/apache/maven/shared/maven-mapping/3.0.0/maven-mapping-3.0.0.pom (4.1 kB at 414 kB/s)
Downloading from central: https://repo.maven.apache.org/maven2/org/apache/maven/shared/maven-shared-components/22/maven-shared-components-22.pom
Progress (1): 4.1/5.1 kB
Progress (1): 5.1 kB    
                    
Downloaded from central: https://repo.maven.apache.org/maven2/org/apache/maven/shared/maven-shared-components/22/maven-shared-components-22.pom (5.1 kB at 301 kB/s)
Downloading from central: https://repo.maven.apache.org/maven2/org/apache/maven/maven-parent/27/maven-parent-27.pom
Progress (1): 4.1/41 kB
Progress (1): 8.2/41 kB
Progress (1): 12/41 kB 
Progress (1): 16/41 kB
Progress (1): 20/41 kB
Progress (1): 25/41 kB
Progress (1): 29/41 kB
Progress (1): 33/41 kB
Progress (1): 37/41 kB
Progress (1): 41 kB   
                   
Downloaded from central: https://repo.maven.apache.org/maven2/org/apache/maven/maven-parent/27/maven-parent-27.pom (41 kB at 1.6 MB/s)
Downloading from central: https://repo.maven.apache.org/maven2/org/apache/apache/17/apache-17.pom
Progress (1): 4.1/16 kB
Progress (1): 8.2/16 kB
Progress (1): 12/16 kB 
Progress (1): 16 kB   
                   
Downloaded from central: https://repo.maven.apache.org/maven2/org/apache/apache/17/apache-17.pom (16 kB at 1.1 MB/s)
Downloading from central: https://repo.maven.apache.org/maven2/org/codehaus/plexus/plexus-interpolation/1.21/plexus-interpolation-1.21.pom
Progress (1): 1.5 kB
                    
Downloaded from central: https://repo.maven.apache.org/maven2/org/codehaus/plexus/plexus-interpolation/1.21/plexus-interpolation-1.21.pom (1.5 kB at 81 kB/s)
Downloading from central: https://repo.maven.apache.org/maven2/org/apache/maven/maven-archiver/3.2.0/maven-archiver-3.2.0.jar
Downloading from central: https://repo.maven.apache.org/maven2/org/apache/maven/shared/maven-shared-utils/3.2.0/maven-shared-utils-3.2.0.jar
Downloading from central: https://repo.maven.apache.org/maven2/org/codehaus/plexus/plexus-archiver/3.6.0/plexus-archiver-3.6.0.jar
Downloading from central: https://repo.maven.apache.org/maven2/org/codehaus/plexus/plexus-io/3.0.1/plexus-io-3.0.1.jar
Progress (1): 4.1/24 kB
Progress (1): 8.2/24 kB
Progress (1): 12/24 kB 
Progress (1): 16/24 kB
Progress (1): 20/24 kB
Progress (1): 24 kB   
                   
Downloading from central: https://repo.maven.apache.org/maven2/org/apache/commons/commons-compress/1.16.1/commons-compress-1.16.1.jar
Downloaded from central: https://repo.maven.apache.org/maven2/org/apache/maven/maven-archiver/3.2.0/maven-archiver-3.2.0.jar (24 kB at 474 kB/s)
Downloading from central: https://repo.maven.apache.org/maven2/org/iq80/snappy/snappy/0.4/snappy-0.4.jar
Progress (1): 2.7/191 kB
Progress (1): 5.5/191 kB
Progress (1): 8.2/191 kB
Progress (1): 11/191 kB 
Progress (2): 11/191 kB | 2.7/165 kB
Progress (2): 11/191 kB | 5.5/165 kB
Progress (2): 11/191 kB | 8.2/165 kB
Progress (2): 11/191 kB | 11/165 kB 
Progress (2): 11/191 kB | 14/165 kB
Progress (2): 11/191 kB | 16/165 kB
Progress (2): 11/191 kB | 19/165 kB
Progress (3): 11/191 kB | 19/165 kB | 2.7/560 kB
Progress (4): 11/191 kB | 19/165 kB | 2.7/560 kB | 4.1/58 kB
Progress (5): 11/191 kB | 19/165 kB | 2.7/560 kB | 4.1/58 kB | 2.7/74 kB
Progress (5): 11/191 kB | 19/165 kB | 2.7/560 kB | 4.1/58 kB | 5.5/74 kB
Progress (5): 11/191 kB | 19/165 kB | 2.7/560 kB | 4.1/58 kB | 8.2/74 kB
Progress (5): 11/191 kB | 19/165 kB | 2.7/560 kB | 4.1/58 kB | 11/74 kB 
Progress (5): 11/191 kB | 19/165 kB | 2.7/560 kB | 4.1/58 kB | 14/74 kB
Progress (5): 11/191 kB | 19/165 kB | 2.7/560 kB | 4.1/58 kB | 16/74 kB
Progress (5): 11/191 kB | 19/165 kB | 2.7/560 kB | 4.1/58 kB | 19/74 kB
Progress (5): 14/191 kB | 19/165 kB | 2.7/560 kB | 4.1/58 kB | 19/74 kB
Progress (5): 16/191 kB | 19/165 kB | 2.7/560 kB | 4.1/58 kB | 19/74 kB
Progress (5): 19/191 kB | 19/165 kB | 2.7/560 kB | 4.1/58 kB | 19/74 kB
Progress (5): 22/191 kB | 19/165 kB | 2.7/560 kB | 4.1/58 kB | 19/74 kB
Progress (5): 25/191 kB | 19/165 kB | 2.7/560 kB | 4.1/58 kB | 19/74 kB
Progress (5): 27/191 kB | 19/165 kB | 2.7/560 kB | 4.1/58 kB | 19/74 kB
Progress (5): 30/191 kB | 19/165 kB | 2.7/560 kB | 4.1/58 kB | 19/74 kB
Progress (5): 30/191 kB | 22/165 kB | 2.7/560 kB | 4.1/58 kB | 19/74 kB
Progress (5): 30/191 kB | 22/165 kB | 5.5/560 kB | 4.1/58 kB | 19/74 kB
Progress (5): 30/191 kB | 22/165 kB | 5.5/560 kB | 8.2/58 kB | 19/74 kB
Progress (5): 30/191 kB | 22/165 kB | 5.5/560 kB | 12/58 kB | 19/74 kB 
Progress (5): 30/191 kB | 22/165 kB | 5.5/560 kB | 16/58 kB | 19/74 kB
Progress (5): 30/191 kB | 22/165 kB | 5.5/560 kB | 20/58 kB | 19/74 kB
Progress (5): 30/191 kB | 22/165 kB | 5.5/560 kB | 25/58 kB | 19/74 kB
Progress (5): 30/191 kB | 22/165 kB | 5.5/560 kB | 29/58 kB | 19/74 kB
Progress (5): 30/191 kB | 22/165 kB | 5.5/560 kB | 33/58 kB | 19/74 kB
Progress (5): 30/191 kB | 22/165 kB | 5.5/560 kB | 33/58 kB | 22/74 kB
Progress (5): 30/191 kB | 22/165 kB | 5.5/560 kB | 33/58 kB | 25/74 kB
Progress (5): 30/191 kB | 22/165 kB | 5.5/560 kB | 33/58 kB | 27/74 kB
Progress (5): 30/191 kB | 22/165 kB | 5.5/560 kB | 33/58 kB | 30/74 kB
Progress (5): 33/191 kB | 22/165 kB | 5.5/560 kB | 33/58 kB | 30/74 kB
Progress (5): 33/191 kB | 25/165 kB | 5.5/560 kB | 33/58 kB | 30/74 kB
Progress (5): 33/191 kB | 27/165 kB | 5.5/560 kB | 33/58 kB | 30/74 kB
Progress (5): 33/191 kB | 30/165 kB | 5.5/560 kB | 33/58 kB | 30/74 kB
Progress (5): 33/191 kB | 33/165 kB | 5.5/560 kB | 33/58 kB | 30/74 kB
Progress (5): 33/191 kB | 36/165 kB | 5.5/560 kB | 33/58 kB | 30/74 kB
Progress (5): 33/191 kB | 38/165 kB | 5.5/560 kB | 33/58 kB | 30/74 kB
Progress (5): 33/191 kB | 41/165 kB | 5.5/560 kB | 33/58 kB | 30/74 kB
Progress (5): 33/191 kB | 44/165 kB | 5.5/560 kB | 33/58 kB | 30/74 kB
Progress (5): 33/191 kB | 47/165 kB | 5.5/560 kB | 33/58 kB | 30/74 kB
Progress (5): 33/191 kB | 49/165 kB | 5.5/560 kB | 33/58 kB | 30/74 kB
Progress (5): 33/191 kB | 49/165 kB | 8.2/560 kB | 33/58 kB | 30/74 kB
Progress (5): 33/191 kB | 49/165 kB | 11/560 kB | 33/58 kB | 30/74 kB 
Progress (5): 33/191 kB | 49/165 kB | 14/560 kB | 33/58 kB | 30/74 kB
Progress (5): 33/191 kB | 49/165 kB | 16/560 kB | 33/58 kB | 30/74 kB
Progress (5): 33/191 kB | 49/165 kB | 19/560 kB | 33/58 kB | 30/74 kB
Progress (5): 33/191 kB | 49/165 kB | 22/560 kB | 33/58 kB | 30/74 kB
Progress (5): 33/191 kB | 49/165 kB | 25/560 kB | 33/58 kB | 30/74 kB
Progress (5): 33/191 kB | 49/165 kB | 27/560 kB | 33/58 kB | 30/74 kB
Progress (5): 33/191 kB | 49/165 kB | 30/560 kB | 33/58 kB | 30/74 kB
Progress (5): 36/191 kB | 49/165 kB | 30/560 kB | 33/58 kB | 30/74 kB
Progress (5): 38/191 kB | 49/165 kB | 30/560 kB | 33/58 kB | 30/74 kB
Progress (5): 41/191 kB | 49/165 kB | 30/560 kB | 33/58 kB | 30/74 kB
Progress (5): 41/191 kB | 49/165 kB | 30/560 kB | 33/58 kB | 33/74 kB
Progress (5): 41/191 kB | 49/165 kB | 30/560 kB | 33/58 kB | 36/74 kB
Progress (5): 41/191 kB | 49/165 kB | 30/560 kB | 33/58 kB | 38/74 kB
Progress (5): 41/191 kB | 49/165 kB | 30/560 kB | 33/58 kB | 41/74 kB
Progress (5): 41/191 kB | 49/165 kB | 30/560 kB | 37/58 kB | 41/74 kB
Progress (5): 41/191 kB | 49/165 kB | 30/560 kB | 41/58 kB | 41/74 kB
Progress (5): 41/191 kB | 49/165 kB | 30/560 kB | 45/58 kB | 41/74 kB
Progress (5): 41/191 kB | 49/165 kB | 30/560 kB | 49/58 kB | 41/74 kB
Progress (5): 41/191 kB | 49/165 kB | 30/560 kB | 53/58 kB | 41/74 kB
Progress (5): 41/191 kB | 49/165 kB | 30/560 kB | 57/58 kB | 41/74 kB
Progress (5): 41/191 kB | 49/165 kB | 30/560 kB | 58 kB | 41/74 kB   
Progress (5): 44/191 kB | 49/165 kB | 30/560 kB | 58 kB | 41/74 kB
Progress (5): 47/191 kB | 49/165 kB | 30/560 kB | 58 kB | 41/74 kB
Progress (5): 49/191 kB | 49/165 kB | 30/560 kB | 58 kB | 41/74 kB
Progress (5): 52/191 kB | 49/165 kB | 30/560 kB | 58 kB | 41/74 kB
Progress (5): 55/191 kB | 49/165 kB | 30/560 kB | 58 kB | 41/74 kB
Progress (5): 58/191 kB | 49/165 kB | 30/560 kB | 58 kB | 41/74 kB
Progress (5): 60/191 kB | 49/165 kB | 30/560 kB | 58 kB | 41/74 kB
Progress (5): 60/191 kB | 52/165 kB | 30/560 kB | 58 kB | 41/74 kB
Progress (5): 60/191 kB | 55/165 kB | 30/560 kB | 58 kB | 41/74 kB
Progress (5): 60/191 kB | 58/165 kB | 30/560 kB | 58 kB | 41/74 kB
Progress (5): 60/191 kB | 60/165 kB | 30/560 kB | 58 kB | 41/74 kB
Progress (5): 60/191 kB | 60/165 kB | 33/560 kB | 58 kB | 41/74 kB
Progress (5): 60/191 kB | 60/165 kB | 33/560 kB | 58 kB | 44/74 kB
Progress (5): 60/191 kB | 60/165 kB | 33/560 kB | 58 kB | 47/74 kB
Progress (5): 60/191 kB | 60/165 kB | 33/560 kB | 58 kB | 49/74 kB
Progress (5): 60/191 kB | 60/165 kB | 33/560 kB | 58 kB | 52/74 kB
Progress (5): 60/191 kB | 60/165 kB | 33/560 kB | 58 kB | 55/74 kB
Progress (5): 60/191 kB | 60/165 kB | 33/560 kB | 58 kB | 58/74 kB
Progress (5): 60/191 kB | 60/165 kB | 33/560 kB | 58 kB | 60/74 kB
                                                                  
Downloaded from central: https://repo.maven.apache.org/maven2/org/iq80/snappy/snappy/0.4/snappy-0.4.jar (58 kB at 384 kB/s)
Downloading from central: https://repo.maven.apache.org/maven2/org/tukaani/xz/1.8/xz-1.8.jar
Progress (4): 63/191 kB | 60/165 kB | 33/560 kB | 60/74 kB
Progress (4): 66/191 kB | 60/165 kB | 33/560 kB | 60/74 kB
Progress (4): 66/191 kB | 63/165 kB | 33/560 kB | 60/74 kB
Progress (4): 66/191 kB | 63/165 kB | 36/560 kB | 60/74 kB
Progress (4): 66/191 kB | 63/165 kB | 38/560 kB | 60/74 kB
Progress (4): 66/191 kB | 63/165 kB | 41/560 kB | 60/74 kB
Progress (4): 66/191 kB | 63/165 kB | 44/560 kB | 60/74 kB
Progress (4): 66/191 kB | 63/165 kB | 47/560 kB | 60/74 kB
Progress (4): 66/191 kB | 66/165 kB | 47/560 kB | 60/74 kB
Progress (4): 66/191 kB | 70/165 kB | 47/560 kB | 60/74 kB
Progress (4): 66/191 kB | 70/165 kB | 47/560 kB | 63/74 kB
Progress (4): 66/191 kB | 70/165 kB | 47/560 kB | 66/74 kB
Progress (4): 66/191 kB | 70/165 kB | 47/560 kB | 70/74 kB
Progress (4): 66/191 kB | 70/165 kB | 47/560 kB | 74/74 kB
Progress (4): 70/191 kB | 70/165 kB | 47/560 kB | 74/74 kB
Progress (4): 74/191 kB | 70/165 kB | 47/560 kB | 74/74 kB
Progress (4): 78/191 kB | 70/165 kB | 47/560 kB | 74/74 kB
Progress (4): 82/191 kB | 70/165 kB | 47/560 kB | 74/74 kB
Progress (4): 86/191 kB | 70/165 kB | 47/560 kB | 74/74 kB
Progress (4): 90/191 kB | 70/165 kB | 47/560 kB | 74/74 kB
Progress (4): 94/191 kB | 70/165 kB | 47/560 kB | 74/74 kB
Progress (4): 99/191 kB | 70/165 kB | 47/560 kB | 74/74 kB
Progress (4): 99/191 kB | 70/165 kB | 49/560 kB | 74/74 kB
Progress (4): 99/191 kB | 70/165 kB | 52/560 kB | 74/74 kB
Progress (4): 99/191 kB | 70/165 kB | 55/560 kB | 74/74 kB
Progress (4): 99/191 kB | 70/165 kB | 58/560 kB | 74/74 kB
Progress (4): 99/191 kB | 70/165 kB | 60/560 kB | 74/74 kB
Progress (4): 99/191 kB | 70/165 kB | 63/560 kB | 74/74 kB
Progress (4): 99/191 kB | 70/165 kB | 66/560 kB | 74/74 kB
Progress (4): 99/191 kB | 70/165 kB | 70/560 kB | 74/74 kB
Progress (4): 99/191 kB | 70/165 kB | 74/560 kB | 74/74 kB
Progress (4): 99/191 kB | 70/165 kB | 78/560 kB | 74/74 kB
Progress (5): 99/191 kB | 70/165 kB | 78/560 kB | 74/74 kB | 4.1/109 kB
Progress (5): 99/191 kB | 70/165 kB | 78/560 kB | 74/74 kB | 8.2/109 kB
Progress (5): 99/191 kB | 70/165 kB | 78/560 kB | 74/74 kB | 12/109 kB 
Progress (5): 99/191 kB | 70/165 kB | 78/560 kB | 74/74 kB | 16/109 kB
Progress (5): 99/191 kB | 70/165 kB | 78/560 kB | 74/74 kB | 20/109 kB
Progress (5): 99/191 kB | 70/165 kB | 78/560 kB | 74/74 kB | 25/109 kB
Progress (5): 99/191 kB | 70/165 kB | 78/560 kB | 74/74 kB | 29/109 kB
Progress (5): 99/191 kB | 70/165 kB | 78/560 kB | 74/74 kB | 33/109 kB
Progress (5): 99/191 kB | 70/165 kB | 78/560 kB | 74/74 kB | 37/109 kB
Progress (5): 103/191 kB | 70/165 kB | 78/560 kB | 74/74 kB | 37/109 kB
Progress (5): 103/191 kB | 70/165 kB | 78/560 kB | 74 kB | 37/109 kB   
Progress (5): 103/191 kB | 74/165 kB | 78/560 kB | 74 kB | 37/109 kB
Progress (5): 103/191 kB | 78/165 kB | 78/560 kB | 74 kB | 37/109 kB
Progress (5): 103/191 kB | 82/165 kB | 78/560 kB | 74 kB | 37/109 kB
Progress (5): 103/191 kB | 86/165 kB | 78/560 kB | 74 kB | 37/109 kB
Progress (5): 103/191 kB | 90/165 kB | 78/560 kB | 74 kB | 37/109 kB
Progress (5): 103/191 kB | 94/165 kB | 78/560 kB | 74 kB | 37/109 kB
Progress (5): 103/191 kB | 99/165 kB | 78/560 kB | 74 kB | 37/109 kB
                                                                    
Downloaded from central: https://repo.maven.apache.org/maven2/org/codehaus/plexus/plexus-io/3.0.1/plexus-io-3.0.1.jar (74 kB at 376 kB/s)
Downloading from central: https://repo.maven.apache.org/maven2/org/codehaus/plexus/plexus-interpolation/1.25/plexus-interpolation-1.25.jar
Progress (4): 107/191 kB | 99/165 kB | 78/560 kB | 37/109 kB
Progress (4): 111/191 kB | 99/165 kB | 78/560 kB | 37/109 kB
Progress (4): 115/191 kB | 99/165 kB | 78/560 kB | 37/109 kB
Progress (4): 119/191 kB | 99/165 kB | 78/560 kB | 37/109 kB
Progress (4): 123/191 kB | 99/165 kB | 78/560 kB | 37/109 kB
Progress (4): 123/191 kB | 99/165 kB | 82/560 kB | 37/109 kB
Progress (4): 123/191 kB | 103/165 kB | 82/560 kB | 37/109 kB
Progress (4): 123/191 kB | 107/165 kB | 82/560 kB | 37/109 kB
Progress (4): 123/191 kB | 111/165 kB | 82/560 kB | 37/109 kB
Progress (4): 123/191 kB | 115/165 kB | 82/560 kB | 37/109 kB
Progress (4): 123/191 kB | 119/165 kB | 82/560 kB | 37/109 kB
Progress (4): 127/191 kB | 119/165 kB | 82/560 kB | 37/109 kB
Progress (4): 131/191 kB | 119/165 kB | 82/560 kB | 37/109 kB
Progress (4): 135/191 kB | 119/165 kB | 82/560 kB | 37/109 kB
Progress (4): 140/191 kB | 119/165 kB | 82/560 kB | 37/109 kB
Progress (4): 144/191 kB | 119/165 kB | 82/560 kB | 37/109 kB
Progress (4): 148/191 kB | 119/165 kB | 82/560 kB | 37/109 kB
Progress (4): 152/191 kB | 119/165 kB | 82/560 kB | 37/109 kB
Progress (4): 156/191 kB | 119/165 kB | 82/560 kB | 37/109 kB
Progress (4): 160/191 kB | 119/165 kB | 82/560 kB | 37/109 kB
Progress (4): 164/191 kB | 119/165 kB | 82/560 kB | 37/109 kB
Progress (4): 168/191 kB | 119/165 kB | 82/560 kB | 37/109 kB
Progress (4): 172/191 kB | 119/165 kB | 82/560 kB | 37/109 kB
Progress (4): 172/191 kB | 119/165 kB | 82/560 kB | 41/109 kB
Progress (4): 172/191 kB | 119/165 kB | 82/560 kB | 45/109 kB
Progress (4): 172/191 kB | 119/165 kB | 82/560 kB | 49/109 kB
Progress (4): 172/191 kB | 119/165 kB | 86/560 kB | 49/109 kB
Progress (4): 172/191 kB | 119/165 kB | 90/560 kB | 49/109 kB
Progress (4): 172/191 kB | 119/165 kB | 94/560 kB | 49/109 kB
Progress (4): 172/191 kB | 119/165 kB | 99/560 kB | 49/109 kB
Progress (4): 172/191 kB | 119/165 kB | 103/560 kB | 49/109 kB
Progress (4): 172/191 kB | 119/165 kB | 107/560 kB | 49/109 kB
Progress (5): 172/191 kB | 119/165 kB | 107/560 kB | 49/109 kB | 4.1/85 kB
Progress (5): 172/191 kB | 119/165 kB | 107/560 kB | 49/109 kB | 8.2/85 kB
Progress (5): 172/191 kB | 119/165 kB | 107/560 kB | 49/109 kB | 12/85 kB 
Progress (5): 172/191 kB | 119/165 kB | 107/560 kB | 49/109 kB | 16/85 kB
Progress (5): 172/191 kB | 119/165 kB | 107/560 kB | 49/109 kB | 20/85 kB
Progress (5): 172/191 kB | 123/165 kB | 107/560 kB | 49/109 kB | 20/85 kB
Progress (5): 172/191 kB | 123/165 kB | 107/560 kB | 53/109 kB | 20/85 kB
Progress (5): 172/191 kB | 123/165 kB | 107/560 kB | 57/109 kB | 20/85 kB
Progress (5): 172/191 kB | 123/165 kB | 107/560 kB | 61/109 kB | 20/85 kB
Progress (5): 172/191 kB | 123/165 kB | 107/560 kB | 66/109 kB | 20/85 kB
Progress (5): 172/191 kB | 123/165 kB | 107/560 kB | 70/109 kB | 20/85 kB
Progress (5): 172/191 kB | 123/165 kB | 107/560 kB | 74/109 kB | 20/85 kB
Progress (5): 172/191 kB | 123/165 kB | 107/560 kB | 78/109 kB | 20/85 kB
Progress (5): 172/191 kB | 123/165 kB | 107/560 kB | 82/109 kB | 20/85 kB
Progress (5): 172/191 kB | 123/165 kB | 111/560 kB | 82/109 kB | 20/85 kB
Progress (5): 172/191 kB | 123/165 kB | 115/560 kB | 82/109 kB | 20/85 kB
Progress (5): 172/191 kB | 123/165 kB | 115/560 kB | 82/109 kB | 25/85 kB
Progress (5): 172/191 kB | 127/165 kB | 115/560 kB | 82/109 kB | 25/85 kB
Progress (5): 172/191 kB | 131/165 kB | 115/560 kB | 82/109 kB | 25/85 kB
Progress (5): 172/191 kB | 135/165 kB | 115/560 kB | 82/109 kB | 25/85 kB
Progress (5): 172/191 kB | 140/165 kB | 115/560 kB | 82/109 kB | 25/85 kB
Progress (5): 172/191 kB | 144/165 kB | 115/560 kB | 82/109 kB | 25/85 kB
Progress (5): 172/191 kB | 144/165 kB | 119/560 kB | 82/109 kB | 25/85 kB
Progress (5): 172/191 kB | 144/165 kB | 123/560 kB | 82/109 kB | 25/85 kB
Progress (5): 172/191 kB | 144/165 kB | 127/560 kB | 82/109 kB | 25/85 kB
Progress (5): 172/191 kB | 144/165 kB | 131/560 kB | 82/109 kB | 25/85 kB
Progress (5): 172/191 kB | 144/165 kB | 135/560 kB | 82/109 kB | 25/85 kB
Progress (5): 172/191 kB | 144/165 kB | 140/560 kB | 82/109 kB | 25/85 kB
Progress (5): 172/191 kB | 144/165 kB | 144/560 kB | 82/109 kB | 25/85 kB
Progress (5): 172/191 kB | 144/165 kB | 148/560 kB | 82/109 kB | 25/85 kB
Progress (5): 172/191 kB | 144/165 kB | 148/560 kB | 86/109 kB | 25/85 kB
Progress (5): 172/191 kB | 144/165 kB | 148/560 kB | 86/109 kB | 29/85 kB
Progress (5): 172/191 kB | 144/165 kB | 148/560 kB | 86/109 kB | 33/85 kB
Progress (5): 172/191 kB | 144/165 kB | 148/560 kB | 86/109 kB | 37/85 kB
Progress (5): 172/191 kB | 144/165 kB | 148/560 kB | 86/109 kB | 41/85 kB
Progress (5): 172/191 kB | 144/165 kB | 148/560 kB | 86/109 kB | 45/85 kB
Progress (5): 172/191 kB | 144/165 kB | 148/560 kB | 86/109 kB | 49/85 kB
Progress (5): 172/191 kB | 144/165 kB | 148/560 kB | 86/109 kB | 53/85 kB
Progress (5): 172/191 kB | 144/165 kB | 148/560 kB | 86/109 kB | 57/85 kB
Progress (5): 172/191 kB | 144/165 kB | 148/560 kB | 86/109 kB | 61/85 kB
Progress (5): 172/191 kB | 144/165 kB | 148/560 kB | 86/109 kB | 66/85 kB
Progress (5): 172/191 kB | 148/165 kB | 148/560 kB | 86/109 kB | 66/85 kB
Progress (5): 172/191 kB | 152/165 kB | 148/560 kB | 86/109 kB | 66/85 kB
Progress (5): 172/191 kB | 156/165 kB | 148/560 kB | 86/109 kB | 66/85 kB
Progress (5): 172/191 kB | 160/165 kB | 148/560 kB | 86/109 kB | 66/85 kB
Progress (5): 172/191 kB | 164/165 kB | 148/560 kB | 86/109 kB | 66/85 kB
Progress (5): 172/191 kB | 165 kB | 148/560 kB | 86/109 kB | 66/85 kB    
Progress (5): 172/191 kB | 165 kB | 152/560 kB | 86/109 kB | 66/85 kB
Progress (5): 176/191 kB | 165 kB | 152/560 kB | 86/109 kB | 66/85 kB
Progress (5): 180/191 kB | 165 kB | 152/560 kB | 86/109 kB | 66/85 kB
Progress (5): 185/191 kB | 165 kB | 152/560 kB | 86/109 kB | 66/85 kB
Progress (5): 189/191 kB | 165 kB | 152/560 kB | 86/109 kB | 66/85 kB
Progress (5): 191 kB | 165 kB | 152/560 kB | 86/109 kB | 66/85 kB    
Progress (5): 191 kB | 165 kB | 152/560 kB | 90/109 kB | 66/85 kB
Progress (5): 191 kB | 165 kB | 152/560 kB | 94/109 kB | 66/85 kB
Progress (5): 191 kB | 165 kB | 152/560 kB | 98/109 kB | 66/85 kB
Progress (5): 191 kB | 165 kB | 152/560 kB | 102/109 kB | 66/85 kB
Progress (5): 191 kB | 165 kB | 152/560 kB | 106/109 kB | 66/85 kB
Progress (5): 191 kB | 165 kB | 152/560 kB | 109 kB | 66/85 kB    
                                                              
Downloaded from central: https://repo.maven.apache.org/maven2/org/codehaus/plexus/plexus-archiver/3.6.0/plexus-archiver-3.6.0.jar (191 kB at 706 kB/s)
Progress (4): 165 kB | 152/560 kB | 109 kB | 70/85 kB
Progress (4): 165 kB | 152/560 kB | 109 kB | 74/85 kB
Progress (4): 165 kB | 152/560 kB | 109 kB | 78/85 kB
Progress (4): 165 kB | 152/560 kB | 109 kB | 82/85 kB
Progress (4): 165 kB | 152/560 kB | 109 kB | 85 kB   
                                                  
Downloaded from central: https://repo.maven.apache.org/maven2/org/apache/maven/shared/maven-shared-utils/3.2.0/maven-shared-utils-3.2.0.jar (165 kB at 591 kB/s)
Downloaded from central: https://repo.maven.apache.org/maven2/org/tukaani/xz/1.8/xz-1.8.jar (109 kB at 398 kB/s)
Progress (2): 156/560 kB | 85 kB
Progress (2): 160/560 kB | 85 kB
Progress (2): 164/560 kB | 85 kB
Progress (2): 168/560 kB | 85 kB
Progress (2): 172/560 kB | 85 kB
Progress (2): 176/560 kB | 85 kB
Progress (2): 180/560 kB | 85 kB
Progress (2): 185/560 kB | 85 kB
Progress (2): 189/560 kB | 85 kB
Progress (2): 193/560 kB | 85 kB
Progress (2): 197/560 kB | 85 kB
Progress (2): 201/560 kB | 85 kB
                                
Downloading from central: https://repo.maven.apache.org/maven2/com/thoughtworks/xstream/xstream/1.4.10/xstream-1.4.10.jar
Downloading from central: https://repo.maven.apache.org/maven2/xpp3/xpp3_min/1.1.4c/xpp3_min-1.1.4c.jar
Downloading from central: https://repo.maven.apache.org/maven2/xmlpull/xmlpull/1.1.3.1/xmlpull-1.1.3.1.jar
Progress (2): 205/560 kB | 85 kB
Progress (2): 209/560 kB | 85 kB
Progress (2): 213/560 kB | 85 kB
Progress (3): 213/560 kB | 85 kB | 4.1/590 kB
Progress (3): 213/560 kB | 85 kB | 8.2/590 kB
Progress (3): 213/560 kB | 85 kB | 12/590 kB 
Progress (3): 213/560 kB | 85 kB | 16/590 kB
Progress (4): 213/560 kB | 85 kB | 16/590 kB | 4.1/25 kB
Progress (4): 213/560 kB | 85 kB | 16/590 kB | 8.2/25 kB
Progress (4): 213/560 kB | 85 kB | 16/590 kB | 12/25 kB 
Progress (4): 213/560 kB | 85 kB | 16/590 kB | 16/25 kB
Progress (4): 213/560 kB | 85 kB | 16/590 kB | 20/25 kB
Progress (4): 213/560 kB | 85 kB | 16/590 kB | 25/25 kB
Progress (4): 213/560 kB | 85 kB | 16/590 kB | 25 kB   
Progress (5): 213/560 kB | 85 kB | 16/590 kB | 25 kB | 4.1/7.2 kB
Progress (5): 213/560 kB | 85 kB | 16/590 kB | 25 kB | 7.2 kB    
Progress (5): 217/560 kB | 85 kB | 16/590 kB | 25 kB | 7.2 kB
Progress (5): 221/560 kB | 85 kB | 16/590 kB | 25 kB | 7.2 kB
Progress (5): 226/560 kB | 85 kB | 16/590 kB | 25 kB | 7.2 kB
Progress (5): 230/560 kB | 85 kB | 16/590 kB | 25 kB | 7.2 kB
Progress (5): 230/560 kB | 85 kB | 20/590 kB | 25 kB | 7.2 kB
Progress (5): 230/560 kB | 85 kB | 25/590 kB | 25 kB | 7.2 kB
Progress (5): 230/560 kB | 85 kB | 29/590 kB | 25 kB | 7.2 kB
Progress (5): 230/560 kB | 85 kB | 33/590 kB | 25 kB | 7.2 kB
Progress (5): 230/560 kB | 85 kB | 37/590 kB | 25 kB | 7.2 kB
Progress (5): 230/560 kB | 85 kB | 41/590 kB | 25 kB | 7.2 kB
                                                             
Downloaded from central: https://repo.maven.apache.org/maven2/xpp3/xpp3_min/1.1.4c/xpp3_min-1.1.4c.jar (25 kB at 78 kB/s)
Downloaded from central: https://repo.maven.apache.org/maven2/org/codehaus/plexus/plexus-interpolation/1.25/plexus-interpolation-1.25.jar (85 kB at 267 kB/s)
Downloading from central: https://repo.maven.apache.org/maven2/org/apache/maven/shared/maven-mapping/3.0.0/maven-mapping-3.0.0.jar
Downloaded from central: https://repo.maven.apache.org/maven2/xmlpull/xmlpull/1.1.3.1/xmlpull-1.1.3.1.jar (7.2 kB at 22 kB/s)
Progress (2): 230/560 kB | 45/590 kB
Progress (2): 230/560 kB | 49/590 kB
Progress (2): 234/560 kB | 49/590 kB
Progress (2): 238/560 kB | 49/590 kB
Progress (2): 242/560 kB | 49/590 kB
Progress (2): 246/560 kB | 49/590 kB
Progress (3): 246/560 kB | 49/590 kB | 4.1/11 kB
Progress (3): 246/560 kB | 49/590 kB | 8.2/11 kB
Progress (3): 246/560 kB | 49/590 kB | 11 kB    
Progress (3): 250/560 kB | 49/590 kB | 11 kB
Progress (3): 254/560 kB | 49/590 kB | 11 kB
Progress (3): 258/560 kB | 49/590 kB | 11 kB
Progress (3): 262/560 kB | 49/590 kB | 11 kB
Progress (3): 267/560 kB | 49/590 kB | 11 kB
                                            
Downloaded from central: https://repo.maven.apache.org/maven2/org/apache/maven/shared/maven-mapping/3.0.0/maven-mapping-3.0.0.jar (11 kB at 31 kB/s)
Progress (2): 267/560 kB | 53/590 kB
Progress (2): 267/560 kB | 57/590 kB
Progress (2): 267/560 kB | 61/590 kB
Progress (2): 267/560 kB | 66/590 kB
Progress (2): 267/560 kB | 70/590 kB
Progress (2): 267/560 kB | 73/590 kB
Progress (2): 267/560 kB | 77/590 kB
Progress (2): 267/560 kB | 81/590 kB
Progress (2): 267/560 kB | 85/590 kB
Progress (2): 267/560 kB | 89/590 kB
Progress (2): 267/560 kB | 93/590 kB
Progress (2): 267/560 kB | 97/590 kB
Progress (2): 271/560 kB | 97/590 kB
Progress (2): 275/560 kB | 97/590 kB
Progress (2): 279/560 kB | 97/590 kB
Progress (2): 283/560 kB | 97/590 kB
Progress (2): 287/560 kB | 97/590 kB
Progress (2): 291/560 kB | 97/590 kB
Progress (2): 295/560 kB | 97/590 kB
Progress (2): 299/560 kB | 97/590 kB
Progress (2): 299/560 kB | 101/590 kB
Progress (2): 299/560 kB | 105/590 kB
Progress (2): 303/560 kB | 105/590 kB
Progress (2): 307/560 kB | 105/590 kB
Progress (2): 312/560 kB | 105/590 kB
Progress (2): 316/560 kB | 105/590 kB
Progress (2): 320/560 kB | 105/590 kB
Progress (2): 324/560 kB | 105/590 kB
Progress (2): 328/560 kB | 105/590 kB
Progress (2): 332/560 kB | 105/590 kB
Progress (2): 336/560 kB | 105/590 kB
Progress (2): 340/560 kB | 105/590 kB
Progress (2): 344/560 kB | 105/590 kB
Progress (2): 348/560 kB | 105/590 kB
Progress (2): 353/560 kB | 105/590 kB
Progress (2): 357/560 kB | 105/590 kB
Progress (2): 361/560 kB | 105/590 kB
Progress (2): 365/560 kB | 105/590 kB
Progress (2): 369/560 kB | 105/590 kB
Progress (2): 369/560 kB | 109/590 kB
Progress (2): 369/560 kB | 114/590 kB
Progress (2): 369/560 kB | 118/590 kB
Progress (2): 369/560 kB | 122/590 kB
Progress (2): 369/560 kB | 126/590 kB
Progress (2): 369/560 kB | 130/590 kB
Progress (2): 369/560 kB | 134/590 kB
Progress (2): 369/560 kB | 138/590 kB
Progress (2): 369/560 kB | 142/590 kB
Progress (2): 369/560 kB | 146/590 kB
Progress (2): 369/560 kB | 150/590 kB
Progress (2): 369/560 kB | 154/590 kB
Progress (2): 373/560 kB | 154/590 kB
Progress (2): 377/560 kB | 154/590 kB
Progress (2): 381/560 kB | 154/590 kB
Progress (2): 385/560 kB | 154/590 kB
Progress (2): 389/560 kB | 154/590 kB
Progress (2): 393/560 kB | 154/590 kB
Progress (2): 398/560 kB | 154/590 kB
Progress (2): 402/560 kB | 154/590 kB
Progress (2): 402/560 kB | 159/590 kB
Progress (2): 402/560 kB | 163/590 kB
Progress (2): 402/560 kB | 167/590 kB
Progress (2): 402/560 kB | 171/590 kB
Progress (2): 402/560 kB | 175/590 kB
Progress (2): 402/560 kB | 179/590 kB
Progress (2): 406/560 kB | 179/590 kB
Progress (2): 410/560 kB | 179/590 kB
Progress (2): 414/560 kB | 179/590 kB
Progress (2): 418/560 kB | 179/590 kB
Progress (2): 422/560 kB | 179/590 kB
Progress (2): 426/560 kB | 179/590 kB
Progress (2): 426/560 kB | 183/590 kB
Progress (2): 426/560 kB | 187/590 kB
Progress (2): 426/560 kB | 191/590 kB
Progress (2): 426/560 kB | 195/590 kB
Progress (2): 426/560 kB | 200/590 kB
Progress (2): 426/560 kB | 204/590 kB
Progress (2): 426/560 kB | 208/590 kB
Progress (2): 426/560 kB | 212/590 kB
Progress (2): 430/560 kB | 212/590 kB
Progress (2): 434/560 kB | 212/590 kB
Progress (2): 439/560 kB | 212/590 kB
Progress (2): 443/560 kB | 212/590 kB
Progress (2): 447/560 kB | 212/590 kB
Progress (2): 451/560 kB | 212/590 kB
Progress (2): 455/560 kB | 212/590 kB
Progress (2): 459/560 kB | 212/590 kB
Progress (2): 459/560 kB | 216/590 kB
Progress (2): 459/560 kB | 220/590 kB
Progress (2): 459/560 kB | 224/590 kB
Progress (2): 459/560 kB | 228/590 kB
Progress (2): 459/560 kB | 232/590 kB
Progress (2): 459/560 kB | 236/590 kB
Progress (2): 459/560 kB | 240/590 kB
Progress (2): 459/560 kB | 245/590 kB
Progress (2): 463/560 kB | 245/590 kB
Progress (2): 467/560 kB | 245/590 kB
Progress (2): 471/560 kB | 245/590 kB
Progress (2): 475/560 kB | 245/590 kB
Progress (2): 480/560 kB | 245/590 kB
Progress (2): 484/560 kB | 245/590 kB
Progress (2): 488/560 kB | 245/590 kB
Progress (2): 492/560 kB | 245/590 kB
Progress (2): 492/560 kB | 249/590 kB
Progress (2): 492/560 kB | 253/590 kB
Progress (2): 492/560 kB | 257/590 kB
Progress (2): 492/560 kB | 261/590 kB
Progress (2): 492/560 kB | 265/590 kB
Progress (2): 492/560 kB | 269/590 kB
Progress (2): 492/560 kB | 273/590 kB
Progress (2): 492/560 kB | 277/590 kB
Progress (2): 492/560 kB | 281/590 kB
Progress (2): 496/560 kB | 281/590 kB
Progress (2): 500/560 kB | 281/590 kB
Progress (2): 504/560 kB | 281/590 kB
Progress (2): 508/560 kB | 281/590 kB
Progress (2): 512/560 kB | 281/590 kB
Progress (2): 516/560 kB | 281/590 kB
Progress (2): 520/560 kB | 281/590 kB
Progress (2): 525/560 kB | 281/590 kB
Progress (2): 529/560 kB | 281/590 kB
Progress (2): 529/560 kB | 286/590 kB
Progress (2): 529/560 kB | 290/590 kB
Progress (2): 529/560 kB | 292/590 kB
Progress (2): 529/560 kB | 296/590 kB
Progress (2): 529/560 kB | 300/590 kB
Progress (2): 529/560 kB | 304/590 kB
Progress (2): 529/560 kB | 308/590 kB
Progress (2): 529/560 kB | 312/590 kB
Progress (2): 533/560 kB | 312/590 kB
Progress (2): 537/560 kB | 312/590 kB
Progress (2): 541/560 kB | 312/590 kB
Progress (2): 545/560 kB | 312/590 kB
Progress (2): 549/560 kB | 312/590 kB
Progress (2): 553/560 kB | 312/590 kB
Progress (2): 557/560 kB | 312/590 kB
Progress (2): 560 kB | 312/590 kB    
Progress (2): 560 kB | 316/590 kB
Progress (2): 560 kB | 320/590 kB
Progress (2): 560 kB | 325/590 kB
Progress (2): 560 kB | 329/590 kB
Progress (2): 560 kB | 333/590 kB
Progress (2): 560 kB | 337/590 kB
Progress (2): 560 kB | 341/590 kB
Progress (2): 560 kB | 345/590 kB
Progress (2): 560 kB | 349/590 kB
Progress (2): 560 kB | 353/590 kB
Progress (2): 560 kB | 357/590 kB
Progress (2): 560 kB | 361/590 kB
Progress (2): 560 kB | 366/590 kB
                                 
Downloaded from central: https://repo.maven.apache.org/maven2/org/apache/commons/commons-compress/1.16.1/commons-compress-1.16.1.jar (560 kB at 1.2 MB/s)
Progress (1): 370/590 kB
Progress (1): 374/590 kB
Progress (1): 378/590 kB
Progress (1): 382/590 kB
Progress (1): 386/590 kB
Progress (1): 390/590 kB
Progress (1): 394/590 kB
Progress (1): 398/590 kB
Progress (1): 402/590 kB
Progress (1): 407/590 kB
Progress (1): 411/590 kB
Progress (1): 415/590 kB
Progress (1): 419/590 kB
Progress (1): 423/590 kB
Progress (1): 427/590 kB
Progress (1): 431/590 kB
Progress (1): 435/590 kB
Progress (1): 439/590 kB
Progress (1): 443/590 kB
Progress (1): 447/590 kB
Progress (1): 452/590 kB
Progress (1): 456/590 kB
Progress (1): 460/590 kB
Progress (1): 464/590 kB
Progress (1): 468/590 kB
Progress (1): 472/590 kB
Progress (1): 476/590 kB
Progress (1): 480/590 kB
Progress (1): 484/590 kB
Progress (1): 488/590 kB
Progress (1): 493/590 kB
Progress (1): 497/590 kB
Progress (1): 501/590 kB
Progress (1): 505/590 kB
Progress (1): 509/590 kB
Progress (1): 511/590 kB
Progress (1): 515/590 kB
Progress (1): 519/590 kB
Progress (1): 523/590 kB
Progress (1): 527/590 kB
Progress (1): 532/590 kB
Progress (1): 536/590 kB
Progress (1): 540/590 kB
Progress (1): 544/590 kB
Progress (1): 548/590 kB
Progress (1): 552/590 kB
Progress (1): 556/590 kB
Progress (1): 560/590 kB
Progress (1): 564/590 kB
Progress (1): 568/590 kB
Progress (1): 573/590 kB
Progress (1): 577/590 kB
Progress (1): 581/590 kB
Progress (1): 585/590 kB
Progress (1): 589/590 kB
Progress (1): 590 kB    
                    
Downloaded from central: https://repo.maven.apache.org/maven2/com/thoughtworks/xstream/xstream/1.4.10/xstream-1.4.10.jar (590 kB at 1.1 MB/s)
[INFO] Packaging webapp
[INFO] Assembling webapp [auth-course] in [/var/jenkins_home/workspace/project-ecommerce-application/starter_code/target/auth-course-0.0.1-SNAPSHOT]
[INFO] Processing war project
[INFO] Webapp assembled in [439 msecs]
[INFO] Building war: /var/jenkins_home/workspace/project-ecommerce-application/starter_code/target/auth-course-0.0.1-SNAPSHOT.war
[INFO] 
[INFO] --- spring-boot-maven-plugin:2.1.5.RELEASE:repackage (repackage) @ auth-course ---
Downloading from central: https://repo.maven.apache.org/maven2/org/springframework/boot/spring-boot-loader-tools/2.1.5.RELEASE/spring-boot-loader-tools-2.1.5.RELEASE.pom
Progress (1): 2.7 kB
                    
Downloaded from central: https://repo.maven.apache.org/maven2/org/springframework/boot/spring-boot-loader-tools/2.1.5.RELEASE/spring-boot-loader-tools-2.1.5.RELEASE.pom (2.7 kB at 190 kB/s)
Downloading from central: https://repo.maven.apache.org/maven2/org/apache/commons/commons-compress/1.18/commons-compress-1.18.pom
Progress (1): 4.1/18 kB
Progress (1): 8.2/18 kB
Progress (1): 12/18 kB 
Progress (1): 16/18 kB
Progress (1): 18 kB   
                   
Downloaded from central: https://repo.maven.apache.org/maven2/org/apache/commons/commons-compress/1.18/commons-compress-1.18.pom (18 kB at 675 kB/s)
Downloading from central: https://repo.maven.apache.org/maven2/org/apache/commons/commons-parent/47/commons-parent-47.pom
Progress (1): 4.1/78 kB
Progress (1): 8.2/78 kB
Progress (1): 12/78 kB 
Progress (1): 16/78 kB
Progress (1): 20/78 kB
Progress (1): 25/78 kB
Progress (1): 29/78 kB
Progress (1): 33/78 kB
Progress (1): 37/78 kB
Progress (1): 41/78 kB
Progress (1): 45/78 kB
Progress (1): 49/78 kB
Progress (1): 53/78 kB
Progress (1): 57/78 kB
Progress (1): 61/78 kB
Progress (1): 66/78 kB
Progress (1): 70/78 kB
Progress (1): 74/78 kB
Progress (1): 78 kB   
                   
Downloaded from central: https://repo.maven.apache.org/maven2/org/apache/commons/commons-parent/47/commons-parent-47.pom (78 kB at 2.3 MB/s)
Downloading from central: https://repo.maven.apache.org/maven2/org/codehaus/plexus/plexus-component-annotations/1.5.5/plexus-component-annotations-1.5.5.pom
Progress (1): 815 B
                   
Downloaded from central: https://repo.maven.apache.org/maven2/org/codehaus/plexus/plexus-component-annotations/1.5.5/plexus-component-annotations-1.5.5.pom (815 B at 74 kB/s)
Downloading from central: https://repo.maven.apache.org/maven2/org/codehaus/plexus/plexus-containers/1.5.5/plexus-containers-1.5.5.pom
Progress (1): 4.1/4.2 kB
Progress (1): 4.2 kB    
                    
Downloaded from central: https://repo.maven.apache.org/maven2/org/codehaus/plexus/plexus-containers/1.5.5/plexus-containers-1.5.5.pom (4.2 kB at 283 kB/s)
Downloading from central: https://repo.maven.apache.org/maven2/org/codehaus/plexus/plexus-component-annotations/1.5.4/plexus-component-annotations-1.5.4.pom
Progress (1): 815 B
                   
Downloaded from central: https://repo.maven.apache.org/maven2/org/codehaus/plexus/plexus-component-annotations/1.5.4/plexus-component-annotations-1.5.4.pom (815 B at 82 kB/s)
Downloading from central: https://repo.maven.apache.org/maven2/org/codehaus/plexus/plexus-containers/1.5.4/plexus-containers-1.5.4.pom
Progress (1): 4.1/4.2 kB
Progress (1): 4.2 kB    
                    
Downloaded from central: https://repo.maven.apache.org/maven2/org/codehaus/plexus/plexus-containers/1.5.4/plexus-containers-1.5.4.pom (4.2 kB at 424 kB/s)
Downloading from central: https://repo.maven.apache.org/maven2/org/codehaus/plexus/plexus/2.0.5/plexus-2.0.5.pom
Progress (1): 4.1/17 kB
Progress (1): 8.2/17 kB
Progress (1): 12/17 kB 
Progress (1): 16/17 kB
Progress (1): 17 kB   
                   
Downloaded from central: https://repo.maven.apache.org/maven2/org/codehaus/plexus/plexus/2.0.5/plexus-2.0.5.pom (17 kB at 913 kB/s)
Downloading from central: https://repo.maven.apache.org/maven2/org/apache/maven/maven-artifact/3.3.9/maven-artifact-3.3.9.pom
Progress (1): 2.1 kB
                    
Downloaded from central: https://repo.maven.apache.org/maven2/org/apache/maven/maven-artifact/3.3.9/maven-artifact-3.3.9.pom (2.1 kB at 194 kB/s)
Downloading from central: https://repo.maven.apache.org/maven2/org/apache/maven/maven/3.3.9/maven-3.3.9.pom
Progress (1): 4.1/24 kB
Progress (1): 8.2/24 kB
Progress (1): 12/24 kB 
Progress (1): 16/24 kB
Progress (1): 20/24 kB
Progress (1): 24 kB   
                   
Downloaded from central: https://repo.maven.apache.org/maven2/org/apache/maven/maven/3.3.9/maven-3.3.9.pom (24 kB at 1.5 MB/s)
Downloading from central: https://repo.maven.apache.org/maven2/org/apache/commons/commons-lang3/3.8.1/commons-lang3-3.8.1.pom
Progress (1): 4.1/28 kB
Progress (1): 8.2/28 kB
Progress (1): 12/28 kB 
Progress (1): 16/28 kB
Progress (1): 20/28 kB
Progress (1): 25/28 kB
Progress (1): 28 kB   
                   
Downloaded from central: https://repo.maven.apache.org/maven2/org/apache/commons/commons-lang3/3.8.1/commons-lang3-3.8.1.pom (28 kB at 1.3 MB/s)
Downloading from central: https://repo.maven.apache.org/maven2/org/apache/maven/maven-core/3.3.9/maven-core-3.3.9.pom
Progress (1): 4.1/8.3 kB
Progress (1): 8.2/8.3 kB
Progress (1): 8.3 kB    
                    
Downloaded from central: https://repo.maven.apache.org/maven2/org/apache/maven/maven-core/3.3.9/maven-core-3.3.9.pom (8.3 kB at 518 kB/s)
Downloading from central: https://repo.maven.apache.org/maven2/org/apache/maven/maven-model/3.3.9/maven-model-3.3.9.pom
Progress (1): 4.0 kB
                    
Downloaded from central: https://repo.maven.apache.org/maven2/org/apache/maven/maven-model/3.3.9/maven-model-3.3.9.pom (4.0 kB at 367 kB/s)
Downloading from central: https://repo.maven.apache.org/maven2/org/apache/maven/maven-settings/3.3.9/maven-settings-3.3.9.pom
Progress (1): 1.8 kB
                    
Downloaded from central: https://repo.maven.apache.org/maven2/org/apache/maven/maven-settings/3.3.9/maven-settings-3.3.9.pom (1.8 kB at 131 kB/s)
Downloading from central: https://repo.maven.apache.org/maven2/org/apache/maven/maven-settings-builder/3.3.9/maven-settings-builder-3.3.9.pom
Progress (1): 2.6 kB
                    
Downloaded from central: https://repo.maven.apache.org/maven2/org/apache/maven/maven-settings-builder/3.3.9/maven-settings-builder-3.3.9.pom (2.6 kB at 201 kB/s)
Downloading from central: https://repo.maven.apache.org/maven2/org/apache/maven/maven-builder-support/3.3.9/maven-builder-support-3.3.9.pom
Progress (1): 1.7 kB
                    
Downloaded from central: https://repo.maven.apache.org/maven2/org/apache/maven/maven-builder-support/3.3.9/maven-builder-support-3.3.9.pom (1.7 kB at 138 kB/s)
Downloading from central: https://repo.maven.apache.org/maven2/org/codehaus/plexus/plexus-component-annotations/1.6/plexus-component-annotations-1.6.pom
Progress (1): 748 B
                   
Downloaded from central: https://repo.maven.apache.org/maven2/org/codehaus/plexus/plexus-component-annotations/1.6/plexus-component-annotations-1.6.pom (748 B at 58 kB/s)
Downloading from central: https://repo.maven.apache.org/maven2/org/codehaus/plexus/plexus-containers/1.6/plexus-containers-1.6.pom
Progress (1): 3.8 kB
                    
Downloaded from central: https://repo.maven.apache.org/maven2/org/codehaus/plexus/plexus-containers/1.6/plexus-containers-1.6.pom (3.8 kB at 342 kB/s)
Downloading from central: https://repo.maven.apache.org/maven2/org/codehaus/plexus/plexus/3.3.2/plexus-3.3.2.pom
Progress (1): 4.1/22 kB
Progress (1): 8.2/22 kB
Progress (1): 12/22 kB 
Progress (1): 16/22 kB
Progress (1): 20/22 kB
Progress (1): 22 kB   
                   
Downloaded from central: https://repo.maven.apache.org/maven2/org/codehaus/plexus/plexus/3.3.2/plexus-3.3.2.pom (22 kB at 2.0 MB/s)
Downloading from central: https://repo.maven.apache.org/maven2/org/apache/maven/maven-repository-metadata/3.3.9/maven-repository-metadata-3.3.9.pom
Progress (1): 1.9 kB
                    
Downloaded from central: https://repo.maven.apache.org/maven2/org/apache/maven/maven-repository-metadata/3.3.9/maven-repository-metadata-3.3.9.pom (1.9 kB at 145 kB/s)
Downloading from central: https://repo.maven.apache.org/maven2/org/apache/maven/maven-plugin-api/3.3.9/maven-plugin-api-3.3.9.pom
Progress (1): 2.7 kB
                    
Downloaded from central: https://repo.maven.apache.org/maven2/org/apache/maven/maven-plugin-api/3.3.9/maven-plugin-api-3.3.9.pom (2.7 kB at 269 kB/s)
Downloading from central: https://repo.maven.apache.org/maven2/org/eclipse/sisu/org.eclipse.sisu.plexus/0.3.2/org.eclipse.sisu.plexus-0.3.2.pom
Progress (1): 4.1/4.2 kB
Progress (1): 4.2 kB    
                    
Downloaded from central: https://repo.maven.apache.org/maven2/org/eclipse/sisu/org.eclipse.sisu.plexus/0.3.2/org.eclipse.sisu.plexus-0.3.2.pom (4.2 kB at 463 kB/s)
Downloading from central: https://repo.maven.apache.org/maven2/org/eclipse/sisu/sisu-plexus/0.3.2/sisu-plexus-0.3.2.pom
Progress (1): 4.1/14 kB
Progress (1): 8.2/14 kB
Progress (1): 12/14 kB 
Progress (1): 14 kB   
                   
Downloaded from central: https://repo.maven.apache.org/maven2/org/eclipse/sisu/sisu-plexus/0.3.2/sisu-plexus-0.3.2.pom (14 kB at 1.5 MB/s)
Downloading from central: https://repo.maven.apache.org/maven2/javax/enterprise/cdi-api/1.0/cdi-api-1.0.pom
Progress (1): 1.4 kB
                    
Downloaded from central: https://repo.maven.apache.org/maven2/javax/enterprise/cdi-api/1.0/cdi-api-1.0.pom (1.4 kB at 102 kB/s)
Downloading from central: https://repo.maven.apache.org/maven2/org/jboss/weld/weld-api-parent/1.0/weld-api-parent-1.0.pom
Progress (1): 2.4 kB
                    
Downloaded from central: https://repo.maven.apache.org/maven2/org/jboss/weld/weld-api-parent/1.0/weld-api-parent-1.0.pom (2.4 kB at 236 kB/s)
Downloading from central: https://repo.maven.apache.org/maven2/org/jboss/weld/weld-api-bom/1.0/weld-api-bom-1.0.pom
Progress (1): 4.1/7.9 kB
Progress (1): 7.9 kB    
                    
Downloaded from central: https://repo.maven.apache.org/maven2/org/jboss/weld/weld-api-bom/1.0/weld-api-bom-1.0.pom (7.9 kB at 719 kB/s)
Downloading from central: https://repo.maven.apache.org/maven2/org/jboss/weld/weld-parent/6/weld-parent-6.pom
Progress (1): 4.1/21 kB
Progress (1): 8.2/21 kB
Progress (1): 12/21 kB 
Progress (1): 16/21 kB
Progress (1): 20/21 kB
Progress (1): 21 kB   
                   
Downloaded from central: https://repo.maven.apache.org/maven2/org/jboss/weld/weld-parent/6/weld-parent-6.pom (21 kB at 1.3 MB/s)
Downloading from central: https://repo.maven.apache.org/maven2/javax/annotation/jsr250-api/1.0/jsr250-api-1.0.pom
Progress (1): 1.0 kB
                    
Downloaded from central: https://repo.maven.apache.org/maven2/javax/annotation/jsr250-api/1.0/jsr250-api-1.0.pom (1.0 kB at 64 kB/s)
Downloading from central: https://repo.maven.apache.org/maven2/javax/inject/javax.inject/1/javax.inject-1.pom
Progress (1): 612 B
                   
Downloaded from central: https://repo.maven.apache.org/maven2/javax/inject/javax.inject/1/javax.inject-1.pom (612 B at 76 kB/s)
Downloading from central: https://repo.maven.apache.org/maven2/org/eclipse/sisu/org.eclipse.sisu.inject/0.3.2/org.eclipse.sisu.inject-0.3.2.pom
Progress (1): 2.6 kB
                    
Downloaded from central: https://repo.maven.apache.org/maven2/org/eclipse/sisu/org.eclipse.sisu.inject/0.3.2/org.eclipse.sisu.inject-0.3.2.pom (2.6 kB at 202 kB/s)
Downloading from central: https://repo.maven.apache.org/maven2/org/eclipse/sisu/sisu-inject/0.3.2/sisu-inject-0.3.2.pom
Progress (1): 4.1/14 kB
Progress (1): 8.2/14 kB
Progress (1): 12/14 kB 
Progress (1): 14 kB   
                   
Downloaded from central: https://repo.maven.apache.org/maven2/org/eclipse/sisu/sisu-inject/0.3.2/sisu-inject-0.3.2.pom (14 kB at 1.6 MB/s)
Downloading from central: https://repo.maven.apache.org/maven2/org/codehaus/plexus/plexus-classworlds/2.5.2/plexus-classworlds-2.5.2.pom
Progress (1): 4.1/7.3 kB
Progress (1): 7.3 kB    
                    
Downloaded from central: https://repo.maven.apache.org/maven2/org/codehaus/plexus/plexus-classworlds/2.5.2/plexus-classworlds-2.5.2.pom (7.3 kB at 562 kB/s)
Downloading from central: https://repo.maven.apache.org/maven2/org/codehaus/plexus/plexus-utils/3.0.17/plexus-utils-3.0.17.pom
Progress (1): 3.4 kB
                    
Downloaded from central: https://repo.maven.apache.org/maven2/org/codehaus/plexus/plexus-utils/3.0.17/plexus-utils-3.0.17.pom (3.4 kB at 261 kB/s)
Downloading from central: https://repo.maven.apache.org/maven2/org/apache/maven/maven-model-builder/3.3.9/maven-model-builder-3.3.9.pom
Progress (1): 3.1 kB
                    
Downloaded from central: https://repo.maven.apache.org/maven2/org/apache/maven/maven-model-builder/3.3.9/maven-model-builder-3.3.9.pom (3.1 kB at 392 kB/s)
Downloading from central: https://repo.maven.apache.org/maven2/com/google/guava/guava/18.0/guava-18.0.pom
Progress (1): 4.1/5.7 kB
Progress (1): 5.7 kB    
                    
Downloaded from central: https://repo.maven.apache.org/maven2/com/google/guava/guava/18.0/guava-18.0.pom (5.7 kB at 708 kB/s)
Downloading from central: https://repo.maven.apache.org/maven2/com/google/guava/guava-parent/18.0/guava-parent-18.0.pom
Progress (1): 4.1/7.7 kB
Progress (1): 7.7 kB    
                    
Downloaded from central: https://repo.maven.apache.org/maven2/com/google/guava/guava-parent/18.0/guava-parent-18.0.pom (7.7 kB at 854 kB/s)
Downloading from central: https://repo.maven.apache.org/maven2/org/apache/maven/maven-aether-provider/3.3.9/maven-aether-provider-3.3.9.pom
Progress (1): 4.0 kB
                    
Downloaded from central: https://repo.maven.apache.org/maven2/org/apache/maven/maven-aether-provider/3.3.9/maven-aether-provider-3.3.9.pom (4.0 kB at 448 kB/s)
Downloading from central: https://repo.maven.apache.org/maven2/org/eclipse/aether/aether-api/1.0.2.v20150114/aether-api-1.0.2.v20150114.pom
Progress (1): 1.8 kB
                    
Downloaded from central: https://repo.maven.apache.org/maven2/org/eclipse/aether/aether-api/1.0.2.v20150114/aether-api-1.0.2.v20150114.pom (1.8 kB at 229 kB/s)
Downloading from central: https://repo.maven.apache.org/maven2/org/eclipse/aether/aether/1.0.2.v20150114/aether-1.0.2.v20150114.pom
Progress (1): 4.1/29 kB
Progress (1): 8.2/29 kB
Progress (1): 12/29 kB 
Progress (1): 16/29 kB
Progress (1): 20/29 kB
Progress (1): 25/29 kB
Progress (1): 29/29 kB
Progress (1): 29 kB   
                   
Downloaded from central: https://repo.maven.apache.org/maven2/org/eclipse/aether/aether/1.0.2.v20150114/aether-1.0.2.v20150114.pom (29 kB at 3.3 MB/s)
Downloading from central: https://repo.maven.apache.org/maven2/org/eclipse/aether/aether-spi/1.0.2.v20150114/aether-spi-1.0.2.v20150114.pom
Progress (1): 2.0 kB
                    
Downloaded from central: https://repo.maven.apache.org/maven2/org/eclipse/aether/aether-spi/1.0.2.v20150114/aether-spi-1.0.2.v20150114.pom (2.0 kB at 198 kB/s)
Downloading from central: https://repo.maven.apache.org/maven2/org/eclipse/aether/aether-util/1.0.2.v20150114/aether-util-1.0.2.v20150114.pom
Progress (1): 2.1 kB
                    
Downloaded from central: https://repo.maven.apache.org/maven2/org/eclipse/aether/aether-util/1.0.2.v20150114/aether-util-1.0.2.v20150114.pom (2.1 kB at 177 kB/s)
Downloading from central: https://repo.maven.apache.org/maven2/org/eclipse/aether/aether-impl/1.0.2.v20150114/aether-impl-1.0.2.v20150114.pom
Progress (1): 3.4 kB
                    
Downloaded from central: https://repo.maven.apache.org/maven2/org/eclipse/aether/aether-impl/1.0.2.v20150114/aether-impl-1.0.2.v20150114.pom (3.4 kB at 420 kB/s)
Downloading from central: https://repo.maven.apache.org/maven2/com/google/inject/guice/4.0/guice-4.0.pom
Progress (1): 4.1/11 kB
Progress (1): 8.2/11 kB
Progress (1): 11 kB    
                   
Downloaded from central: https://repo.maven.apache.org/maven2/com/google/inject/guice/4.0/guice-4.0.pom (11 kB at 1.1 MB/s)
Downloading from central: https://repo.maven.apache.org/maven2/com/google/inject/guice-parent/4.0/guice-parent-4.0.pom
Progress (1): 4.1/15 kB
Progress (1): 8.2/15 kB
Progress (1): 12/15 kB 
Progress (1): 15 kB   
                   
Downloaded from central: https://repo.maven.apache.org/maven2/com/google/inject/guice-parent/4.0/guice-parent-4.0.pom (15 kB at 1.4 MB/s)
Downloading from central: https://repo.maven.apache.org/maven2/com/google/google/5/google-5.pom
Progress (1): 2.5 kB
                    
Downloaded from central: https://repo.maven.apache.org/maven2/com/google/google/5/google-5.pom (2.5 kB at 307 kB/s)
Downloading from central: https://repo.maven.apache.org/maven2/aopalliance/aopalliance/1.0/aopalliance-1.0.pom
Progress (1): 363 B
                   
Downloaded from central: https://repo.maven.apache.org/maven2/aopalliance/aopalliance/1.0/aopalliance-1.0.pom (363 B at 45 kB/s)
Downloading from central: https://repo.maven.apache.org/maven2/com/google/guava/guava/16.0.1/guava-16.0.1.pom
Progress (1): 4.1/6.1 kB
Progress (1): 6.1 kB    
                    
Downloaded from central: https://repo.maven.apache.org/maven2/com/google/guava/guava/16.0.1/guava-16.0.1.pom (6.1 kB at 1.0 MB/s)
Downloading from central: https://repo.maven.apache.org/maven2/com/google/guava/guava-parent/16.0.1/guava-parent-16.0.1.pom
Progress (1): 4.1/7.3 kB
Progress (1): 7.3 kB    
                    
Downloaded from central: https://repo.maven.apache.org/maven2/com/google/guava/guava-parent/16.0.1/guava-parent-16.0.1.pom (7.3 kB at 1.2 MB/s)
Downloading from central: https://repo.maven.apache.org/maven2/org/apache/maven/shared/maven-common-artifact-filters/3.0.1/maven-common-artifact-filters-3.0.1.pom
Progress (1): 4.1/4.8 kB
Progress (1): 4.8 kB    
                    
Downloaded from central: https://repo.maven.apache.org/maven2/org/apache/maven/shared/maven-common-artifact-filters/3.0.1/maven-common-artifact-filters-3.0.1.pom (4.8 kB at 284 kB/s)
Downloading from central: https://repo.maven.apache.org/maven2/org/apache/maven/shared/maven-shared-utils/3.1.0/maven-shared-utils-3.1.0.pom
Progress (1): 4.1/5.0 kB
Progress (1): 5.0 kB    
                    
Downloaded from central: https://repo.maven.apache.org/maven2/org/apache/maven/shared/maven-shared-utils/3.1.0/maven-shared-utils-3.1.0.pom (5.0 kB at 553 kB/s)
Downloading from central: https://repo.maven.apache.org/maven2/org/apache/maven/plugins/maven-shade-plugin/3.2.1/maven-shade-plugin-3.2.1.pom
Progress (1): 4.1/9.3 kB
Progress (1): 8.2/9.3 kB
Progress (1): 9.3 kB    
                    
Downloaded from central: https://repo.maven.apache.org/maven2/org/apache/maven/plugins/maven-shade-plugin/3.2.1/maven-shade-plugin-3.2.1.pom (9.3 kB at 583 kB/s)
Downloading from central: https://repo.maven.apache.org/maven2/org/apache/maven/shared/maven-artifact-transfer/0.10.0/maven-artifact-transfer-0.10.0.pom
Progress (1): 4.1/12 kB
Progress (1): 8.2/12 kB
Progress (1): 12 kB    
                   
Downloaded from central: https://repo.maven.apache.org/maven2/org/apache/maven/shared/maven-artifact-transfer/0.10.0/maven-artifact-transfer-0.10.0.pom (12 kB at 1.2 MB/s)
Downloading from central: https://repo.maven.apache.org/maven2/org/apache/maven/shared/maven-shared-components/31/maven-shared-components-31.pom
Progress (1): 4.1/5.1 kB
Progress (1): 5.1 kB    
                    
Downloaded from central: https://repo.maven.apache.org/maven2/org/apache/maven/shared/maven-shared-components/31/maven-shared-components-31.pom (5.1 kB at 730 kB/s)
Downloading from central: https://repo.maven.apache.org/maven2/org/ow2/asm/asm/7.0/asm-7.0.pom
Progress (1): 2.9 kB
                    
Downloaded from central: https://repo.maven.apache.org/maven2/org/ow2/asm/asm/7.0/asm-7.0.pom (2.9 kB at 294 kB/s)
Downloading from central: https://repo.maven.apache.org/maven2/org/ow2/asm/asm-commons/7.0/asm-commons-7.0.pom
Progress (1): 3.7 kB
                    
Downloaded from central: https://repo.maven.apache.org/maven2/org/ow2/asm/asm-commons/7.0/asm-commons-7.0.pom (3.7 kB at 458 kB/s)
Downloading from central: https://repo.maven.apache.org/maven2/org/ow2/asm/asm-tree/7.0/asm-tree-7.0.pom
Progress (1): 3.1 kB
                    
Downloaded from central: https://repo.maven.apache.org/maven2/org/ow2/asm/asm-tree/7.0/asm-tree-7.0.pom (3.1 kB at 446 kB/s)
Downloading from central: https://repo.maven.apache.org/maven2/org/ow2/asm/asm-analysis/7.0/asm-analysis-7.0.pom
Progress (1): 3.2 kB
                    
Downloaded from central: https://repo.maven.apache.org/maven2/org/ow2/asm/asm-analysis/7.0/asm-analysis-7.0.pom (3.2 kB at 450 kB/s)
Downloading from central: https://repo.maven.apache.org/maven2/org/jdom/jdom2/2.0.6/jdom2-2.0.6.pom
Progress (1): 4.1/4.6 kB
Progress (1): 4.6 kB    
                    
Downloaded from central: https://repo.maven.apache.org/maven2/org/jdom/jdom2/2.0.6/jdom2-2.0.6.pom (4.6 kB at 657 kB/s)
Downloading from central: https://repo.maven.apache.org/maven2/org/apache/maven/shared/maven-dependency-tree/3.0.1/maven-dependency-tree-3.0.1.pom
Progress (1): 4.1/7.5 kB
Progress (1): 7.5 kB    
                    
Downloaded from central: https://repo.maven.apache.org/maven2/org/apache/maven/shared/maven-dependency-tree/3.0.1/maven-dependency-tree-3.0.1.pom (7.5 kB at 937 kB/s)
Downloading from central: https://repo.maven.apache.org/maven2/org/eclipse/aether/aether-util/0.9.0.M2/aether-util-0.9.0.M2.pom
Progress (1): 2.0 kB
                    
Downloaded from central: https://repo.maven.apache.org/maven2/org/eclipse/aether/aether-util/0.9.0.M2/aether-util-0.9.0.M2.pom (2.0 kB at 291 kB/s)
Downloading from central: https://repo.maven.apache.org/maven2/org/eclipse/aether/aether/0.9.0.M2/aether-0.9.0.M2.pom
Progress (1): 4.1/28 kB
Progress (1): 8.2/28 kB
Progress (1): 12/28 kB 
Progress (1): 16/28 kB
Progress (1): 20/28 kB
Progress (1): 25/28 kB
Progress (1): 28 kB   
                   
Downloaded from central: https://repo.maven.apache.org/maven2/org/eclipse/aether/aether/0.9.0.M2/aether-0.9.0.M2.pom (28 kB at 3.5 MB/s)
Downloading from central: https://repo.maven.apache.org/maven2/org/vafer/jdependency/2.1.1/jdependency-2.1.1.pom
Progress (1): 4.1/11 kB
Progress (1): 8.2/11 kB
Progress (1): 11 kB    
                   
Downloaded from central: https://repo.maven.apache.org/maven2/org/vafer/jdependency/2.1.1/jdependency-2.1.1.pom (11 kB at 1.0 MB/s)
Downloading from central: https://repo.maven.apache.org/maven2/org/ow2/asm/asm/7.0-beta/asm-7.0-beta.pom
Progress (1): 2.9 kB
                    
Downloaded from central: https://repo.maven.apache.org/maven2/org/ow2/asm/asm/7.0-beta/asm-7.0-beta.pom (2.9 kB at 421 kB/s)
Downloading from central: https://repo.maven.apache.org/maven2/org/ow2/asm/asm-analysis/7.0-beta/asm-analysis-7.0-beta.pom
Progress (1): 3.2 kB
                    
Downloaded from central: https://repo.maven.apache.org/maven2/org/ow2/asm/asm-analysis/7.0-beta/asm-analysis-7.0-beta.pom (3.2 kB at 528 kB/s)
Downloading from central: https://repo.maven.apache.org/maven2/org/ow2/asm/asm-tree/7.0-beta/asm-tree-7.0-beta.pom
Progress (1): 3.1 kB
                    
Downloaded from central: https://repo.maven.apache.org/maven2/org/ow2/asm/asm-tree/7.0-beta/asm-tree-7.0-beta.pom (3.1 kB at 392 kB/s)
Downloading from central: https://repo.maven.apache.org/maven2/org/ow2/asm/asm-commons/7.0-beta/asm-commons-7.0-beta.pom
Progress (1): 3.7 kB
                    
Downloaded from central: https://repo.maven.apache.org/maven2/org/ow2/asm/asm-commons/7.0-beta/asm-commons-7.0-beta.pom (3.7 kB at 308 kB/s)
Downloading from central: https://repo.maven.apache.org/maven2/org/ow2/asm/asm-util/7.0-beta/asm-util-7.0-beta.pom
Progress (1): 3.7 kB
                    
Downloaded from central: https://repo.maven.apache.org/maven2/org/ow2/asm/asm-util/7.0-beta/asm-util-7.0-beta.pom (3.7 kB at 524 kB/s)
Downloading from central: https://repo.maven.apache.org/maven2/com/google/guava/guava/19.0/guava-19.0.pom
Progress (1): 4.1/6.8 kB
Progress (1): 6.8 kB    
                    
Downloaded from central: https://repo.maven.apache.org/maven2/com/google/guava/guava/19.0/guava-19.0.pom (6.8 kB at 849 kB/s)
Downloading from central: https://repo.maven.apache.org/maven2/com/google/guava/guava-parent/19.0/guava-parent-19.0.pom
Progress (1): 4.1/9.9 kB
Progress (1): 8.2/9.9 kB
Progress (1): 9.9 kB    
                    
Downloaded from central: https://repo.maven.apache.org/maven2/com/google/guava/guava-parent/19.0/guava-parent-19.0.pom (9.9 kB at 1.4 MB/s)
Downloading from central: https://repo.maven.apache.org/maven2/org/springframework/boot/spring-boot-loader-tools/2.1.5.RELEASE/spring-boot-loader-tools-2.1.5.RELEASE.jar
Downloading from central: https://repo.maven.apache.org/maven2/org/apache/commons/commons-compress/1.18/commons-compress-1.18.jar
Downloading from central: https://repo.maven.apache.org/maven2/org/codehaus/plexus/plexus-interpolation/1.22/plexus-interpolation-1.22.jar
Downloading from central: https://repo.maven.apache.org/maven2/org/apache/maven/maven-artifact/3.3.9/maven-artifact-3.3.9.jar
Progress (1): 4.1/149 kB
Progress (2): 4.1/149 kB | 4.1/592 kB
Progress (2): 4.1/149 kB | 8.2/592 kB
Progress (2): 4.1/149 kB | 12/592 kB 
Progress (2): 4.1/149 kB | 16/592 kB
Progress (2): 4.1/149 kB | 20/592 kB
Progress (2): 4.1/149 kB | 25/592 kB
Progress (2): 4.1/149 kB | 29/592 kB
Progress (3): 4.1/149 kB | 29/592 kB | 4.1/77 kB
Progress (3): 4.1/149 kB | 29/592 kB | 8.2/77 kB
Progress (3): 4.1/149 kB | 29/592 kB | 12/77 kB 
Progress (3): 4.1/149 kB | 29/592 kB | 16/77 kB
Progress (3): 4.1/149 kB | 29/592 kB | 20/77 kB
Progress (3): 4.1/149 kB | 29/592 kB | 25/77 kB
Progress (3): 4.1/149 kB | 29/592 kB | 29/77 kB
Progress (3): 4.1/149 kB | 29/592 kB | 33/77 kB
Progress (3): 4.1/149 kB | 29/592 kB | 37/77 kB
Progress (3): 4.1/149 kB | 29/592 kB | 41/77 kB
Progress (3): 4.1/149 kB | 29/592 kB | 45/77 kB
Progress (3): 4.1/149 kB | 29/592 kB | 49/77 kB
Progress (3): 4.1/149 kB | 29/592 kB | 53/77 kB
Progress (3): 4.1/149 kB | 29/592 kB | 57/77 kB
Progress (3): 4.1/149 kB | 29/592 kB | 61/77 kB
Progress (3): 4.1/149 kB | 29/592 kB | 66/77 kB
Progress (4): 4.1/149 kB | 29/592 kB | 66/77 kB | 4.1/55 kB
Progress (4): 4.1/149 kB | 29/592 kB | 66/77 kB | 8.2/55 kB
Progress (4): 4.1/149 kB | 29/592 kB | 66/77 kB | 12/55 kB 
Progress (4): 4.1/149 kB | 29/592 kB | 66/77 kB | 16/55 kB
Progress (4): 4.1/149 kB | 29/592 kB | 66/77 kB | 20/55 kB
Progress (4): 4.1/149 kB | 29/592 kB | 66/77 kB | 25/55 kB
Progress (4): 4.1/149 kB | 29/592 kB | 66/77 kB | 29/55 kB
Progress (4): 4.1/149 kB | 29/592 kB | 66/77 kB | 33/55 kB
Progress (4): 4.1/149 kB | 29/592 kB | 66/77 kB | 37/55 kB
Progress (4): 4.1/149 kB | 29/592 kB | 66/77 kB | 41/55 kB
Progress (4): 4.1/149 kB | 29/592 kB | 66/77 kB | 45/55 kB
Progress (4): 4.1/149 kB | 29/592 kB | 66/77 kB | 49/55 kB
Progress (4): 4.1/149 kB | 29/592 kB | 66/77 kB | 53/55 kB
Progress (4): 4.1/149 kB | 29/592 kB | 66/77 kB | 55 kB   
                                                       
Downloading from central: https://repo.maven.apache.org/maven2/org/apache/commons/commons-lang3/3.8.1/commons-lang3-3.8.1.jar
Progress (4): 8.2/149 kB | 29/592 kB | 66/77 kB | 55 kB
Progress (4): 12/149 kB | 29/592 kB | 66/77 kB | 55 kB 
Progress (4): 16/149 kB | 29/592 kB | 66/77 kB | 55 kB
Progress (4): 20/149 kB | 29/592 kB | 66/77 kB | 55 kB
Progress (4): 25/149 kB | 29/592 kB | 66/77 kB | 55 kB
Progress (4): 29/149 kB | 29/592 kB | 66/77 kB | 55 kB
Progress (4): 33/149 kB | 29/592 kB | 66/77 kB | 55 kB
Progress (4): 37/149 kB | 29/592 kB | 66/77 kB | 55 kB
Progress (4): 41/149 kB | 29/592 kB | 66/77 kB | 55 kB
Progress (4): 45/149 kB | 29/592 kB | 66/77 kB | 55 kB
Progress (4): 49/149 kB | 29/592 kB | 66/77 kB | 55 kB
Progress (4): 49/149 kB | 33/592 kB | 66/77 kB | 55 kB
Progress (4): 49/149 kB | 37/592 kB | 66/77 kB | 55 kB
Progress (4): 49/149 kB | 41/592 kB | 66/77 kB | 55 kB
Progress (4): 49/149 kB | 45/592 kB | 66/77 kB | 55 kB
Progress (4): 49/149 kB | 49/592 kB | 66/77 kB | 55 kB
Progress (4): 49/149 kB | 53/592 kB | 66/77 kB | 55 kB
Progress (4): 49/149 kB | 57/592 kB | 66/77 kB | 55 kB
Progress (4): 49/149 kB | 61/592 kB | 66/77 kB | 55 kB
Progress (4): 49/149 kB | 66/592 kB | 66/77 kB | 55 kB
Progress (5): 49/149 kB | 66/592 kB | 66/77 kB | 55 kB | 4.1/502 kB
Progress (5): 49/149 kB | 66/592 kB | 66/77 kB | 55 kB | 8.2/502 kB
Progress (5): 49/149 kB | 66/592 kB | 66/77 kB | 55 kB | 12/502 kB 
Progress (5): 49/149 kB | 66/592 kB | 66/77 kB | 55 kB | 16/502 kB
Progress (5): 49/149 kB | 66/592 kB | 66/77 kB | 55 kB | 20/502 kB
Progress (5): 49/149 kB | 66/592 kB | 66/77 kB | 55 kB | 25/502 kB
Progress (5): 49/149 kB | 66/592 kB | 66/77 kB | 55 kB | 29/502 kB
Progress (5): 49/149 kB | 66/592 kB | 66/77 kB | 55 kB | 33/502 kB
Progress (5): 49/149 kB | 66/592 kB | 66/77 kB | 55 kB | 37/502 kB
Progress (5): 49/149 kB | 66/592 kB | 66/77 kB | 55 kB | 41/502 kB
Progress (5): 53/149 kB | 66/592 kB | 66/77 kB | 55 kB | 41/502 kB
Progress (5): 57/149 kB | 66/592 kB | 66/77 kB | 55 kB | 41/502 kB
Progress (5): 61/149 kB | 66/592 kB | 66/77 kB | 55 kB | 41/502 kB
Progress (5): 66/149 kB | 66/592 kB | 66/77 kB | 55 kB | 41/502 kB
Progress (5): 70/149 kB | 66/592 kB | 66/77 kB | 55 kB | 41/502 kB
Progress (5): 74/149 kB | 66/592 kB | 66/77 kB | 55 kB | 41/502 kB
Progress (5): 78/149 kB | 66/592 kB | 66/77 kB | 55 kB | 41/502 kB
Progress (5): 82/149 kB | 66/592 kB | 66/77 kB | 55 kB | 41/502 kB
Progress (5): 86/149 kB | 66/592 kB | 66/77 kB | 55 kB | 41/502 kB
Progress (5): 90/149 kB | 66/592 kB | 66/77 kB | 55 kB | 41/502 kB
Progress (5): 94/149 kB | 66/592 kB | 66/77 kB | 55 kB | 41/502 kB
Progress (5): 98/149 kB | 66/592 kB | 66/77 kB | 55 kB | 41/502 kB
                                                                  
Downloaded from central: https://repo.maven.apache.org/maven2/org/apache/maven/maven-artifact/3.3.9/maven-artifact-3.3.9.jar (55 kB at 982 kB/s)
Progress (4): 98/149 kB | 70/592 kB | 66/77 kB | 41/502 kB
Progress (4): 98/149 kB | 74/592 kB | 66/77 kB | 41/502 kB
Progress (4): 98/149 kB | 78/592 kB | 66/77 kB | 41/502 kB
Progress (4): 98/149 kB | 82/592 kB | 66/77 kB | 41/502 kB
Progress (4): 98/149 kB | 86/592 kB | 66/77 kB | 41/502 kB
Progress (4): 98/149 kB | 90/592 kB | 66/77 kB | 41/502 kB
Progress (4): 98/149 kB | 94/592 kB | 66/77 kB | 41/502 kB
Progress (4): 98/149 kB | 98/592 kB | 66/77 kB | 41/502 kB
Progress (4): 98/149 kB | 102/592 kB | 66/77 kB | 41/502 kB
Progress (4): 98/149 kB | 106/592 kB | 66/77 kB | 41/502 kB
Progress (4): 98/149 kB | 106/592 kB | 70/77 kB | 41/502 kB
Progress (4): 98/149 kB | 106/592 kB | 74/77 kB | 41/502 kB
Progress (4): 98/149 kB | 106/592 kB | 77 kB | 41/502 kB   
Progress (4): 102/149 kB | 106/592 kB | 77 kB | 41/502 kB
Progress (4): 106/149 kB | 106/592 kB | 77 kB | 41/502 kB
Progress (4): 111/149 kB | 106/592 kB | 77 kB | 41/502 kB
                                                         
Downloading from central: https://repo.maven.apache.org/maven2/org/apache/maven/maven-core/3.3.9/maven-core-3.3.9.jar
Progress (4): 111/149 kB | 106/592 kB | 77 kB | 45/502 kB
Progress (4): 111/149 kB | 106/592 kB | 77 kB | 49/502 kB
Progress (4): 111/149 kB | 106/592 kB | 77 kB | 53/502 kB
Progress (4): 111/149 kB | 106/592 kB | 77 kB | 57/502 kB
Progress (4): 111/149 kB | 106/592 kB | 77 kB | 61/502 kB
Progress (4): 111/149 kB | 106/592 kB | 77 kB | 66/502 kB
                                                         
Downloaded from central: https://repo.maven.apache.org/maven2/org/codehaus/plexus/plexus-interpolation/1.22/plexus-interpolation-1.22.jar (77 kB at 1.1 MB/s)
Downloading from central: https://repo.maven.apache.org/maven2/org/apache/maven/maven-settings-builder/3.3.9/maven-settings-builder-3.3.9.jar
Progress (3): 111/149 kB | 111/592 kB | 66/502 kB
Progress (3): 111/149 kB | 115/592 kB | 66/502 kB
Progress (3): 111/149 kB | 119/592 kB | 66/502 kB
Progress (3): 111/149 kB | 123/592 kB | 66/502 kB
Progress (3): 111/149 kB | 127/592 kB | 66/502 kB
Progress (3): 111/149 kB | 131/592 kB | 66/502 kB
Progress (3): 111/149 kB | 131/592 kB | 70/502 kB
Progress (3): 111/149 kB | 131/592 kB | 74/502 kB
Progress (3): 111/149 kB | 131/592 kB | 78/502 kB
Progress (3): 111/149 kB | 131/592 kB | 82/502 kB
Progress (3): 115/149 kB | 131/592 kB | 82/502 kB
Progress (3): 119/149 kB | 131/592 kB | 82/502 kB
Progress (3): 123/149 kB | 131/592 kB | 82/502 kB
Progress (3): 127/149 kB | 131/592 kB | 82/502 kB
Progress (3): 131/149 kB | 131/592 kB | 82/502 kB
Progress (3): 135/149 kB | 131/592 kB | 82/502 kB
Progress (3): 139/149 kB | 131/592 kB | 82/502 kB
Progress (3): 143/149 kB | 131/592 kB | 82/502 kB
Progress (3): 147/149 kB | 131/592 kB | 82/502 kB
Progress (3): 149 kB | 131/592 kB | 82/502 kB    
Progress (4): 149 kB | 131/592 kB | 82/502 kB | 4.1/43 kB
Progress (4): 149 kB | 131/592 kB | 82/502 kB | 8.2/43 kB
Progress (4): 149 kB | 131/592 kB | 82/502 kB | 12/43 kB 
Progress (4): 149 kB | 131/592 kB | 82/502 kB | 16/43 kB
Progress (4): 149 kB | 131/592 kB | 82/502 kB | 20/43 kB
Progress (5): 149 kB | 131/592 kB | 82/502 kB | 20/43 kB | 4.1/638 kB
Progress (5): 149 kB | 131/592 kB | 82/502 kB | 20/43 kB | 8.2/638 kB
Progress (5): 149 kB | 131/592 kB | 82/502 kB | 20/43 kB | 12/638 kB 
Progress (5): 149 kB | 131/592 kB | 82/502 kB | 20/43 kB | 16/638 kB
Progress (5): 149 kB | 131/592 kB | 82/502 kB | 20/43 kB | 20/638 kB
Progress (5): 149 kB | 131/592 kB | 82/502 kB | 20/43 kB | 25/638 kB
Progress (5): 149 kB | 131/592 kB | 82/502 kB | 20/43 kB | 29/638 kB
Progress (5): 149 kB | 131/592 kB | 82/502 kB | 20/43 kB | 33/638 kB
Progress (5): 149 kB | 131/592 kB | 86/502 kB | 20/43 kB | 33/638 kB
Progress (5): 149 kB | 131/592 kB | 90/502 kB | 20/43 kB | 33/638 kB
Progress (5): 149 kB | 131/592 kB | 94/502 kB | 20/43 kB | 33/638 kB
Progress (5): 149 kB | 131/592 kB | 98/502 kB | 20/43 kB | 33/638 kB
Progress (5): 149 kB | 131/592 kB | 102/502 kB | 20/43 kB | 33/638 kB
Progress (5): 149 kB | 135/592 kB | 102/502 kB | 20/43 kB | 33/638 kB
Progress (5): 149 kB | 139/592 kB | 102/502 kB | 20/43 kB | 33/638 kB
Progress (5): 149 kB | 143/592 kB | 102/502 kB | 20/43 kB | 33/638 kB
Progress (5): 149 kB | 147/592 kB | 102/502 kB | 20/43 kB | 33/638 kB
Progress (5): 149 kB | 147/592 kB | 102/502 kB | 20/43 kB | 37/638 kB
Progress (5): 149 kB | 147/592 kB | 102/502 kB | 25/43 kB | 37/638 kB
Progress (5): 149 kB | 147/592 kB | 102/502 kB | 29/43 kB | 37/638 kB
Progress (5): 149 kB | 147/592 kB | 102/502 kB | 33/43 kB | 37/638 kB
Progress (5): 149 kB | 147/592 kB | 102/502 kB | 37/43 kB | 37/638 kB
Progress (5): 149 kB | 147/592 kB | 102/502 kB | 41/43 kB | 37/638 kB
Progress (5): 149 kB | 147/592 kB | 102/502 kB | 43 kB | 37/638 kB   
Progress (5): 149 kB | 152/592 kB | 102/502 kB | 43 kB | 37/638 kB
Progress (5): 149 kB | 156/592 kB | 102/502 kB | 43 kB | 37/638 kB
Progress (5): 149 kB | 160/592 kB | 102/502 kB | 43 kB | 37/638 kB
Progress (5): 149 kB | 164/592 kB | 102/502 kB | 43 kB | 37/638 kB
Progress (5): 149 kB | 168/592 kB | 102/502 kB | 43 kB | 37/638 kB
Progress (5): 149 kB | 168/592 kB | 106/502 kB | 43 kB | 37/638 kB
Progress (5): 149 kB | 168/592 kB | 111/502 kB | 43 kB | 37/638 kB
Progress (5): 149 kB | 168/592 kB | 115/502 kB | 43 kB | 37/638 kB
Progress (5): 149 kB | 168/592 kB | 115/502 kB | 43 kB | 41/638 kB
Progress (5): 149 kB | 168/592 kB | 115/502 kB | 43 kB | 45/638 kB
Progress (5): 149 kB | 168/592 kB | 115/502 kB | 43 kB | 49/638 kB
Progress (5): 149 kB | 168/592 kB | 115/502 kB | 43 kB | 53/638 kB
Progress (5): 149 kB | 168/592 kB | 115/502 kB | 43 kB | 57/638 kB
Progress (5): 149 kB | 168/592 kB | 115/502 kB | 43 kB | 61/638 kB
Progress (5): 149 kB | 168/592 kB | 115/502 kB | 43 kB | 66/638 kB
Progress (5): 149 kB | 168/592 kB | 115/502 kB | 43 kB | 70/638 kB
Progress (5): 149 kB | 168/592 kB | 115/502 kB | 43 kB | 74/638 kB
Progress (5): 149 kB | 168/592 kB | 115/502 kB | 43 kB | 78/638 kB
Progress (5): 149 kB | 168/592 kB | 115/502 kB | 43 kB | 82/638 kB
Progress (5): 149 kB | 168/592 kB | 119/502 kB | 43 kB | 82/638 kB
Progress (5): 149 kB | 168/592 kB | 123/502 kB | 43 kB | 82/638 kB
Progress (5): 149 kB | 168/592 kB | 127/502 kB | 43 kB | 82/638 kB
Progress (5): 149 kB | 168/592 kB | 131/502 kB | 43 kB | 82/638 kB
Progress (5): 149 kB | 168/592 kB | 135/502 kB | 43 kB | 82/638 kB
Progress (5): 149 kB | 168/592 kB | 139/502 kB | 43 kB | 82/638 kB
                                                                  
Downloaded from central: https://repo.maven.apache.org/maven2/org/apache/maven/maven-settings-builder/3.3.9/maven-settings-builder-3.3.9.jar (43 kB at 350 kB/s)
Downloading from central: https://repo.maven.apache.org/maven2/org/apache/maven/maven-builder-support/3.3.9/maven-builder-support-3.3.9.jar
Downloaded from central: https://repo.maven.apache.org/maven2/org/springframework/boot/spring-boot-loader-tools/2.1.5.RELEASE/spring-boot-loader-tools-2.1.5.RELEASE.jar (149 kB at 1.1 MB/s)
Downloading from central: https://repo.maven.apache.org/maven2/org/apache/maven/maven-repository-metadata/3.3.9/maven-repository-metadata-3.3.9.jar
Progress (3): 172/592 kB | 139/502 kB | 82/638 kB
Progress (3): 176/592 kB | 139/502 kB | 82/638 kB
Progress (3): 180/592 kB | 139/502 kB | 82/638 kB
Progress (3): 184/592 kB | 139/502 kB | 82/638 kB
Progress (3): 188/592 kB | 139/502 kB | 82/638 kB
Progress (3): 193/592 kB | 139/502 kB | 82/638 kB
Progress (3): 197/592 kB | 139/502 kB | 82/638 kB
Progress (3): 201/592 kB | 139/502 kB | 82/638 kB
Progress (4): 201/592 kB | 139/502 kB | 82/638 kB | 4.1/27 kB
Progress (4): 201/592 kB | 139/502 kB | 82/638 kB | 8.2/27 kB
Progress (4): 201/592 kB | 139/502 kB | 82/638 kB | 12/27 kB 
Progress (4): 201/592 kB | 139/502 kB | 82/638 kB | 16/27 kB
Progress (4): 201/592 kB | 139/502 kB | 82/638 kB | 20/27 kB
Progress (4): 201/592 kB | 139/502 kB | 82/638 kB | 25/27 kB
Progress (4): 201/592 kB | 139/502 kB | 86/638 kB | 25/27 kB
Progress (4): 201/592 kB | 139/502 kB | 90/638 kB | 25/27 kB
Progress (4): 201/592 kB | 139/502 kB | 94/638 kB | 25/27 kB
Progress (4): 201/592 kB | 139/502 kB | 98/638 kB | 25/27 kB
Progress (4): 201/592 kB | 139/502 kB | 102/638 kB | 25/27 kB
Progress (4): 201/592 kB | 139/502 kB | 106/638 kB | 25/27 kB
Progress (4): 201/592 kB | 139/502 kB | 111/638 kB | 25/27 kB
Progress (4): 205/592 kB | 139/502 kB | 111/638 kB | 25/27 kB
Progress (4): 205/592 kB | 143/502 kB | 111/638 kB | 25/27 kB
Progress (4): 205/592 kB | 147/502 kB | 111/638 kB | 25/27 kB
Progress (4): 205/592 kB | 152/502 kB | 111/638 kB | 25/27 kB
Progress (4): 205/592 kB | 156/502 kB | 111/638 kB | 25/27 kB
Progress (4): 205/592 kB | 160/502 kB | 111/638 kB | 25/27 kB
Progress (4): 205/592 kB | 164/502 kB | 111/638 kB | 25/27 kB
Progress (5): 205/592 kB | 164/502 kB | 111/638 kB | 25/27 kB | 4.1/15 kB
Progress (5): 205/592 kB | 164/502 kB | 111/638 kB | 25/27 kB | 8.2/15 kB
Progress (5): 205/592 kB | 164/502 kB | 111/638 kB | 25/27 kB | 12/15 kB 
Progress (5): 205/592 kB | 164/502 kB | 111/638 kB | 25/27 kB | 15 kB   
Progress (5): 209/592 kB | 164/502 kB | 111/638 kB | 25/27 kB | 15 kB
Progress (5): 213/592 kB | 164/502 kB | 111/638 kB | 25/27 kB | 15 kB
Progress (5): 217/592 kB | 164/502 kB | 111/638 kB | 25/27 kB | 15 kB
Progress (5): 221/592 kB | 164/502 kB | 111/638 kB | 25/27 kB | 15 kB
Progress (5): 225/592 kB | 164/502 kB | 111/638 kB | 25/27 kB | 15 kB
Progress (5): 229/592 kB | 164/502 kB | 111/638 kB | 25/27 kB | 15 kB
Progress (5): 229/592 kB | 168/502 kB | 111/638 kB | 25/27 kB | 15 kB
Progress (5): 229/592 kB | 172/502 kB | 111/638 kB | 25/27 kB | 15 kB
Progress (5): 229/592 kB | 176/502 kB | 111/638 kB | 25/27 kB | 15 kB
Progress (5): 229/592 kB | 176/502 kB | 111/638 kB | 27 kB | 15 kB   
                                                                  
Downloaded from central: https://repo.maven.apache.org/maven2/org/apache/maven/maven-builder-support/3.3.9/maven-builder-support-3.3.9.jar (15 kB at 101 kB/s)
Progress (4): 229/592 kB | 176/502 kB | 115/638 kB | 27 kB
Progress (4): 229/592 kB | 176/502 kB | 119/638 kB | 27 kB
Progress (4): 229/592 kB | 176/502 kB | 123/638 kB | 27 kB
Progress (4): 229/592 kB | 176/502 kB | 127/638 kB | 27 kB
Progress (4): 229/592 kB | 176/502 kB | 131/638 kB | 27 kB
                                                          
Downloaded from central: https://repo.maven.apache.org/maven2/org/apache/maven/maven-repository-metadata/3.3.9/maven-repository-metadata-3.3.9.jar (27 kB at 181 kB/s)
Downloading from central: https://repo.maven.apache.org/maven2/org/apache/maven/maven-aether-provider/3.3.9/maven-aether-provider-3.3.9.jar
Progress (3): 233/592 kB | 176/502 kB | 131/638 kB
Progress (3): 238/592 kB | 176/502 kB | 131/638 kB
Progress (3): 242/592 kB | 176/502 kB | 131/638 kB
Progress (3): 246/592 kB | 176/502 kB | 131/638 kB
Progress (3): 246/592 kB | 180/502 kB | 131/638 kB
Progress (3): 246/592 kB | 184/502 kB | 131/638 kB
Progress (3): 246/592 kB | 188/502 kB | 131/638 kB
Progress (3): 246/592 kB | 193/502 kB | 131/638 kB
Progress (3): 246/592 kB | 197/502 kB | 131/638 kB
                                                  
Downloading from central: https://repo.maven.apache.org/maven2/org/apache/maven/maven-model-builder/3.3.9/maven-model-builder-3.3.9.jar
Progress (3): 246/592 kB | 201/502 kB | 131/638 kB
Progress (3): 246/592 kB | 205/502 kB | 131/638 kB
Progress (3): 246/592 kB | 209/502 kB | 131/638 kB
Progress (3): 246/592 kB | 213/502 kB | 131/638 kB
Progress (3): 246/592 kB | 217/502 kB | 131/638 kB
Progress (4): 246/592 kB | 217/502 kB | 131/638 kB | 4.1/67 kB
Progress (4): 246/592 kB | 217/502 kB | 131/638 kB | 8.2/67 kB
Progress (4): 246/592 kB | 217/502 kB | 131/638 kB | 12/67 kB 
Progress (4): 246/592 kB | 217/502 kB | 131/638 kB | 16/67 kB
Progress (4): 246/592 kB | 217/502 kB | 131/638 kB | 20/67 kB
Progress (4): 246/592 kB | 217/502 kB | 131/638 kB | 25/67 kB
Progress (4): 246/592 kB | 217/502 kB | 131/638 kB | 29/67 kB
Progress (4): 246/592 kB | 217/502 kB | 131/638 kB | 33/67 kB
Progress (4): 246/592 kB | 217/502 kB | 131/638 kB | 37/67 kB
Progress (4): 246/592 kB | 217/502 kB | 131/638 kB | 41/67 kB
Progress (4): 246/592 kB | 217/502 kB | 131/638 kB | 45/67 kB
Progress (4): 246/592 kB | 217/502 kB | 131/638 kB | 49/67 kB
Progress (4): 246/592 kB | 217/502 kB | 131/638 kB | 53/67 kB
Progress (4): 246/592 kB | 217/502 kB | 131/638 kB | 57/67 kB
Progress (4): 246/592 kB | 217/502 kB | 131/638 kB | 61/67 kB
Progress (5): 246/592 kB | 217/502 kB | 131/638 kB | 61/67 kB | 4.1/177 kB
Progress (5): 246/592 kB | 217/502 kB | 131/638 kB | 61/67 kB | 8.2/177 kB
Progress (5): 246/592 kB | 217/502 kB | 131/638 kB | 61/67 kB | 12/177 kB 
Progress (5): 246/592 kB | 217/502 kB | 131/638 kB | 61/67 kB | 16/177 kB
Progress (5): 246/592 kB | 217/502 kB | 131/638 kB | 61/67 kB | 20/177 kB
Progress (5): 246/592 kB | 217/502 kB | 131/638 kB | 61/67 kB | 25/177 kB
Progress (5): 246/592 kB | 217/502 kB | 131/638 kB | 61/67 kB | 29/177 kB
Progress (5): 246/592 kB | 217/502 kB | 131/638 kB | 61/67 kB | 33/177 kB
Progress (5): 246/592 kB | 217/502 kB | 135/638 kB | 61/67 kB | 33/177 kB
Progress (5): 246/592 kB | 217/502 kB | 139/638 kB | 61/67 kB | 33/177 kB
Progress (5): 246/592 kB | 217/502 kB | 143/638 kB | 61/67 kB | 33/177 kB
Progress (5): 246/592 kB | 217/502 kB | 147/638 kB | 61/67 kB | 33/177 kB
Progress (5): 246/592 kB | 217/502 kB | 152/638 kB | 61/67 kB | 33/177 kB
Progress (5): 246/592 kB | 217/502 kB | 156/638 kB | 61/67 kB | 33/177 kB
Progress (5): 246/592 kB | 217/502 kB | 160/638 kB | 61/67 kB | 33/177 kB
Progress (5): 246/592 kB | 217/502 kB | 164/638 kB | 61/67 kB | 33/177 kB
Progress (5): 246/592 kB | 217/502 kB | 168/638 kB | 61/67 kB | 33/177 kB
Progress (5): 250/592 kB | 217/502 kB | 168/638 kB | 61/67 kB | 33/177 kB
Progress (5): 254/592 kB | 217/502 kB | 168/638 kB | 61/67 kB | 33/177 kB
Progress (5): 258/592 kB | 217/502 kB | 168/638 kB | 61/67 kB | 33/177 kB
Progress (5): 262/592 kB | 217/502 kB | 168/638 kB | 61/67 kB | 33/177 kB
Progress (5): 262/592 kB | 221/502 kB | 168/638 kB | 61/67 kB | 33/177 kB
Progress (5): 262/592 kB | 225/502 kB | 168/638 kB | 61/67 kB | 33/177 kB
Progress (5): 262/592 kB | 229/502 kB | 168/638 kB | 61/67 kB | 33/177 kB
Progress (5): 262/592 kB | 233/502 kB | 168/638 kB | 61/67 kB | 33/177 kB
Progress (5): 262/592 kB | 238/502 kB | 168/638 kB | 61/67 kB | 33/177 kB
Progress (5): 262/592 kB | 242/502 kB | 168/638 kB | 61/67 kB | 33/177 kB
Progress (5): 262/592 kB | 246/502 kB | 168/638 kB | 61/67 kB | 33/177 kB
Progress (5): 262/592 kB | 250/502 kB | 168/638 kB | 61/67 kB | 33/177 kB
Progress (5): 262/592 kB | 254/502 kB | 168/638 kB | 61/67 kB | 33/177 kB
Progress (5): 262/592 kB | 258/502 kB | 168/638 kB | 61/67 kB | 33/177 kB
Progress (5): 262/592 kB | 262/502 kB | 168/638 kB | 61/67 kB | 33/177 kB
Progress (5): 262/592 kB | 266/502 kB | 168/638 kB | 61/67 kB | 33/177 kB
Progress (5): 262/592 kB | 270/502 kB | 168/638 kB | 61/67 kB | 33/177 kB
Progress (5): 262/592 kB | 274/502 kB | 168/638 kB | 61/67 kB | 33/177 kB
Progress (5): 262/592 kB | 279/502 kB | 168/638 kB | 61/67 kB | 33/177 kB
Progress (5): 266/592 kB | 279/502 kB | 168/638 kB | 61/67 kB | 33/177 kB
Progress (5): 270/592 kB | 279/502 kB | 168/638 kB | 61/67 kB | 33/177 kB
Progress (5): 274/592 kB | 279/502 kB | 168/638 kB | 61/67 kB | 33/177 kB
Progress (5): 279/592 kB | 279/502 kB | 168/638 kB | 61/67 kB | 33/177 kB
Progress (5): 283/592 kB | 279/502 kB | 168/638 kB | 61/67 kB | 33/177 kB
Progress (5): 287/592 kB | 279/502 kB | 168/638 kB | 61/67 kB | 33/177 kB
Progress (5): 291/592 kB | 279/502 kB | 168/638 kB | 61/67 kB | 33/177 kB
Progress (5): 295/592 kB | 279/502 kB | 168/638 kB | 61/67 kB | 33/177 kB
Progress (5): 299/592 kB | 279/502 kB | 168/638 kB | 61/67 kB | 33/177 kB
Progress (5): 303/592 kB | 279/502 kB | 168/638 kB | 61/67 kB | 33/177 kB
Progress (5): 307/592 kB | 279/502 kB | 168/638 kB | 61/67 kB | 33/177 kB
Progress (5): 311/592 kB | 279/502 kB | 168/638 kB | 61/67 kB | 33/177 kB
Progress (5): 315/592 kB | 279/502 kB | 168/638 kB | 61/67 kB | 33/177 kB
Progress (5): 319/592 kB | 279/502 kB | 168/638 kB | 61/67 kB | 33/177 kB
Progress (5): 324/592 kB | 279/502 kB | 168/638 kB | 61/67 kB | 33/177 kB
Progress (5): 328/592 kB | 279/502 kB | 168/638 kB | 61/67 kB | 33/177 kB
Progress (5): 332/592 kB | 279/502 kB | 168/638 kB | 61/67 kB | 33/177 kB
Progress (5): 332/592 kB | 283/502 kB | 168/638 kB | 61/67 kB | 33/177 kB
Progress (5): 332/592 kB | 283/502 kB | 168/638 kB | 66/67 kB | 33/177 kB
Progress (5): 332/592 kB | 283/502 kB | 168/638 kB | 67 kB | 33/177 kB   
Progress (5): 332/592 kB | 283/502 kB | 172/638 kB | 67 kB | 33/177 kB
Progress (5): 332/592 kB | 283/502 kB | 176/638 kB | 67 kB | 33/177 kB
Progress (5): 332/592 kB | 283/502 kB | 180/638 kB | 67 kB | 33/177 kB
Progress (5): 332/592 kB | 283/502 kB | 184/638 kB | 67 kB | 33/177 kB
Progress (5): 332/592 kB | 283/502 kB | 188/638 kB | 67 kB | 33/177 kB
Progress (5): 332/592 kB | 283/502 kB | 193/638 kB | 67 kB | 33/177 kB
Progress (5): 332/592 kB | 283/502 kB | 197/638 kB | 67 kB | 33/177 kB
Progress (5): 332/592 kB | 283/502 kB | 201/638 kB | 67 kB | 33/177 kB
Progress (5): 332/592 kB | 283/502 kB | 205/638 kB | 67 kB | 33/177 kB
Progress (5): 332/592 kB | 283/502 kB | 209/638 kB | 67 kB | 33/177 kB
Progress (5): 332/592 kB | 283/502 kB | 213/638 kB | 67 kB | 33/177 kB
Progress (5): 332/592 kB | 283/502 kB | 213/638 kB | 67 kB | 37/177 kB
Progress (5): 332/592 kB | 283/502 kB | 213/638 kB | 67 kB | 41/177 kB
Progress (5): 332/592 kB | 283/502 kB | 213/638 kB | 67 kB | 45/177 kB
Progress (5): 332/592 kB | 283/502 kB | 213/638 kB | 67 kB | 49/177 kB
Progress (5): 332/592 kB | 283/502 kB | 213/638 kB | 67 kB | 53/177 kB
Progress (5): 332/592 kB | 283/502 kB | 213/638 kB | 67 kB | 57/177 kB
Progress (5): 332/592 kB | 283/502 kB | 213/638 kB | 67 kB | 61/177 kB
Progress (5): 332/592 kB | 283/502 kB | 213/638 kB | 67 kB | 66/177 kB
Progress (5): 332/592 kB | 283/502 kB | 213/638 kB | 67 kB | 70/177 kB
Progress (5): 332/592 kB | 283/502 kB | 213/638 kB | 67 kB | 74/177 kB
Progress (5): 332/592 kB | 283/502 kB | 213/638 kB | 67 kB | 78/177 kB
                                                                      
Downloaded from central: https://repo.maven.apache.org/maven2/org/apache/maven/maven-aether-provider/3.3.9/maven-aether-provider-3.3.9.jar (67 kB at 336 kB/s)
Progress (4): 332/592 kB | 287/502 kB | 213/638 kB | 78/177 kB
Progress (4): 332/592 kB | 291/502 kB | 213/638 kB | 78/177 kB
Progress (4): 332/592 kB | 295/502 kB | 213/638 kB | 78/177 kB
Progress (4): 332/592 kB | 299/502 kB | 213/638 kB | 78/177 kB
                                                              
Downloading from central: https://repo.maven.apache.org/maven2/org/eclipse/aether/aether-spi/1.0.2.v20150114/aether-spi-1.0.2.v20150114.jar
Progress (4): 336/592 kB | 299/502 kB | 213/638 kB | 78/177 kB
Progress (4): 340/592 kB | 299/502 kB | 213/638 kB | 78/177 kB
Progress (4): 344/592 kB | 299/502 kB | 213/638 kB | 78/177 kB
Progress (4): 348/592 kB | 299/502 kB | 213/638 kB | 78/177 kB
Progress (4): 348/592 kB | 299/502 kB | 213/638 kB | 82/177 kB
Progress (4): 348/592 kB | 299/502 kB | 217/638 kB | 82/177 kB
Progress (4): 348/592 kB | 299/502 kB | 221/638 kB | 82/177 kB
Progress (4): 348/592 kB | 299/502 kB | 225/638 kB | 82/177 kB
Progress (4): 348/592 kB | 299/502 kB | 229/638 kB | 82/177 kB
Progress (4): 348/592 kB | 299/502 kB | 233/638 kB | 82/177 kB
Progress (4): 348/592 kB | 299/502 kB | 238/638 kB | 82/177 kB
Progress (4): 348/592 kB | 299/502 kB | 238/638 kB | 86/177 kB
Progress (4): 348/592 kB | 299/502 kB | 238/638 kB | 90/177 kB
Progress (4): 348/592 kB | 299/502 kB | 238/638 kB | 94/177 kB
Progress (4): 348/592 kB | 299/502 kB | 238/638 kB | 98/177 kB
Progress (4): 348/592 kB | 299/502 kB | 238/638 kB | 102/177 kB
Progress (4): 348/592 kB | 299/502 kB | 238/638 kB | 106/177 kB
Progress (4): 348/592 kB | 299/502 kB | 238/638 kB | 111/177 kB
Progress (4): 348/592 kB | 299/502 kB | 238/638 kB | 115/177 kB
Progress (4): 348/592 kB | 299/502 kB | 238/638 kB | 119/177 kB
Progress (4): 348/592 kB | 299/502 kB | 238/638 kB | 123/177 kB
Progress (4): 348/592 kB | 299/502 kB | 238/638 kB | 127/177 kB
Progress (4): 348/592 kB | 299/502 kB | 238/638 kB | 131/177 kB
Progress (4): 348/592 kB | 299/502 kB | 238/638 kB | 135/177 kB
Progress (4): 348/592 kB | 299/502 kB | 238/638 kB | 139/177 kB
Progress (4): 348/592 kB | 299/502 kB | 238/638 kB | 143/177 kB
Progress (4): 348/592 kB | 299/502 kB | 238/638 kB | 147/177 kB
Progress (5): 348/592 kB | 299/502 kB | 238/638 kB | 147/177 kB | 4.1/31 kB
Progress (5): 348/592 kB | 299/502 kB | 238/638 kB | 147/177 kB | 8.2/31 kB
Progress (5): 348/592 kB | 299/502 kB | 238/638 kB | 147/177 kB | 12/31 kB 
Progress (5): 348/592 kB | 299/502 kB | 238/638 kB | 147/177 kB | 16/31 kB
Progress (5): 348/592 kB | 299/502 kB | 238/638 kB | 147/177 kB | 20/31 kB
Progress (5): 348/592 kB | 299/502 kB | 238/638 kB | 147/177 kB | 25/31 kB
Progress (5): 348/592 kB | 299/502 kB | 238/638 kB | 147/177 kB | 29/31 kB
Progress (5): 348/592 kB | 299/502 kB | 238/638 kB | 147/177 kB | 31 kB   
Progress (5): 348/592 kB | 303/502 kB | 238/638 kB | 147/177 kB | 31 kB
Progress (5): 348/592 kB | 307/502 kB | 238/638 kB | 147/177 kB | 31 kB
Progress (5): 348/592 kB | 311/502 kB | 238/638 kB | 147/177 kB | 31 kB
Progress (5): 348/592 kB | 315/502 kB | 238/638 kB | 147/177 kB | 31 kB
Progress (5): 348/592 kB | 319/502 kB | 238/638 kB | 147/177 kB | 31 kB
Progress (5): 348/592 kB | 324/502 kB | 238/638 kB | 147/177 kB | 31 kB
Progress (5): 348/592 kB | 328/502 kB | 238/638 kB | 147/177 kB | 31 kB
Progress (5): 352/592 kB | 328/502 kB | 238/638 kB | 147/177 kB | 31 kB
Progress (5): 356/592 kB | 328/502 kB | 238/638 kB | 147/177 kB | 31 kB
Progress (5): 360/592 kB | 328/502 kB | 238/638 kB | 147/177 kB | 31 kB
Progress (5): 360/592 kB | 328/502 kB | 242/638 kB | 147/177 kB | 31 kB
Progress (5): 360/592 kB | 328/502 kB | 246/638 kB | 147/177 kB | 31 kB
Progress (5): 360/592 kB | 328/502 kB | 250/638 kB | 147/177 kB | 31 kB
Progress (5): 360/592 kB | 328/502 kB | 254/638 kB | 147/177 kB | 31 kB
Progress (5): 360/592 kB | 328/502 kB | 258/638 kB | 147/177 kB | 31 kB
Progress (5): 360/592 kB | 328/502 kB | 262/638 kB | 147/177 kB | 31 kB
Progress (5): 360/592 kB | 328/502 kB | 266/638 kB | 147/177 kB | 31 kB
Progress (5): 360/592 kB | 328/502 kB | 270/638 kB | 147/177 kB | 31 kB
Progress (5): 360/592 kB | 328/502 kB | 274/638 kB | 147/177 kB | 31 kB
Progress (5): 360/592 kB | 328/502 kB | 279/638 kB | 147/177 kB | 31 kB
Progress (5): 360/592 kB | 332/502 kB | 279/638 kB | 147/177 kB | 31 kB
Progress (5): 360/592 kB | 336/502 kB | 279/638 kB | 147/177 kB | 31 kB
Progress (5): 360/592 kB | 340/502 kB | 279/638 kB | 147/177 kB | 31 kB
Progress (5): 360/592 kB | 344/502 kB | 279/638 kB | 147/177 kB | 31 kB
Progress (5): 360/592 kB | 348/502 kB | 279/638 kB | 147/177 kB | 31 kB
Progress (5): 360/592 kB | 352/502 kB | 279/638 kB | 147/177 kB | 31 kB
Progress (5): 360/592 kB | 356/502 kB | 279/638 kB | 147/177 kB | 31 kB
Progress (5): 360/592 kB | 360/502 kB | 279/638 kB | 147/177 kB | 31 kB
Progress (5): 360/592 kB | 365/502 kB | 279/638 kB | 147/177 kB | 31 kB
Progress (5): 360/592 kB | 369/502 kB | 279/638 kB | 147/177 kB | 31 kB
Progress (5): 360/592 kB | 373/502 kB | 279/638 kB | 147/177 kB | 31 kB
Progress (5): 360/592 kB | 377/502 kB | 279/638 kB | 147/177 kB | 31 kB
Progress (5): 360/592 kB | 381/502 kB | 279/638 kB | 147/177 kB | 31 kB
Progress (5): 360/592 kB | 385/502 kB | 279/638 kB | 147/177 kB | 31 kB
Progress (5): 360/592 kB | 389/502 kB | 279/638 kB | 147/177 kB | 31 kB
Progress (5): 360/592 kB | 393/502 kB | 279/638 kB | 147/177 kB | 31 kB
Progress (5): 360/592 kB | 393/502 kB | 283/638 kB | 147/177 kB | 31 kB
Progress (5): 360/592 kB | 393/502 kB | 287/638 kB | 147/177 kB | 31 kB
Progress (5): 360/592 kB | 393/502 kB | 291/638 kB | 147/177 kB | 31 kB
Progress (5): 360/592 kB | 393/502 kB | 291/638 kB | 152/177 kB | 31 kB
                                                                       
Downloaded from central: https://repo.maven.apache.org/maven2/org/eclipse/aether/aether-spi/1.0.2.v20150114/aether-spi-1.0.2.v20150114.jar (31 kB at 124 kB/s)
Progress (4): 365/592 kB | 393/502 kB | 291/638 kB | 152/177 kB
Progress (4): 369/592 kB | 393/502 kB | 291/638 kB | 152/177 kB
Progress (4): 373/592 kB | 393/502 kB | 291/638 kB | 152/177 kB
Progress (4): 377/592 kB | 393/502 kB | 291/638 kB | 152/177 kB
Progress (4): 381/592 kB | 393/502 kB | 291/638 kB | 152/177 kB
Progress (4): 385/592 kB | 393/502 kB | 291/638 kB | 152/177 kB
Progress (4): 389/592 kB | 393/502 kB | 291/638 kB | 152/177 kB
Progress (4): 393/592 kB | 393/502 kB | 291/638 kB | 152/177 kB
Progress (4): 397/592 kB | 393/502 kB | 291/638 kB | 152/177 kB
Progress (4): 401/592 kB | 393/502 kB | 291/638 kB | 152/177 kB
Progress (4): 406/592 kB | 393/502 kB | 291/638 kB | 152/177 kB
Progress (4): 410/592 kB | 393/502 kB | 291/638 kB | 152/177 kB
Progress (4): 414/592 kB | 393/502 kB | 291/638 kB | 152/177 kB
Progress (4): 418/592 kB | 393/502 kB | 291/638 kB | 152/177 kB
Progress (4): 422/592 kB | 393/502 kB | 291/638 kB | 152/177 kB
Progress (4): 426/592 kB | 393/502 kB | 291/638 kB | 152/177 kB
Progress (4): 430/592 kB | 393/502 kB | 291/638 kB | 152/177 kB
Progress (4): 434/592 kB | 393/502 kB | 291/638 kB | 152/177 kB
Progress (4): 438/592 kB | 393/502 kB | 291/638 kB | 152/177 kB
Progress (4): 442/592 kB | 393/502 kB | 291/638 kB | 152/177 kB
                                                               
Downloading from central: https://repo.maven.apache.org/maven2/org/eclipse/aether/aether-impl/1.0.2.v20150114/aether-impl-1.0.2.v20150114.jar
Progress (4): 442/592 kB | 393/502 kB | 291/638 kB | 156/177 kB
Progress (4): 442/592 kB | 393/502 kB | 291/638 kB | 160/177 kB
Progress (4): 442/592 kB | 393/502 kB | 291/638 kB | 164/177 kB
Progress (4): 442/592 kB | 393/502 kB | 291/638 kB | 168/177 kB
Progress (4): 442/592 kB | 393/502 kB | 291/638 kB | 172/177 kB
Progress (4): 442/592 kB | 393/502 kB | 291/638 kB | 176/177 kB
Progress (4): 442/592 kB | 393/502 kB | 291/638 kB | 177 kB    
Progress (4): 442/592 kB | 393/502 kB | 295/638 kB | 177 kB
Progress (4): 442/592 kB | 393/502 kB | 299/638 kB | 177 kB
Progress (4): 442/592 kB | 393/502 kB | 303/638 kB | 177 kB
Progress (5): 442/592 kB | 393/502 kB | 303/638 kB | 177 kB | 4.1/173 kB
Progress (5): 442/592 kB | 393/502 kB | 303/638 kB | 177 kB | 8.2/173 kB
Progress (5): 442/592 kB | 393/502 kB | 303/638 kB | 177 kB | 12/173 kB 
Progress (5): 442/592 kB | 393/502 kB | 303/638 kB | 177 kB | 16/173 kB
Progress (5): 442/592 kB | 393/502 kB | 303/638 kB | 177 kB | 20/173 kB
Progress (5): 442/592 kB | 393/502 kB | 303/638 kB | 177 kB | 25/173 kB
Progress (5): 442/592 kB | 393/502 kB | 303/638 kB | 177 kB | 29/173 kB
Progress (5): 442/592 kB | 393/502 kB | 303/638 kB | 177 kB | 33/173 kB
Progress (5): 442/592 kB | 393/502 kB | 303/638 kB | 177 kB | 37/173 kB
Progress (5): 442/592 kB | 393/502 kB | 303/638 kB | 177 kB | 41/173 kB
Progress (5): 442/592 kB | 393/502 kB | 303/638 kB | 177 kB | 45/173 kB
Progress (5): 442/592 kB | 393/502 kB | 303/638 kB | 177 kB | 49/173 kB
Progress (5): 442/592 kB | 393/502 kB | 303/638 kB | 177 kB | 53/173 kB
Progress (5): 442/592 kB | 393/502 kB | 303/638 kB | 177 kB | 57/173 kB
Progress (5): 442/592 kB | 393/502 kB | 307/638 kB | 177 kB | 57/173 kB
Progress (5): 442/592 kB | 393/502 kB | 311/638 kB | 177 kB | 57/173 kB
Progress (5): 442/592 kB | 393/502 kB | 315/638 kB | 177 kB | 57/173 kB
Progress (5): 442/592 kB | 393/502 kB | 319/638 kB | 177 kB | 57/173 kB
Progress (5): 442/592 kB | 397/502 kB | 319/638 kB | 177 kB | 57/173 kB
Progress (5): 442/592 kB | 401/502 kB | 319/638 kB | 177 kB | 57/173 kB
Progress (5): 442/592 kB | 406/502 kB | 319/638 kB | 177 kB | 57/173 kB
Progress (5): 442/592 kB | 410/502 kB | 319/638 kB | 177 kB | 57/173 kB
Progress (5): 442/592 kB | 414/502 kB | 319/638 kB | 177 kB | 57/173 kB
Progress (5): 442/592 kB | 418/502 kB | 319/638 kB | 177 kB | 57/173 kB
Progress (5): 442/592 kB | 422/502 kB | 319/638 kB | 177 kB | 57/173 kB
Progress (5): 442/592 kB | 426/502 kB | 319/638 kB | 177 kB | 57/173 kB
Progress (5): 442/592 kB | 430/502 kB | 319/638 kB | 177 kB | 57/173 kB
Progress (5): 442/592 kB | 434/502 kB | 319/638 kB | 177 kB | 57/173 kB
Progress (5): 442/592 kB | 438/502 kB | 319/638 kB | 177 kB | 57/173 kB
Progress (5): 442/592 kB | 442/502 kB | 319/638 kB | 177 kB | 57/173 kB
Progress (5): 446/592 kB | 442/502 kB | 319/638 kB | 177 kB | 57/173 kB
Progress (5): 451/592 kB | 442/502 kB | 319/638 kB | 177 kB | 57/173 kB
Progress (5): 455/592 kB | 442/502 kB | 319/638 kB | 177 kB | 57/173 kB
                                                                       
Downloaded from central: https://repo.maven.apache.org/maven2/org/apache/maven/maven-model-builder/3.3.9/maven-model-builder-3.3.9.jar (177 kB at 644 kB/s)
Downloading from central: https://repo.maven.apache.org/maven2/org/eclipse/aether/aether-api/1.0.2.v20150114/aether-api-1.0.2.v20150114.jar
Progress (4): 455/592 kB | 442/502 kB | 324/638 kB | 57/173 kB
Progress (4): 455/592 kB | 442/502 kB | 328/638 kB | 57/173 kB
Progress (4): 455/592 kB | 442/502 kB | 332/638 kB | 57/173 kB
Progress (4): 455/592 kB | 442/502 kB | 336/638 kB | 57/173 kB
Progress (4): 459/592 kB | 442/502 kB | 336/638 kB | 57/173 kB
Progress (4): 463/592 kB | 442/502 kB | 336/638 kB | 57/173 kB
Progress (4): 467/592 kB | 442/502 kB | 336/638 kB | 57/173 kB
Progress (4): 471/592 kB | 442/502 kB | 336/638 kB | 57/173 kB
Progress (4): 475/592 kB | 442/502 kB | 336/638 kB | 57/173 kB
Progress (4): 479/592 kB | 442/502 kB | 336/638 kB | 57/173 kB
Progress (4): 483/592 kB | 442/502 kB | 336/638 kB | 57/173 kB
Progress (4): 487/592 kB | 442/502 kB | 336/638 kB | 57/173 kB
Progress (4): 492/592 kB | 442/502 kB | 336/638 kB | 57/173 kB
Progress (4): 496/592 kB | 442/502 kB | 336/638 kB | 57/173 kB
Progress (4): 500/592 kB | 442/502 kB | 336/638 kB | 57/173 kB
Progress (4): 500/592 kB | 446/502 kB | 336/638 kB | 57/173 kB
Progress (4): 500/592 kB | 446/502 kB | 336/638 kB | 61/173 kB
Progress (4): 500/592 kB | 446/502 kB | 336/638 kB | 66/173 kB
Progress (4): 500/592 kB | 446/502 kB | 336/638 kB | 70/173 kB
Progress (4): 500/592 kB | 446/502 kB | 336/638 kB | 74/173 kB
Progress (4): 500/592 kB | 446/502 kB | 336/638 kB | 78/173 kB
Progress (4): 500/592 kB | 446/502 kB | 336/638 kB | 82/173 kB
Progress (4): 500/592 kB | 446/502 kB | 336/638 kB | 86/173 kB
Progress (4): 500/592 kB | 446/502 kB | 336/638 kB | 90/173 kB
Progress (4): 500/592 kB | 446/502 kB | 336/638 kB | 94/173 kB
Progress (4): 500/592 kB | 446/502 kB | 340/638 kB | 94/173 kB
Progress (4): 500/592 kB | 446/502 kB | 344/638 kB | 94/173 kB
Progress (4): 500/592 kB | 446/502 kB | 348/638 kB | 94/173 kB
Progress (4): 500/592 kB | 446/502 kB | 352/638 kB | 94/173 kB
Progress (4): 500/592 kB | 446/502 kB | 356/638 kB | 94/173 kB
Progress (4): 500/592 kB | 446/502 kB | 360/638 kB | 94/173 kB
Progress (4): 500/592 kB | 446/502 kB | 365/638 kB | 94/173 kB
Progress (4): 500/592 kB | 446/502 kB | 369/638 kB | 94/173 kB
Progress (4): 500/592 kB | 446/502 kB | 373/638 kB | 94/173 kB
Progress (4): 500/592 kB | 446/502 kB | 377/638 kB | 94/173 kB
Progress (4): 500/592 kB | 446/502 kB | 381/638 kB | 94/173 kB
Progress (5): 500/592 kB | 446/502 kB | 381/638 kB | 94/173 kB | 4.1/136 kB
Progress (5): 500/592 kB | 446/502 kB | 381/638 kB | 94/173 kB | 8.2/136 kB
Progress (5): 500/592 kB | 446/502 kB | 381/638 kB | 94/173 kB | 12/136 kB 
Progress (5): 500/592 kB | 446/502 kB | 381/638 kB | 94/173 kB | 16/136 kB
Progress (5): 500/592 kB | 446/502 kB | 381/638 kB | 94/173 kB | 20/136 kB
Progress (5): 500/592 kB | 446/502 kB | 381/638 kB | 94/173 kB | 25/136 kB
Progress (5): 500/592 kB | 446/502 kB | 381/638 kB | 94/173 kB | 29/136 kB
Progress (5): 500/592 kB | 446/502 kB | 381/638 kB | 94/173 kB | 33/136 kB
Progress (5): 500/592 kB | 451/502 kB | 381/638 kB | 94/173 kB | 33/136 kB
Progress (5): 500/592 kB | 455/502 kB | 381/638 kB | 94/173 kB | 33/136 kB
Progress (5): 500/592 kB | 459/502 kB | 381/638 kB | 94/173 kB | 33/136 kB
Progress (5): 500/592 kB | 463/502 kB | 381/638 kB | 94/173 kB | 33/136 kB
Progress (5): 500/592 kB | 467/502 kB | 381/638 kB | 94/173 kB | 33/136 kB
Progress (5): 500/592 kB | 471/502 kB | 381/638 kB | 94/173 kB | 33/136 kB
Progress (5): 500/592 kB | 475/502 kB | 381/638 kB | 94/173 kB | 33/136 kB
Progress (5): 504/592 kB | 475/502 kB | 381/638 kB | 94/173 kB | 33/136 kB
Progress (5): 508/592 kB | 475/502 kB | 381/638 kB | 94/173 kB | 33/136 kB
Progress (5): 512/592 kB | 475/502 kB | 381/638 kB | 94/173 kB | 33/136 kB
Progress (5): 516/592 kB | 475/502 kB | 381/638 kB | 94/173 kB | 33/136 kB
Progress (5): 520/592 kB | 475/502 kB | 381/638 kB | 94/173 kB | 33/136 kB
Progress (5): 524/592 kB | 475/502 kB | 381/638 kB | 94/173 kB | 33/136 kB
Progress (5): 524/592 kB | 475/502 kB | 381/638 kB | 98/173 kB | 33/136 kB
Progress (5): 524/592 kB | 475/502 kB | 381/638 kB | 102/173 kB | 33/136 kB
Progress (5): 524/592 kB | 475/502 kB | 381/638 kB | 106/173 kB | 33/136 kB
Progress (5): 524/592 kB | 475/502 kB | 381/638 kB | 111/173 kB | 33/136 kB
Progress (5): 524/592 kB | 475/502 kB | 381/638 kB | 115/173 kB | 33/136 kB
Progress (5): 524/592 kB | 475/502 kB | 381/638 kB | 119/173 kB | 33/136 kB
Progress (5): 524/592 kB | 475/502 kB | 385/638 kB | 119/173 kB | 33/136 kB
Progress (5): 524/592 kB | 475/502 kB | 389/638 kB | 119/173 kB | 33/136 kB
Progress (5): 524/592 kB | 475/502 kB | 393/638 kB | 119/173 kB | 33/136 kB
Progress (5): 524/592 kB | 475/502 kB | 393/638 kB | 119/173 kB | 37/136 kB
Progress (5): 524/592 kB | 475/502 kB | 393/638 kB | 119/173 kB | 41/136 kB
Progress (5): 524/592 kB | 475/502 kB | 393/638 kB | 119/173 kB | 45/136 kB
Progress (5): 524/592 kB | 475/502 kB | 393/638 kB | 119/173 kB | 49/136 kB
Progress (5): 524/592 kB | 479/502 kB | 393/638 kB | 119/173 kB | 49/136 kB
Progress (5): 524/592 kB | 483/502 kB | 393/638 kB | 119/173 kB | 49/136 kB
Progress (5): 524/592 kB | 487/502 kB | 393/638 kB | 119/173 kB | 49/136 kB
Progress (5): 524/592 kB | 492/502 kB | 393/638 kB | 119/173 kB | 49/136 kB
Progress (5): 524/592 kB | 496/502 kB | 393/638 kB | 119/173 kB | 49/136 kB
Progress (5): 528/592 kB | 496/502 kB | 393/638 kB | 119/173 kB | 49/136 kB
Progress (5): 532/592 kB | 496/502 kB | 393/638 kB | 119/173 kB | 49/136 kB
Progress (5): 537/592 kB | 496/502 kB | 393/638 kB | 119/173 kB | 49/136 kB
Progress (5): 541/592 kB | 496/502 kB | 393/638 kB | 119/173 kB | 49/136 kB
Progress (5): 545/592 kB | 496/502 kB | 393/638 kB | 119/173 kB | 49/136 kB
Progress (5): 549/592 kB | 496/502 kB | 393/638 kB | 119/173 kB | 49/136 kB
Progress (5): 553/592 kB | 496/502 kB | 393/638 kB | 119/173 kB | 49/136 kB
Progress (5): 557/592 kB | 496/502 kB | 393/638 kB | 119/173 kB | 49/136 kB
Progress (5): 561/592 kB | 496/502 kB | 393/638 kB | 119/173 kB | 49/136 kB
Progress (5): 561/592 kB | 496/502 kB | 393/638 kB | 119/173 kB | 53/136 kB
Progress (5): 561/592 kB | 496/502 kB | 393/638 kB | 119/173 kB | 57/136 kB
Progress (5): 561/592 kB | 496/502 kB | 393/638 kB | 119/173 kB | 61/136 kB
Progress (5): 561/592 kB | 496/502 kB | 393/638 kB | 119/173 kB | 66/136 kB
Progress (5): 561/592 kB | 496/502 kB | 393/638 kB | 119/173 kB | 70/136 kB
Progress (5): 561/592 kB | 496/502 kB | 393/638 kB | 119/173 kB | 74/136 kB
Progress (5): 561/592 kB | 496/502 kB | 393/638 kB | 119/173 kB | 78/136 kB
Progress (5): 561/592 kB | 496/502 kB | 393/638 kB | 119/173 kB | 82/136 kB
Progress (5): 561/592 kB | 496/502 kB | 393/638 kB | 119/173 kB | 86/136 kB
Progress (5): 561/592 kB | 496/502 kB | 393/638 kB | 119/173 kB | 90/136 kB
Progress (5): 561/592 kB | 496/502 kB | 393/638 kB | 119/173 kB | 94/136 kB
Progress (5): 561/592 kB | 496/502 kB | 393/638 kB | 119/173 kB | 98/136 kB
Progress (5): 561/592 kB | 496/502 kB | 393/638 kB | 119/173 kB | 102/136 kB
Progress (5): 561/592 kB | 496/502 kB | 393/638 kB | 119/173 kB | 106/136 kB
Progress (5): 561/592 kB | 496/502 kB | 397/638 kB | 119/173 kB | 106/136 kB
Progress (5): 561/592 kB | 496/502 kB | 401/638 kB | 119/173 kB | 106/136 kB
Progress (5): 561/592 kB | 496/502 kB | 406/638 kB | 119/173 kB | 106/136 kB
Progress (5): 561/592 kB | 496/502 kB | 410/638 kB | 119/173 kB | 106/136 kB
Progress (5): 561/592 kB | 496/502 kB | 414/638 kB | 119/173 kB | 106/136 kB
Progress (5): 561/592 kB | 496/502 kB | 418/638 kB | 119/173 kB | 106/136 kB
Progress (5): 561/592 kB | 496/502 kB | 422/638 kB | 119/173 kB | 106/136 kB
Progress (5): 561/592 kB | 496/502 kB | 426/638 kB | 119/173 kB | 106/136 kB
Progress (5): 561/592 kB | 496/502 kB | 430/638 kB | 119/173 kB | 106/136 kB
Progress (5): 561/592 kB | 496/502 kB | 434/638 kB | 119/173 kB | 106/136 kB
Progress (5): 561/592 kB | 496/502 kB | 438/638 kB | 119/173 kB | 106/136 kB
Progress (5): 561/592 kB | 496/502 kB | 442/638 kB | 119/173 kB | 106/136 kB
Progress (5): 561/592 kB | 496/502 kB | 446/638 kB | 119/173 kB | 106/136 kB
Progress (5): 561/592 kB | 496/502 kB | 450/638 kB | 119/173 kB | 106/136 kB
Progress (5): 561/592 kB | 500/502 kB | 450/638 kB | 119/173 kB | 106/136 kB
Progress (5): 561/592 kB | 502 kB | 450/638 kB | 119/173 kB | 106/136 kB    
Progress (5): 561/592 kB | 502 kB | 450/638 kB | 123/173 kB | 106/136 kB
Progress (5): 561/592 kB | 502 kB | 450/638 kB | 127/173 kB | 106/136 kB
Progress (5): 561/592 kB | 502 kB | 450/638 kB | 131/173 kB | 106/136 kB
Progress (5): 561/592 kB | 502 kB | 450/638 kB | 135/173 kB | 106/136 kB
Progress (5): 561/592 kB | 502 kB | 450/638 kB | 139/173 kB | 106/136 kB
Progress (5): 561/592 kB | 502 kB | 450/638 kB | 143/173 kB | 106/136 kB
Progress (5): 561/592 kB | 502 kB | 450/638 kB | 147/173 kB | 106/136 kB
Progress (5): 561/592 kB | 502 kB | 450/638 kB | 152/173 kB | 106/136 kB
Progress (5): 561/592 kB | 502 kB | 450/638 kB | 156/173 kB | 106/136 kB
Progress (5): 561/592 kB | 502 kB | 450/638 kB | 160/173 kB | 106/136 kB
Progress (5): 561/592 kB | 502 kB | 450/638 kB | 164/173 kB | 106/136 kB
Progress (5): 561/592 kB | 502 kB | 450/638 kB | 168/173 kB | 106/136 kB
Progress (5): 565/592 kB | 502 kB | 450/638 kB | 168/173 kB | 106/136 kB
Progress (5): 569/592 kB | 502 kB | 450/638 kB | 168/173 kB | 106/136 kB
Progress (5): 573/592 kB | 502 kB | 450/638 kB | 168/173 kB | 106/136 kB
Progress (5): 578/592 kB | 502 kB | 450/638 kB | 168/173 kB | 106/136 kB
Progress (5): 582/592 kB | 502 kB | 450/638 kB | 168/173 kB | 106/136 kB
Progress (5): 586/592 kB | 502 kB | 450/638 kB | 168/173 kB | 106/136 kB
Progress (5): 590/592 kB | 502 kB | 450/638 kB | 168/173 kB | 106/136 kB
Progress (5): 590/592 kB | 502 kB | 450/638 kB | 168/173 kB | 111/136 kB
Progress (5): 590/592 kB | 502 kB | 450/638 kB | 168/173 kB | 115/136 kB
Progress (5): 590/592 kB | 502 kB | 450/638 kB | 168/173 kB | 119/136 kB
Progress (5): 590/592 kB | 502 kB | 450/638 kB | 168/173 kB | 123/136 kB
Progress (5): 590/592 kB | 502 kB | 450/638 kB | 168/173 kB | 127/136 kB
Progress (5): 590/592 kB | 502 kB | 450/638 kB | 168/173 kB | 131/136 kB
Progress (5): 590/592 kB | 502 kB | 450/638 kB | 168/173 kB | 135/136 kB
Progress (5): 590/592 kB | 502 kB | 450/638 kB | 168/173 kB | 136 kB    
Progress (5): 590/592 kB | 502 kB | 454/638 kB | 168/173 kB | 136 kB
Progress (5): 590/592 kB | 502 kB | 458/638 kB | 168/173 kB | 136 kB
Progress (5): 590/592 kB | 502 kB | 463/638 kB | 168/173 kB | 136 kB
Progress (5): 590/592 kB | 502 kB | 467/638 kB | 168/173 kB | 136 kB
Progress (5): 590/592 kB | 502 kB | 471/638 kB | 168/173 kB | 136 kB
Progress (5): 590/592 kB | 502 kB | 475/638 kB | 168/173 kB | 136 kB
Progress (5): 590/592 kB | 502 kB | 479/638 kB | 168/173 kB | 136 kB
Progress (5): 590/592 kB | 502 kB | 483/638 kB | 168/173 kB | 136 kB
Progress (5): 590/592 kB | 502 kB | 487/638 kB | 168/173 kB | 136 kB
Progress (5): 590/592 kB | 502 kB | 491/638 kB | 168/173 kB | 136 kB
Progress (5): 590/592 kB | 502 kB | 495/638 kB | 168/173 kB | 136 kB
Progress (5): 590/592 kB | 502 kB | 499/638 kB | 168/173 kB | 136 kB
Progress (5): 590/592 kB | 502 kB | 504/638 kB | 168/173 kB | 136 kB
Progress (5): 590/592 kB | 502 kB | 504/638 kB | 172/173 kB | 136 kB
Progress (5): 590/592 kB | 502 kB | 504/638 kB | 173 kB | 136 kB    
                                                                
Downloaded from central: https://repo.maven.apache.org/maven2/org/apache/commons/commons-lang3/3.8.1/commons-lang3-3.8.1.jar (502 kB at 1.4 MB/s)
Downloading from central: https://repo.maven.apache.org/maven2/org/eclipse/aether/aether-util/1.0.2.v20150114/aether-util-1.0.2.v20150114.jar
Downloaded from central: https://repo.maven.apache.org/maven2/org/eclipse/aether/aether-impl/1.0.2.v20150114/aether-impl-1.0.2.v20150114.jar (173 kB at 491 kB/s)
Progress (3): 592 kB | 504/638 kB | 136 kB
Progress (4): 592 kB | 504/638 kB | 136 kB | 4.1/147 kB
Progress (4): 592 kB | 504/638 kB | 136 kB | 8.2/147 kB
Progress (4): 592 kB | 504/638 kB | 136 kB | 12/147 kB 
Progress (4): 592 kB | 504/638 kB | 136 kB | 16/147 kB
Progress (4): 592 kB | 504/638 kB | 136 kB | 20/147 kB
Progress (4): 592 kB | 504/638 kB | 136 kB | 25/147 kB
Progress (4): 592 kB | 504/638 kB | 136 kB | 29/147 kB
Progress (4): 592 kB | 504/638 kB | 136 kB | 33/147 kB
                                                      
Downloading from central: https://repo.maven.apache.org/maven2/org/eclipse/sisu/org.eclipse.sisu.plexus/0.3.2/org.eclipse.sisu.plexus-0.3.2.jar
Downloaded from central: https://repo.maven.apache.org/maven2/org/eclipse/aether/aether-api/1.0.2.v20150114/aether-api-1.0.2.v20150114.jar (136 kB at 373 kB/s)
Downloading from central: https://repo.maven.apache.org/maven2/javax/enterprise/cdi-api/1.0/cdi-api-1.0.jar
Progress (3): 592 kB | 508/638 kB | 33/147 kB
Progress (3): 592 kB | 512/638 kB | 33/147 kB
Progress (3): 592 kB | 516/638 kB | 33/147 kB
Progress (4): 592 kB | 516/638 kB | 33/147 kB | 4.1/205 kB
Progress (4): 592 kB | 516/638 kB | 33/147 kB | 8.2/205 kB
Progress (4): 592 kB | 516/638 kB | 33/147 kB | 12/205 kB 
Progress (4): 592 kB | 516/638 kB | 33/147 kB | 16/205 kB
Progress (4): 592 kB | 516/638 kB | 33/147 kB | 20/205 kB
Progress (4): 592 kB | 516/638 kB | 33/147 kB | 25/205 kB
Progress (4): 592 kB | 516/638 kB | 33/147 kB | 29/205 kB
Progress (4): 592 kB | 516/638 kB | 33/147 kB | 33/205 kB
Progress (4): 592 kB | 516/638 kB | 33/147 kB | 37/205 kB
                                                         
Downloaded from central: https://repo.maven.apache.org/maven2/org/apache/commons/commons-compress/1.18/commons-compress-1.18.jar (592 kB at 1.5 MB/s)
Downloading from central: https://repo.maven.apache.org/maven2/javax/annotation/jsr250-api/1.0/jsr250-api-1.0.jar
Progress (3): 516/638 kB | 37/147 kB | 37/205 kB
Progress (3): 516/638 kB | 41/147 kB | 37/205 kB
Progress (3): 516/638 kB | 45/147 kB | 37/205 kB
Progress (3): 516/638 kB | 49/147 kB | 37/205 kB
Progress (3): 516/638 kB | 53/147 kB | 37/205 kB
Progress (3): 516/638 kB | 57/147 kB | 37/205 kB
Progress (3): 516/638 kB | 61/147 kB | 37/205 kB
Progress (3): 516/638 kB | 66/147 kB | 37/205 kB
Progress (4): 516/638 kB | 66/147 kB | 37/205 kB | 4.1/5.8 kB
Progress (4): 516/638 kB | 66/147 kB | 37/205 kB | 5.8 kB    
Progress (5): 516/638 kB | 66/147 kB | 37/205 kB | 5.8 kB | 4.1/45 kB
Progress (5): 516/638 kB | 66/147 kB | 37/205 kB | 5.8 kB | 8.2/45 kB
Progress (5): 516/638 kB | 66/147 kB | 37/205 kB | 5.8 kB | 12/45 kB 
Progress (5): 520/638 kB | 66/147 kB | 37/205 kB | 5.8 kB | 12/45 kB
Progress (5): 524/638 kB | 66/147 kB | 37/205 kB | 5.8 kB | 12/45 kB
Progress (5): 528/638 kB | 66/147 kB | 37/205 kB | 5.8 kB | 12/45 kB
Progress (5): 532/638 kB | 66/147 kB | 37/205 kB | 5.8 kB | 12/45 kB
Progress (5): 536/638 kB | 66/147 kB | 37/205 kB | 5.8 kB | 12/45 kB
Progress (5): 540/638 kB | 66/147 kB | 37/205 kB | 5.8 kB | 12/45 kB
Progress (5): 544/638 kB | 66/147 kB | 37/205 kB | 5.8 kB | 12/45 kB
Progress (5): 549/638 kB | 66/147 kB | 37/205 kB | 5.8 kB | 12/45 kB
Progress (5): 553/638 kB | 66/147 kB | 37/205 kB | 5.8 kB | 12/45 kB
Progress (5): 557/638 kB | 66/147 kB | 37/205 kB | 5.8 kB | 12/45 kB
Progress (5): 561/638 kB | 66/147 kB | 37/205 kB | 5.8 kB | 12/45 kB
Progress (5): 565/638 kB | 66/147 kB | 37/205 kB | 5.8 kB | 12/45 kB
Progress (5): 569/638 kB | 66/147 kB | 37/205 kB | 5.8 kB | 12/45 kB
Progress (5): 569/638 kB | 70/147 kB | 37/205 kB | 5.8 kB | 12/45 kB
Progress (5): 569/638 kB | 74/147 kB | 37/205 kB | 5.8 kB | 12/45 kB
                                                                    
Downloaded from central: https://repo.maven.apache.org/maven2/javax/annotation/jsr250-api/1.0/jsr250-api-1.0.jar (5.8 kB at 15 kB/s)
Downloading from central: https://repo.maven.apache.org/maven2/org/eclipse/sisu/org.eclipse.sisu.inject/0.3.2/org.eclipse.sisu.inject-0.3.2.jar
Progress (4): 569/638 kB | 74/147 kB | 37/205 kB | 16/45 kB
Progress (4): 569/638 kB | 74/147 kB | 37/205 kB | 20/45 kB
Progress (4): 569/638 kB | 74/147 kB | 37/205 kB | 25/45 kB
Progress (4): 569/638 kB | 74/147 kB | 37/205 kB | 29/45 kB
Progress (4): 569/638 kB | 74/147 kB | 37/205 kB | 33/45 kB
Progress (4): 569/638 kB | 74/147 kB | 37/205 kB | 37/45 kB
Progress (4): 569/638 kB | 74/147 kB | 37/205 kB | 41/45 kB
Progress (5): 569/638 kB | 74/147 kB | 37/205 kB | 41/45 kB | 4.1/378 kB
Progress (5): 569/638 kB | 74/147 kB | 37/205 kB | 41/45 kB | 8.2/378 kB
Progress (5): 569/638 kB | 74/147 kB | 41/205 kB | 41/45 kB | 8.2/378 kB
Progress (5): 569/638 kB | 74/147 kB | 45/205 kB | 41/45 kB | 8.2/378 kB
Progress (5): 569/638 kB | 74/147 kB | 49/205 kB | 41/45 kB | 8.2/378 kB
Progress (5): 569/638 kB | 74/147 kB | 53/205 kB | 41/45 kB | 8.2/378 kB
Progress (5): 569/638 kB | 74/147 kB | 57/205 kB | 41/45 kB | 8.2/378 kB
Progress (5): 569/638 kB | 74/147 kB | 61/205 kB | 41/45 kB | 8.2/378 kB
Progress (5): 569/638 kB | 74/147 kB | 66/205 kB | 41/45 kB | 8.2/378 kB
Progress (5): 569/638 kB | 74/147 kB | 70/205 kB | 41/45 kB | 8.2/378 kB
Progress (5): 569/638 kB | 74/147 kB | 74/205 kB | 41/45 kB | 8.2/378 kB
Progress (5): 569/638 kB | 74/147 kB | 78/205 kB | 41/45 kB | 8.2/378 kB
Progress (5): 569/638 kB | 74/147 kB | 82/205 kB | 41/45 kB | 8.2/378 kB
Progress (5): 569/638 kB | 78/147 kB | 82/205 kB | 41/45 kB | 8.2/378 kB
Progress (5): 569/638 kB | 82/147 kB | 82/205 kB | 41/45 kB | 8.2/378 kB
Progress (5): 569/638 kB | 86/147 kB | 82/205 kB | 41/45 kB | 8.2/378 kB
Progress (5): 569/638 kB | 90/147 kB | 82/205 kB | 41/45 kB | 8.2/378 kB
Progress (5): 569/638 kB | 94/147 kB | 82/205 kB | 41/45 kB | 8.2/378 kB
Progress (5): 569/638 kB | 98/147 kB | 82/205 kB | 41/45 kB | 8.2/378 kB
Progress (5): 569/638 kB | 102/147 kB | 82/205 kB | 41/45 kB | 8.2/378 kB
Progress (5): 569/638 kB | 106/147 kB | 82/205 kB | 41/45 kB | 8.2/378 kB
Progress (5): 569/638 kB | 111/147 kB | 82/205 kB | 41/45 kB | 8.2/378 kB
Progress (5): 569/638 kB | 115/147 kB | 82/205 kB | 41/45 kB | 8.2/378 kB
Progress (5): 569/638 kB | 119/147 kB | 82/205 kB | 41/45 kB | 8.2/378 kB
Progress (5): 569/638 kB | 123/147 kB | 82/205 kB | 41/45 kB | 8.2/378 kB
Progress (5): 569/638 kB | 127/147 kB | 82/205 kB | 41/45 kB | 8.2/378 kB
Progress (5): 569/638 kB | 131/147 kB | 82/205 kB | 41/45 kB | 8.2/378 kB
Progress (5): 569/638 kB | 131/147 kB | 82/205 kB | 41/45 kB | 12/378 kB 
Progress (5): 569/638 kB | 131/147 kB | 82/205 kB | 41/45 kB | 16/378 kB
Progress (5): 569/638 kB | 131/147 kB | 82/205 kB | 41/45 kB | 20/378 kB
Progress (5): 569/638 kB | 131/147 kB | 82/205 kB | 41/45 kB | 25/378 kB
Progress (5): 569/638 kB | 131/147 kB | 82/205 kB | 41/45 kB | 29/378 kB
Progress (5): 569/638 kB | 131/147 kB | 82/205 kB | 41/45 kB | 33/378 kB
Progress (5): 569/638 kB | 131/147 kB | 82/205 kB | 41/45 kB | 37/378 kB
Progress (5): 573/638 kB | 131/147 kB | 82/205 kB | 41/45 kB | 37/378 kB
Progress (5): 577/638 kB | 131/147 kB | 82/205 kB | 41/45 kB | 37/378 kB
Progress (5): 581/638 kB | 131/147 kB | 82/205 kB | 41/45 kB | 37/378 kB
Progress (5): 585/638 kB | 131/147 kB | 82/205 kB | 41/45 kB | 37/378 kB
Progress (5): 590/638 kB | 131/147 kB | 82/205 kB | 41/45 kB | 37/378 kB
Progress (5): 594/638 kB | 131/147 kB | 82/205 kB | 41/45 kB | 37/378 kB
Progress (5): 598/638 kB | 131/147 kB | 82/205 kB | 41/45 kB | 37/378 kB
Progress (5): 602/638 kB | 131/147 kB | 82/205 kB | 41/45 kB | 37/378 kB
Progress (5): 606/638 kB | 131/147 kB | 82/205 kB | 41/45 kB | 37/378 kB
Progress (5): 610/638 kB | 131/147 kB | 82/205 kB | 41/45 kB | 37/378 kB
Progress (5): 614/638 kB | 131/147 kB | 82/205 kB | 41/45 kB | 37/378 kB
Progress (5): 618/638 kB | 131/147 kB | 82/205 kB | 41/45 kB | 37/378 kB
Progress (5): 618/638 kB | 131/147 kB | 82/205 kB | 45 kB | 37/378 kB   
Progress (5): 618/638 kB | 131/147 kB | 82/205 kB | 45 kB | 41/378 kB
Progress (5): 618/638 kB | 131/147 kB | 82/205 kB | 45 kB | 45/378 kB
Progress (5): 618/638 kB | 131/147 kB | 86/205 kB | 45 kB | 45/378 kB
Progress (5): 618/638 kB | 131/147 kB | 90/205 kB | 45 kB | 45/378 kB
Progress (5): 618/638 kB | 131/147 kB | 94/205 kB | 45 kB | 45/378 kB
Progress (5): 618/638 kB | 131/147 kB | 98/205 kB | 45 kB | 45/378 kB
Progress (5): 618/638 kB | 131/147 kB | 102/205 kB | 45 kB | 45/378 kB
Progress (5): 618/638 kB | 131/147 kB | 106/205 kB | 45 kB | 45/378 kB
Progress (5): 618/638 kB | 131/147 kB | 111/205 kB | 45 kB | 45/378 kB
                                                                      
Downloaded from central: https://repo.maven.apache.org/maven2/javax/enterprise/cdi-api/1.0/cdi-api-1.0.jar (45 kB at 106 kB/s)
Downloading from central: https://repo.maven.apache.org/maven2/com/google/inject/guice/4.0/guice-4.0-no_aop.jar
Progress (4): 618/638 kB | 135/147 kB | 111/205 kB | 45/378 kB
Progress (4): 618/638 kB | 139/147 kB | 111/205 kB | 45/378 kB
Progress (4): 618/638 kB | 143/147 kB | 111/205 kB | 45/378 kB
Progress (4): 618/638 kB | 147 kB | 111/205 kB | 45/378 kB    
Progress (4): 618/638 kB | 147 kB | 111/205 kB | 49/378 kB
Progress (4): 618/638 kB | 147 kB | 111/205 kB | 53/378 kB
Progress (4): 618/638 kB | 147 kB | 111/205 kB | 57/378 kB
Progress (4): 618/638 kB | 147 kB | 111/205 kB | 61/378 kB
Progress (4): 618/638 kB | 147 kB | 111/205 kB | 66/378 kB
Progress (4): 618/638 kB | 147 kB | 115/205 kB | 66/378 kB
Progress (4): 618/638 kB | 147 kB | 119/205 kB | 66/378 kB
Progress (4): 618/638 kB | 147 kB | 123/205 kB | 66/378 kB
Progress (4): 618/638 kB | 147 kB | 127/205 kB | 66/378 kB
Progress (4): 618/638 kB | 147 kB | 131/205 kB | 66/378 kB
Progress (4): 618/638 kB | 147 kB | 135/205 kB | 66/378 kB
Progress (4): 618/638 kB | 147 kB | 139/205 kB | 66/378 kB
Progress (4): 618/638 kB | 147 kB | 143/205 kB | 66/378 kB
Progress (4): 618/638 kB | 147 kB | 147/205 kB | 66/378 kB
Progress (4): 618/638 kB | 147 kB | 152/205 kB | 66/378 kB
Progress (4): 618/638 kB | 147 kB | 156/205 kB | 66/378 kB
Progress (5): 618/638 kB | 147 kB | 156/205 kB | 66/378 kB | 4.1/424 kB
Progress (5): 618/638 kB | 147 kB | 156/205 kB | 66/378 kB | 8.2/424 kB
Progress (5): 618/638 kB | 147 kB | 156/205 kB | 66/378 kB | 12/424 kB 
Progress (5): 618/638 kB | 147 kB | 156/205 kB | 66/378 kB | 16/424 kB
Progress (5): 618/638 kB | 147 kB | 156/205 kB | 66/378 kB | 20/424 kB
Progress (5): 618/638 kB | 147 kB | 156/205 kB | 66/378 kB | 25/424 kB
Progress (5): 618/638 kB | 147 kB | 156/205 kB | 66/378 kB | 29/424 kB
Progress (5): 618/638 kB | 147 kB | 156/205 kB | 66/378 kB | 33/424 kB
Progress (5): 618/638 kB | 147 kB | 156/205 kB | 66/378 kB | 37/424 kB
Progress (5): 618/638 kB | 147 kB | 156/205 kB | 66/378 kB | 41/424 kB
Progress (5): 618/638 kB | 147 kB | 156/205 kB | 66/378 kB | 45/424 kB
Progress (5): 618/638 kB | 147 kB | 156/205 kB | 66/378 kB | 49/424 kB
Progress (5): 618/638 kB | 147 kB | 156/205 kB | 66/378 kB | 53/424 kB
                                                                      
Downloaded from central: https://repo.maven.apache.org/maven2/org/eclipse/aether/aether-util/1.0.2.v20150114/aether-util-1.0.2.v20150114.jar (147 kB at 327 kB/s)
Downloading from central: https://repo.maven.apache.org/maven2/javax/inject/javax.inject/1/javax.inject-1.jar
Progress (4): 622/638 kB | 156/205 kB | 66/378 kB | 53/424 kB
Progress (4): 626/638 kB | 156/205 kB | 66/378 kB | 53/424 kB
Progress (4): 631/638 kB | 156/205 kB | 66/378 kB | 53/424 kB
Progress (4): 635/638 kB | 156/205 kB | 66/378 kB | 53/424 kB
Progress (4): 638 kB | 156/205 kB | 66/378 kB | 53/424 kB    
Progress (4): 638 kB | 160/205 kB | 66/378 kB | 53/424 kB
Progress (4): 638 kB | 160/205 kB | 70/378 kB | 53/424 kB
Progress (4): 638 kB | 160/205 kB | 73/378 kB | 53/424 kB
Progress (4): 638 kB | 160/205 kB | 77/378 kB | 53/424 kB
Progress (4): 638 kB | 160/205 kB | 81/378 kB | 53/424 kB
Progress (4): 638 kB | 160/205 kB | 85/378 kB | 53/424 kB
Progress (4): 638 kB | 160/205 kB | 89/378 kB | 53/424 kB
                                                         
Downloaded from central: https://repo.maven.apache.org/maven2/org/apache/maven/maven-core/3.3.9/maven-core-3.3.9.jar (638 kB at 1.4 MB/s)
Progress (3): 164/205 kB | 89/378 kB | 53/424 kB
Progress (4): 164/205 kB | 89/378 kB | 53/424 kB | 2.5 kB
Progress (4): 164/205 kB | 93/378 kB | 53/424 kB | 2.5 kB
Progress (4): 164/205 kB | 97/378 kB | 53/424 kB | 2.5 kB
Progress (4): 164/205 kB | 101/378 kB | 53/424 kB | 2.5 kB
Progress (4): 164/205 kB | 105/378 kB | 53/424 kB | 2.5 kB
Progress (4): 164/205 kB | 109/378 kB | 53/424 kB | 2.5 kB
Progress (4): 164/205 kB | 114/378 kB | 53/424 kB | 2.5 kB
Progress (4): 164/205 kB | 118/378 kB | 53/424 kB | 2.5 kB
Progress (4): 164/205 kB | 122/378 kB | 53/424 kB | 2.5 kB
Progress (4): 164/205 kB | 126/378 kB | 53/424 kB | 2.5 kB
Progress (4): 164/205 kB | 130/378 kB | 53/424 kB | 2.5 kB
Progress (4): 164/205 kB | 134/378 kB | 53/424 kB | 2.5 kB
Progress (4): 164/205 kB | 138/378 kB | 53/424 kB | 2.5 kB
Progress (4): 164/205 kB | 142/378 kB | 53/424 kB | 2.5 kB
Progress (4): 164/205 kB | 146/378 kB | 53/424 kB | 2.5 kB
Progress (4): 164/205 kB | 150/378 kB | 53/424 kB | 2.5 kB
Progress (4): 164/205 kB | 154/378 kB | 53/424 kB | 2.5 kB
                                                          
Downloading from central: https://repo.maven.apache.org/maven2/aopalliance/aopalliance/1.0/aopalliance-1.0.jar
Downloaded from central: https://repo.maven.apache.org/maven2/javax/inject/javax.inject/1/javax.inject-1.jar (2.5 kB at 5.3 kB/s)
Downloading from central: https://repo.maven.apache.org/maven2/org/codehaus/plexus/plexus-classworlds/2.5.2/plexus-classworlds-2.5.2.jar
Progress (3): 164/205 kB | 154/378 kB | 57/424 kB
Progress (3): 164/205 kB | 154/378 kB | 61/424 kB
Progress (3): 164/205 kB | 154/378 kB | 66/424 kB
Progress (3): 164/205 kB | 154/378 kB | 70/424 kB
Progress (3): 164/205 kB | 154/378 kB | 74/424 kB
Progress (3): 164/205 kB | 154/378 kB | 78/424 kB
Progress (3): 164/205 kB | 154/378 kB | 82/424 kB
Progress (3): 164/205 kB | 154/378 kB | 86/424 kB
Progress (3): 164/205 kB | 154/378 kB | 90/424 kB
Progress (3): 164/205 kB | 154/378 kB | 94/424 kB
Progress (3): 164/205 kB | 154/378 kB | 98/424 kB
Progress (3): 164/205 kB | 154/378 kB | 102/424 kB
Progress (3): 164/205 kB | 154/378 kB | 106/424 kB
Progress (3): 164/205 kB | 154/378 kB | 111/424 kB
Progress (3): 164/205 kB | 154/378 kB | 115/424 kB
Progress (3): 168/205 kB | 154/378 kB | 115/424 kB
Progress (3): 172/205 kB | 154/378 kB | 115/424 kB
Progress (3): 176/205 kB | 154/378 kB | 115/424 kB
Progress (3): 180/205 kB | 154/378 kB | 115/424 kB
Progress (3): 184/205 kB | 154/378 kB | 115/424 kB
Progress (3): 188/205 kB | 154/378 kB | 115/424 kB
Progress (3): 193/205 kB | 154/378 kB | 115/424 kB
Progress (3): 197/205 kB | 154/378 kB | 115/424 kB
Progress (3): 201/205 kB | 154/378 kB | 115/424 kB
Progress (3): 205/205 kB | 154/378 kB | 115/424 kB
Progress (3): 205 kB | 154/378 kB | 115/424 kB    
Progress (4): 205 kB | 154/378 kB | 115/424 kB | 4.1/4.5 kB
Progress (4): 205 kB | 154/378 kB | 115/424 kB | 4.5 kB    
Progress (5): 205 kB | 154/378 kB | 115/424 kB | 4.5 kB | 4.1/53 kB
Progress (5): 205 kB | 154/378 kB | 115/424 kB | 4.5 kB | 8.2/53 kB
Progress (5): 205 kB | 154/378 kB | 115/424 kB | 4.5 kB | 12/53 kB 
Progress (5): 205 kB | 154/378 kB | 115/424 kB | 4.5 kB | 16/53 kB
Progress (5): 205 kB | 154/378 kB | 115/424 kB | 4.5 kB | 20/53 kB
Progress (5): 205 kB | 154/378 kB | 115/424 kB | 4.5 kB | 25/53 kB
                                                                  
Downloaded from central: https://repo.maven.apache.org/maven2/aopalliance/aopalliance/1.0/aopalliance-1.0.jar (4.5 kB at 9.2 kB/s)
Downloading from central: https://repo.maven.apache.org/maven2/org/codehaus/plexus/plexus-component-annotations/1.6/plexus-component-annotations-1.6.jar
Progress (4): 205 kB | 159/378 kB | 115/424 kB | 25/53 kB
Progress (4): 205 kB | 163/378 kB | 115/424 kB | 25/53 kB
Progress (4): 205 kB | 167/378 kB | 115/424 kB | 25/53 kB
Progress (4): 205 kB | 171/378 kB | 115/424 kB | 25/53 kB
Progress (4): 205 kB | 175/378 kB | 115/424 kB | 25/53 kB
Progress (4): 205 kB | 175/378 kB | 115/424 kB | 29/53 kB
Progress (4): 205 kB | 175/378 kB | 115/424 kB | 33/53 kB
Progress (4): 205 kB | 175/378 kB | 119/424 kB | 33/53 kB
Progress (4): 205 kB | 175/378 kB | 123/424 kB | 33/53 kB
Progress (4): 205 kB | 175/378 kB | 127/424 kB | 33/53 kB
Progress (4): 205 kB | 175/378 kB | 131/424 kB | 33/53 kB
Progress (4): 205 kB | 175/378 kB | 135/424 kB | 33/53 kB
Progress (4): 205 kB | 175/378 kB | 139/424 kB | 33/53 kB
Progress (4): 205 kB | 175/378 kB | 143/424 kB | 33/53 kB
Progress (4): 205 kB | 175/378 kB | 147/424 kB | 33/53 kB
Progress (4): 205 kB | 175/378 kB | 152/424 kB | 33/53 kB
Progress (4): 205 kB | 175/378 kB | 156/424 kB | 33/53 kB
Progress (4): 205 kB | 175/378 kB | 160/424 kB | 33/53 kB
Progress (4): 205 kB | 175/378 kB | 164/424 kB | 33/53 kB
Progress (4): 205 kB | 175/378 kB | 168/424 kB | 33/53 kB
Progress (4): 205 kB | 175/378 kB | 172/424 kB | 33/53 kB
Progress (4): 205 kB | 175/378 kB | 176/424 kB | 33/53 kB
Progress (4): 205 kB | 175/378 kB | 180/424 kB | 33/53 kB
                                                         
Downloaded from central: https://repo.maven.apache.org/maven2/org/eclipse/sisu/org.eclipse.sisu.plexus/0.3.2/org.eclipse.sisu.plexus-0.3.2.jar (205 kB at 410 kB/s)
Downloading from central: https://repo.maven.apache.org/maven2/org/apache/maven/maven-model/3.3.9/maven-model-3.3.9.jar
Progress (4): 175/378 kB | 180/424 kB | 33/53 kB | 4.1/4.3 kB
Progress (4): 175/378 kB | 180/424 kB | 33/53 kB | 4.3 kB    
Progress (4): 175/378 kB | 180/424 kB | 37/53 kB | 4.3 kB
Progress (4): 175/378 kB | 180/424 kB | 41/53 kB | 4.3 kB
Progress (4): 175/378 kB | 180/424 kB | 45/53 kB | 4.3 kB
Progress (4): 175/378 kB | 180/424 kB | 49/53 kB | 4.3 kB
Progress (4): 175/378 kB | 180/424 kB | 53 kB | 4.3 kB   
Progress (4): 179/378 kB | 180/424 kB | 53 kB | 4.3 kB
Progress (4): 183/378 kB | 180/424 kB | 53 kB | 4.3 kB
Progress (4): 187/378 kB | 180/424 kB | 53 kB | 4.3 kB
                                                      
Downloaded from central: https://repo.maven.apache.org/maven2/org/codehaus/plexus/plexus-component-annotations/1.6/plexus-component-annotations-1.6.jar (4.3 kB at 8.4 kB/s)
Progress (4): 187/378 kB | 180/424 kB | 53 kB | 4.1/164 kB
Progress (4): 187/378 kB | 180/424 kB | 53 kB | 8.2/164 kB
Progress (4): 187/378 kB | 180/424 kB | 53 kB | 12/164 kB 
Progress (4): 187/378 kB | 180/424 kB | 53 kB | 16/164 kB
Progress (4): 187/378 kB | 180/424 kB | 53 kB | 20/164 kB
Progress (4): 187/378 kB | 180/424 kB | 53 kB | 25/164 kB
Progress (4): 187/378 kB | 180/424 kB | 53 kB | 29/164 kB
Progress (4): 187/378 kB | 180/424 kB | 53 kB | 33/164 kB
                                                         
Downloaded from central: https://repo.maven.apache.org/maven2/org/codehaus/plexus/plexus-classworlds/2.5.2/plexus-classworlds-2.5.2.jar (53 kB at 102 kB/s)
Downloading from central: https://repo.maven.apache.org/maven2/org/apache/maven/maven-plugin-api/3.3.9/maven-plugin-api-3.3.9.jar
Progress (3): 191/378 kB | 180/424 kB | 33/164 kB
Progress (3): 195/378 kB | 180/424 kB | 33/164 kB
Progress (3): 200/378 kB | 180/424 kB | 33/164 kB
Progress (3): 204/378 kB | 180/424 kB | 33/164 kB
Progress (3): 208/378 kB | 180/424 kB | 33/164 kB
Progress (3): 212/378 kB | 180/424 kB | 33/164 kB
Progress (3): 216/378 kB | 180/424 kB | 33/164 kB
Progress (3): 220/378 kB | 180/424 kB | 33/164 kB
Progress (3): 224/378 kB | 180/424 kB | 33/164 kB
Progress (3): 228/378 kB | 180/424 kB | 33/164 kB
Progress (3): 232/378 kB | 180/424 kB | 33/164 kB
Progress (3): 236/378 kB | 180/424 kB | 33/164 kB
Progress (3): 240/378 kB | 180/424 kB | 33/164 kB
Progress (3): 245/378 kB | 180/424 kB | 33/164 kB
Progress (3): 249/378 kB | 180/424 kB | 33/164 kB
Progress (3): 253/378 kB | 180/424 kB | 33/164 kB
Progress (3): 257/378 kB | 180/424 kB | 33/164 kB
                                                 
Downloading from central: https://repo.maven.apache.org/maven2/org/apache/maven/maven-settings/3.3.9/maven-settings-3.3.9.jar
Progress (3): 257/378 kB | 180/424 kB | 37/164 kB
Progress (3): 257/378 kB | 180/424 kB | 41/164 kB
Progress (3): 257/378 kB | 180/424 kB | 45/164 kB
Progress (3): 257/378 kB | 180/424 kB | 49/164 kB
Progress (3): 257/378 kB | 180/424 kB | 53/164 kB
Progress (3): 257/378 kB | 180/424 kB | 57/164 kB
Progress (3): 257/378 kB | 184/424 kB | 57/164 kB
Progress (3): 257/378 kB | 188/424 kB | 57/164 kB
Progress (3): 257/378 kB | 193/424 kB | 57/164 kB
Progress (3): 257/378 kB | 197/424 kB | 57/164 kB
Progress (3): 257/378 kB | 201/424 kB | 57/164 kB
Progress (3): 257/378 kB | 205/424 kB | 57/164 kB
Progress (3): 257/378 kB | 209/424 kB | 57/164 kB
Progress (3): 257/378 kB | 213/424 kB | 57/164 kB
Progress (3): 257/378 kB | 217/424 kB | 57/164 kB
Progress (3): 257/378 kB | 221/424 kB | 57/164 kB
Progress (3): 257/378 kB | 225/424 kB | 57/164 kB
Progress (3): 257/378 kB | 229/424 kB | 57/164 kB
Progress (3): 257/378 kB | 233/424 kB | 57/164 kB
Progress (3): 257/378 kB | 238/424 kB | 57/164 kB
Progress (3): 257/378 kB | 242/424 kB | 57/164 kB
Progress (3): 257/378 kB | 246/424 kB | 57/164 kB
Progress (3): 257/378 kB | 250/424 kB | 57/164 kB
Progress (3): 257/378 kB | 254/424 kB | 57/164 kB
Progress (4): 257/378 kB | 254/424 kB | 57/164 kB | 4.1/44 kB
Progress (4): 257/378 kB | 254/424 kB | 57/164 kB | 8.2/44 kB
Progress (4): 257/378 kB | 254/424 kB | 57/164 kB | 12/44 kB 
Progress (4): 257/378 kB | 254/424 kB | 57/164 kB | 16/44 kB
Progress (4): 257/378 kB | 254/424 kB | 57/164 kB | 20/44 kB
Progress (4): 257/378 kB | 254/424 kB | 57/164 kB | 25/44 kB
Progress (4): 257/378 kB | 254/424 kB | 57/164 kB | 29/44 kB
Progress (4): 257/378 kB | 254/424 kB | 57/164 kB | 33/44 kB
Progress (4): 257/378 kB | 254/424 kB | 57/164 kB | 37/44 kB
Progress (4): 257/378 kB | 254/424 kB | 57/164 kB | 41/44 kB
Progress (4): 257/378 kB | 254/424 kB | 57/164 kB | 44 kB   
Progress (5): 257/378 kB | 254/424 kB | 57/164 kB | 44 kB | 4.1/47 kB
Progress (5): 257/378 kB | 254/424 kB | 57/164 kB | 44 kB | 8.2/47 kB
Progress (5): 257/378 kB | 254/424 kB | 57/164 kB | 44 kB | 12/47 kB 
Progress (5): 257/378 kB | 254/424 kB | 57/164 kB | 44 kB | 16/47 kB
Progress (5): 261/378 kB | 254/424 kB | 57/164 kB | 44 kB | 16/47 kB
Progress (5): 265/378 kB | 254/424 kB | 57/164 kB | 44 kB | 16/47 kB
Progress (5): 269/378 kB | 254/424 kB | 57/164 kB | 44 kB | 16/47 kB
Progress (5): 273/378 kB | 254/424 kB | 57/164 kB | 44 kB | 16/47 kB
Progress (5): 277/378 kB | 254/424 kB | 57/164 kB | 44 kB | 16/47 kB
Progress (5): 281/378 kB | 254/424 kB | 57/164 kB | 44 kB | 16/47 kB
Progress (5): 286/378 kB | 254/424 kB | 57/164 kB | 44 kB | 16/47 kB
Progress (5): 290/378 kB | 254/424 kB | 57/164 kB | 44 kB | 16/47 kB
Progress (5): 294/378 kB | 254/424 kB | 57/164 kB | 44 kB | 16/47 kB
Progress (5): 298/378 kB | 254/424 kB | 57/164 kB | 44 kB | 16/47 kB
Progress (5): 302/378 kB | 254/424 kB | 57/164 kB | 44 kB | 16/47 kB
Progress (5): 306/378 kB | 254/424 kB | 57/164 kB | 44 kB | 16/47 kB
Progress (5): 310/378 kB | 254/424 kB | 57/164 kB | 44 kB | 16/47 kB
Progress (5): 314/378 kB | 254/424 kB | 57/164 kB | 44 kB | 16/47 kB
Progress (5): 318/378 kB | 254/424 kB | 57/164 kB | 44 kB | 16/47 kB
Progress (5): 318/378 kB | 254/424 kB | 61/164 kB | 44 kB | 16/47 kB
Progress (5): 318/378 kB | 254/424 kB | 66/164 kB | 44 kB | 16/47 kB
Progress (5): 318/378 kB | 254/424 kB | 70/164 kB | 44 kB | 16/47 kB
Progress (5): 318/378 kB | 254/424 kB | 74/164 kB | 44 kB | 16/47 kB
Progress (5): 318/378 kB | 254/424 kB | 78/164 kB | 44 kB | 16/47 kB
Progress (5): 318/378 kB | 254/424 kB | 82/164 kB | 44 kB | 16/47 kB
Progress (5): 318/378 kB | 254/424 kB | 86/164 kB | 44 kB | 16/47 kB
Progress (5): 318/378 kB | 254/424 kB | 90/164 kB | 44 kB | 16/47 kB
Progress (5): 318/378 kB | 254/424 kB | 94/164 kB | 44 kB | 16/47 kB
Progress (5): 318/378 kB | 254/424 kB | 98/164 kB | 44 kB | 16/47 kB
Progress (5): 318/378 kB | 254/424 kB | 102/164 kB | 44 kB | 16/47 kB
Progress (5): 318/378 kB | 254/424 kB | 106/164 kB | 44 kB | 16/47 kB
Progress (5): 318/378 kB | 254/424 kB | 106/164 kB | 44 kB | 20/47 kB
Progress (5): 318/378 kB | 254/424 kB | 106/164 kB | 44 kB | 25/47 kB
Progress (5): 318/378 kB | 254/424 kB | 106/164 kB | 44 kB | 29/47 kB
Progress (5): 318/378 kB | 254/424 kB | 106/164 kB | 44 kB | 33/47 kB
Progress (5): 318/378 kB | 254/424 kB | 106/164 kB | 44 kB | 37/47 kB
Progress (5): 318/378 kB | 254/424 kB | 106/164 kB | 44 kB | 41/47 kB
Progress (5): 318/378 kB | 254/424 kB | 106/164 kB | 44 kB | 45/47 kB
Progress (5): 318/378 kB | 254/424 kB | 106/164 kB | 44 kB | 47 kB   
Progress (5): 318/378 kB | 258/424 kB | 106/164 kB | 44 kB | 47 kB
Progress (5): 318/378 kB | 262/424 kB | 106/164 kB | 44 kB | 47 kB
Progress (5): 318/378 kB | 266/424 kB | 106/164 kB | 44 kB | 47 kB
Progress (5): 318/378 kB | 270/424 kB | 106/164 kB | 44 kB | 47 kB
Progress (5): 318/378 kB | 270/424 kB | 111/164 kB | 44 kB | 47 kB
Progress (5): 318/378 kB | 270/424 kB | 115/164 kB | 44 kB | 47 kB
Progress (5): 318/378 kB | 270/424 kB | 119/164 kB | 44 kB | 47 kB
Progress (5): 318/378 kB | 270/424 kB | 123/164 kB | 44 kB | 47 kB
Progress (5): 318/378 kB | 270/424 kB | 127/164 kB | 44 kB | 47 kB
Progress (5): 318/378 kB | 270/424 kB | 131/164 kB | 44 kB | 47 kB
Progress (5): 318/378 kB | 270/424 kB | 135/164 kB | 44 kB | 47 kB
Progress (5): 318/378 kB | 270/424 kB | 139/164 kB | 44 kB | 47 kB
Progress (5): 318/378 kB | 270/424 kB | 143/164 kB | 44 kB | 47 kB
Progress (5): 318/378 kB | 270/424 kB | 147/164 kB | 44 kB | 47 kB
Progress (5): 318/378 kB | 270/424 kB | 152/164 kB | 44 kB | 47 kB
Progress (5): 318/378 kB | 270/424 kB | 156/164 kB | 44 kB | 47 kB
Progress (5): 318/378 kB | 270/424 kB | 160/164 kB | 44 kB | 47 kB
                                                                  
Downloaded from central: https://repo.maven.apache.org/maven2/org/apache/maven/maven-plugin-api/3.3.9/maven-plugin-api-3.3.9.jar (47 kB at 83 kB/s)
Downloading from central: https://repo.maven.apache.org/maven2/org/apache/maven/shared/maven-common-artifact-filters/3.0.1/maven-common-artifact-filters-3.0.1.jar
Downloaded from central: https://repo.maven.apache.org/maven2/org/apache/maven/maven-settings/3.3.9/maven-settings-3.3.9.jar (44 kB at 78 kB/s)
Downloading from central: https://repo.maven.apache.org/maven2/org/apache/maven/plugins/maven-shade-plugin/3.2.1/maven-shade-plugin-3.2.1.jar
Progress (3): 322/378 kB | 270/424 kB | 160/164 kB
Progress (3): 327/378 kB | 270/424 kB | 160/164 kB
Progress (3): 331/378 kB | 270/424 kB | 160/164 kB
Progress (3): 335/378 kB | 270/424 kB | 160/164 kB
Progress (3): 335/378 kB | 274/424 kB | 160/164 kB
Progress (3): 335/378 kB | 279/424 kB | 160/164 kB
Progress (3): 335/378 kB | 283/424 kB | 160/164 kB
Progress (3): 335/378 kB | 287/424 kB | 160/164 kB
Progress (3): 335/378 kB | 291/424 kB | 160/164 kB
Progress (3): 335/378 kB | 295/424 kB | 160/164 kB
Progress (3): 335/378 kB | 299/424 kB | 160/164 kB
Progress (3): 339/378 kB | 299/424 kB | 160/164 kB
Progress (3): 343/378 kB | 299/424 kB | 160/164 kB
Progress (3): 347/378 kB | 299/424 kB | 160/164 kB
Progress (4): 347/378 kB | 299/424 kB | 160/164 kB | 4.1/114 kB
Progress (4): 347/378 kB | 299/424 kB | 160/164 kB | 8.2/114 kB
Progress (4): 347/378 kB | 299/424 kB | 160/164 kB | 12/114 kB 
Progress (4): 347/378 kB | 299/424 kB | 160/164 kB | 16/114 kB
Progress (4): 347/378 kB | 299/424 kB | 160/164 kB | 20/114 kB
Progress (4): 347/378 kB | 299/424 kB | 160/164 kB | 25/114 kB
Progress (4): 347/378 kB | 299/424 kB | 160/164 kB | 29/114 kB
Progress (4): 347/378 kB | 299/424 kB | 160/164 kB | 33/114 kB
Progress (4): 347/378 kB | 299/424 kB | 160/164 kB | 37/114 kB
Progress (4): 347/378 kB | 299/424 kB | 160/164 kB | 41/114 kB
Progress (4): 347/378 kB | 299/424 kB | 160/164 kB | 45/114 kB
Progress (4): 347/378 kB | 299/424 kB | 160/164 kB | 49/114 kB
Progress (4): 347/378 kB | 299/424 kB | 160/164 kB | 53/114 kB
Progress (4): 347/378 kB | 299/424 kB | 160/164 kB | 57/114 kB
Progress (4): 347/378 kB | 299/424 kB | 160/164 kB | 61/114 kB
Progress (4): 347/378 kB | 299/424 kB | 160/164 kB | 66/114 kB
Progress (4): 351/378 kB | 299/424 kB | 160/164 kB | 66/114 kB
Progress (4): 355/378 kB | 299/424 kB | 160/164 kB | 66/114 kB
Progress (4): 359/378 kB | 299/424 kB | 160/164 kB | 66/114 kB
Progress (4): 363/378 kB | 299/424 kB | 160/164 kB | 66/114 kB
Progress (4): 367/378 kB | 299/424 kB | 160/164 kB | 66/114 kB
Progress (4): 372/378 kB | 299/424 kB | 160/164 kB | 66/114 kB
Progress (4): 372/378 kB | 299/424 kB | 164/164 kB | 66/114 kB
Progress (4): 372/378 kB | 299/424 kB | 164 kB | 66/114 kB    
Progress (4): 372/378 kB | 303/424 kB | 164 kB | 66/114 kB
Progress (5): 372/378 kB | 303/424 kB | 164 kB | 66/114 kB | 4.1/61 kB
Progress (5): 372/378 kB | 303/424 kB | 164 kB | 66/114 kB | 8.2/61 kB
Progress (5): 372/378 kB | 303/424 kB | 164 kB | 66/114 kB | 12/61 kB 
Progress (5): 372/378 kB | 303/424 kB | 164 kB | 66/114 kB | 16/61 kB
Progress (5): 372/378 kB | 303/424 kB | 164 kB | 66/114 kB | 20/61 kB
Progress (5): 372/378 kB | 303/424 kB | 164 kB | 66/114 kB | 25/61 kB
Progress (5): 372/378 kB | 303/424 kB | 164 kB | 66/114 kB | 29/61 kB
Progress (5): 372/378 kB | 303/424 kB | 164 kB | 66/114 kB | 33/61 kB
Progress (5): 372/378 kB | 303/424 kB | 164 kB | 66/114 kB | 37/61 kB
Progress (5): 372/378 kB | 303/424 kB | 164 kB | 66/114 kB | 41/61 kB
Progress (5): 372/378 kB | 303/424 kB | 164 kB | 66/114 kB | 45/61 kB
Progress (5): 372/378 kB | 303/424 kB | 164 kB | 66/114 kB | 49/61 kB
Progress (5): 372/378 kB | 303/424 kB | 164 kB | 66/114 kB | 53/61 kB
Progress (5): 372/378 kB | 303/424 kB | 164 kB | 66/114 kB | 57/61 kB
Progress (5): 372/378 kB | 303/424 kB | 164 kB | 66/114 kB | 61/61 kB
Progress (5): 372/378 kB | 303/424 kB | 164 kB | 66/114 kB | 61 kB   
Progress (5): 372/378 kB | 307/424 kB | 164 kB | 66/114 kB | 61 kB
Progress (5): 372/378 kB | 311/424 kB | 164 kB | 66/114 kB | 61 kB
                                                                  
Downloaded from central: https://repo.maven.apache.org/maven2/org/apache/maven/maven-model/3.3.9/maven-model-3.3.9.jar (164 kB at 276 kB/s)
Progress (4): 376/378 kB | 311/424 kB | 66/114 kB | 61 kB
Progress (4): 378 kB | 311/424 kB | 66/114 kB | 61 kB    
Progress (4): 378 kB | 315/424 kB | 66/114 kB | 61 kB
Progress (4): 378 kB | 319/424 kB | 66/114 kB | 61 kB
Progress (4): 378 kB | 324/424 kB | 66/114 kB | 61 kB
Progress (4): 378 kB | 328/424 kB | 66/114 kB | 61 kB
Progress (4): 378 kB | 332/424 kB | 66/114 kB | 61 kB
Progress (4): 378 kB | 336/424 kB | 66/114 kB | 61 kB
Progress (4): 378 kB | 340/424 kB | 66/114 kB | 61 kB
Progress (4): 378 kB | 344/424 kB | 66/114 kB | 61 kB
Progress (4): 378 kB | 348/424 kB | 66/114 kB | 61 kB
Progress (4): 378 kB | 352/424 kB | 66/114 kB | 61 kB
Progress (4): 378 kB | 356/424 kB | 66/114 kB | 61 kB
Progress (4): 378 kB | 360/424 kB | 66/114 kB | 61 kB
Progress (4): 378 kB | 365/424 kB | 66/114 kB | 61 kB
                                                     
Downloading from central: https://repo.maven.apache.org/maven2/org/apache/maven/shared/maven-artifact-transfer/0.10.0/maven-artifact-transfer-0.10.0.jar
Progress (4): 378 kB | 365/424 kB | 70/114 kB | 61 kB
Progress (4): 378 kB | 365/424 kB | 74/114 kB | 61 kB
Progress (4): 378 kB | 365/424 kB | 78/114 kB | 61 kB
Progress (4): 378 kB | 365/424 kB | 82/114 kB | 61 kB
Progress (4): 378 kB | 365/424 kB | 86/114 kB | 61 kB
                                                     
Downloaded from central: https://repo.maven.apache.org/maven2/org/eclipse/sisu/org.eclipse.sisu.inject/0.3.2/org.eclipse.sisu.inject-0.3.2.jar (378 kB at 616 kB/s)
Downloading from central: https://repo.maven.apache.org/maven2/org/ow2/asm/asm/7.0/asm-7.0.jar
Progress (3): 369/424 kB | 86/114 kB | 61 kB
Progress (3): 373/424 kB | 86/114 kB | 61 kB
Progress (3): 377/424 kB | 86/114 kB | 61 kB
Progress (3): 381/424 kB | 86/114 kB | 61 kB
                                            
Downloaded from central: https://repo.maven.apache.org/maven2/org/apache/maven/shared/maven-common-artifact-filters/3.0.1/maven-common-artifact-filters-3.0.1.jar (61 kB at 100 kB/s)
Progress (3): 381/424 kB | 86/114 kB | 4.1/128 kB
Progress (3): 381/424 kB | 86/114 kB | 8.2/128 kB
Progress (3): 381/424 kB | 86/114 kB | 12/128 kB 
Progress (3): 381/424 kB | 86/114 kB | 16/128 kB
Progress (3): 381/424 kB | 86/114 kB | 20/128 kB
Progress (3): 381/424 kB | 86/114 kB | 25/128 kB
Progress (3): 381/424 kB | 86/114 kB | 29/128 kB
Progress (3): 381/424 kB | 86/114 kB | 33/128 kB
Progress (3): 381/424 kB | 86/114 kB | 37/128 kB
Progress (3): 381/424 kB | 90/114 kB | 37/128 kB
Progress (3): 381/424 kB | 94/114 kB | 37/128 kB
Progress (3): 381/424 kB | 98/114 kB | 37/128 kB
Progress (3): 381/424 kB | 102/114 kB | 37/128 kB
Progress (3): 381/424 kB | 106/114 kB | 37/128 kB
Progress (3): 381/424 kB | 111/114 kB | 37/128 kB
Progress (3): 381/424 kB | 114 kB | 37/128 kB    
Progress (3): 385/424 kB | 114 kB | 37/128 kB
Progress (3): 389/424 kB | 114 kB | 37/128 kB
Progress (4): 389/424 kB | 114 kB | 37/128 kB | 4.1/114 kB
Progress (4): 389/424 kB | 114 kB | 37/128 kB | 8.2/114 kB
Progress (4): 389/424 kB | 114 kB | 37/128 kB | 12/114 kB 
                                                         
Downloading from central: https://repo.maven.apache.org/maven2/org/ow2/asm/asm-commons/7.0/asm-commons-7.0.jar
Progress (4): 389/424 kB | 114 kB | 37/128 kB | 16/114 kB
Progress (4): 389/424 kB | 114 kB | 37/128 kB | 20/114 kB
Progress (4): 389/424 kB | 114 kB | 37/128 kB | 25/114 kB
Progress (4): 389/424 kB | 114 kB | 37/128 kB | 29/114 kB
Progress (4): 389/424 kB | 114 kB | 37/128 kB | 33/114 kB
Progress (4): 389/424 kB | 114 kB | 37/128 kB | 37/114 kB
Progress (4): 389/424 kB | 114 kB | 37/128 kB | 41/114 kB
Progress (4): 389/424 kB | 114 kB | 37/128 kB | 45/114 kB
Progress (4): 389/424 kB | 114 kB | 37/128 kB | 49/114 kB
Progress (5): 389/424 kB | 114 kB | 37/128 kB | 49/114 kB | 4.1/80 kB
Progress (5): 389/424 kB | 114 kB | 37/128 kB | 49/114 kB | 8.2/80 kB
Progress (5): 389/424 kB | 114 kB | 37/128 kB | 49/114 kB | 12/80 kB 
Progress (5): 389/424 kB | 114 kB | 37/128 kB | 49/114 kB | 16/80 kB
Progress (5): 389/424 kB | 114 kB | 37/128 kB | 49/114 kB | 20/80 kB
Progress (5): 389/424 kB | 114 kB | 37/128 kB | 49/114 kB | 25/80 kB
Progress (5): 389/424 kB | 114 kB | 37/128 kB | 49/114 kB | 29/80 kB
Progress (5): 389/424 kB | 114 kB | 37/128 kB | 49/114 kB | 33/80 kB
Progress (5): 389/424 kB | 114 kB | 37/128 kB | 49/114 kB | 37/80 kB
Progress (5): 389/424 kB | 114 kB | 37/128 kB | 49/114 kB | 41/80 kB
Progress (5): 389/424 kB | 114 kB | 37/128 kB | 49/114 kB | 45/80 kB
Progress (5): 389/424 kB | 114 kB | 37/128 kB | 49/114 kB | 49/80 kB
                                                                    
Downloaded from central: https://repo.maven.apache.org/maven2/org/apache/maven/plugins/maven-shade-plugin/3.2.1/maven-shade-plugin-3.2.1.jar (114 kB at 180 kB/s)
Progress (4): 389/424 kB | 41/128 kB | 49/114 kB | 49/80 kB
Progress (4): 389/424 kB | 45/128 kB | 49/114 kB | 49/80 kB
Progress (4): 389/424 kB | 49/128 kB | 49/114 kB | 49/80 kB
Progress (4): 389/424 kB | 53/128 kB | 49/114 kB | 49/80 kB
Progress (4): 389/424 kB | 57/128 kB | 49/114 kB | 49/80 kB
Progress (4): 389/424 kB | 61/128 kB | 49/114 kB | 49/80 kB
Progress (4): 389/424 kB | 66/128 kB | 49/114 kB | 49/80 kB
Progress (4): 389/424 kB | 70/128 kB | 49/114 kB | 49/80 kB
Progress (4): 389/424 kB | 73/128 kB | 49/114 kB | 49/80 kB
Progress (4): 393/424 kB | 73/128 kB | 49/114 kB | 49/80 kB
Progress (4): 397/424 kB | 73/128 kB | 49/114 kB | 49/80 kB
Progress (4): 401/424 kB | 73/128 kB | 49/114 kB | 49/80 kB
Progress (4): 406/424 kB | 73/128 kB | 49/114 kB | 49/80 kB
Progress (4): 410/424 kB | 73/128 kB | 49/114 kB | 49/80 kB
Progress (4): 414/424 kB | 73/128 kB | 49/114 kB | 49/80 kB
Progress (4): 418/424 kB | 73/128 kB | 49/114 kB | 49/80 kB
Progress (4): 422/424 kB | 73/128 kB | 49/114 kB | 49/80 kB
Progress (4): 424 kB | 73/128 kB | 49/114 kB | 49/80 kB    
                                                       
Downloading from central: https://repo.maven.apache.org/maven2/org/ow2/asm/asm-tree/7.0/asm-tree-7.0.jar
Progress (4): 424 kB | 73/128 kB | 53/114 kB | 49/80 kB
Progress (4): 424 kB | 73/128 kB | 57/114 kB | 49/80 kB
Progress (4): 424 kB | 73/128 kB | 61/114 kB | 49/80 kB
Progress (4): 424 kB | 73/128 kB | 66/114 kB | 49/80 kB
Progress (4): 424 kB | 73/128 kB | 70/114 kB | 49/80 kB
Progress (4): 424 kB | 73/128 kB | 74/114 kB | 49/80 kB
Progress (4): 424 kB | 73/128 kB | 78/114 kB | 49/80 kB
                                                       
Downloaded from central: https://repo.maven.apache.org/maven2/com/google/inject/guice/4.0/guice-4.0-no_aop.jar (424 kB at 651 kB/s)
Progress (4): 73/128 kB | 78/114 kB | 49/80 kB | 4.1/50 kB
Progress (4): 73/128 kB | 78/114 kB | 49/80 kB | 8.2/50 kB
Progress (4): 73/128 kB | 78/114 kB | 49/80 kB | 12/50 kB 
Progress (4): 73/128 kB | 78/114 kB | 49/80 kB | 16/50 kB
Progress (4): 73/128 kB | 78/114 kB | 49/80 kB | 20/50 kB
Progress (4): 73/128 kB | 78/114 kB | 49/80 kB | 25/50 kB
Progress (4): 73/128 kB | 78/114 kB | 49/80 kB | 29/50 kB
Progress (4): 73/128 kB | 78/114 kB | 49/80 kB | 33/50 kB
Progress (4): 73/128 kB | 78/114 kB | 53/80 kB | 33/50 kB
Progress (4): 73/128 kB | 78/114 kB | 57/80 kB | 33/50 kB
Progress (4): 73/128 kB | 78/114 kB | 61/80 kB | 33/50 kB
Progress (4): 73/128 kB | 78/114 kB | 66/80 kB | 33/50 kB
Progress (4): 73/128 kB | 78/114 kB | 70/80 kB | 33/50 kB
Progress (4): 73/128 kB | 78/114 kB | 74/80 kB | 33/50 kB
Progress (4): 73/128 kB | 78/114 kB | 78/80 kB | 33/50 kB
Progress (4): 73/128 kB | 78/114 kB | 80 kB | 33/50 kB   
Progress (4): 77/128 kB | 78/114 kB | 80 kB | 33/50 kB
Progress (4): 81/128 kB | 78/114 kB | 80 kB | 33/50 kB
Progress (4): 85/128 kB | 78/114 kB | 80 kB | 33/50 kB
Progress (4): 89/128 kB | 78/114 kB | 80 kB | 33/50 kB
                                                      
Downloading from central: https://repo.maven.apache.org/maven2/org/ow2/asm/asm-analysis/7.0/asm-analysis-7.0.jar
Progress (4): 93/128 kB | 78/114 kB | 80 kB | 33/50 kB
Progress (4): 97/128 kB | 78/114 kB | 80 kB | 33/50 kB
Progress (4): 101/128 kB | 78/114 kB | 80 kB | 33/50 kB
Progress (4): 105/128 kB | 78/114 kB | 80 kB | 33/50 kB
Progress (4): 109/128 kB | 78/114 kB | 80 kB | 33/50 kB
Progress (4): 109/128 kB | 82/114 kB | 80 kB | 33/50 kB
Progress (4): 109/128 kB | 86/114 kB | 80 kB | 33/50 kB
Progress (4): 109/128 kB | 90/114 kB | 80 kB | 33/50 kB
Progress (4): 109/128 kB | 94/114 kB | 80 kB | 33/50 kB
Progress (4): 109/128 kB | 98/114 kB | 80 kB | 33/50 kB
Progress (4): 109/128 kB | 102/114 kB | 80 kB | 33/50 kB
Progress (4): 109/128 kB | 106/114 kB | 80 kB | 33/50 kB
Progress (4): 109/128 kB | 111/114 kB | 80 kB | 33/50 kB
Progress (4): 109/128 kB | 114 kB | 80 kB | 33/50 kB    
Progress (4): 109/128 kB | 114 kB | 80 kB | 37/50 kB
Progress (4): 109/128 kB | 114 kB | 80 kB | 41/50 kB
Progress (4): 109/128 kB | 114 kB | 80 kB | 45/50 kB
                                                    
Downloaded from central: https://repo.maven.apache.org/maven2/org/ow2/asm/asm-commons/7.0/asm-commons-7.0.jar (80 kB at 119 kB/s)
Progress (4): 109/128 kB | 114 kB | 45/50 kB | 4.1/33 kB
Progress (4): 109/128 kB | 114 kB | 45/50 kB | 8.2/33 kB
Progress (4): 109/128 kB | 114 kB | 45/50 kB | 12/33 kB 
Progress (4): 109/128 kB | 114 kB | 45/50 kB | 16/33 kB
Progress (4): 109/128 kB | 114 kB | 45/50 kB | 20/33 kB
Progress (4): 109/128 kB | 114 kB | 45/50 kB | 25/33 kB
Progress (4): 109/128 kB | 114 kB | 45/50 kB | 29/33 kB
Progress (4): 109/128 kB | 114 kB | 45/50 kB | 33/33 kB
Progress (4): 109/128 kB | 114 kB | 45/50 kB | 33 kB   
Progress (4): 114/128 kB | 114 kB | 45/50 kB | 33 kB
Progress (4): 118/128 kB | 114 kB | 45/50 kB | 33 kB
Progress (4): 122/128 kB | 114 kB | 45/50 kB | 33 kB
Progress (4): 126/128 kB | 114 kB | 45/50 kB | 33 kB
Progress (4): 128 kB | 114 kB | 45/50 kB | 33 kB    
                                                
Downloading from central: https://repo.maven.apache.org/maven2/org/jdom/jdom2/2.0.6/jdom2-2.0.6.jar
Progress (4): 128 kB | 114 kB | 49/50 kB | 33 kB
Progress (4): 128 kB | 114 kB | 50 kB | 33 kB   
                                             
Downloaded from central: https://repo.maven.apache.org/maven2/org/ow2/asm/asm/7.0/asm-7.0.jar (114 kB at 168 kB/s)
Downloaded from central: https://repo.maven.apache.org/maven2/org/apache/maven/shared/maven-artifact-transfer/0.10.0/maven-artifact-transfer-0.10.0.jar (128 kB at 188 kB/s)
Progress (3): 50 kB | 33 kB | 4.1/305 kB
Progress (3): 50 kB | 33 kB | 8.2/305 kB
Progress (3): 50 kB | 33 kB | 12/305 kB 
Progress (3): 50 kB | 33 kB | 16/305 kB
Progress (3): 50 kB | 33 kB | 20/305 kB
Progress (3): 50 kB | 33 kB | 25/305 kB
Progress (3): 50 kB | 33 kB | 29/305 kB
Progress (3): 50 kB | 33 kB | 33/305 kB
Progress (3): 50 kB | 33 kB | 37/305 kB
Progress (3): 50 kB | 33 kB | 41/305 kB
                                       
Downloaded from central: https://repo.maven.apache.org/maven2/org/ow2/asm/asm-tree/7.0/asm-tree-7.0.jar (50 kB at 74 kB/s)
Downloading from central: https://repo.maven.apache.org/maven2/org/ow2/asm/asm-util/7.0-beta/asm-util-7.0-beta.jar
Downloading from central: https://repo.maven.apache.org/maven2/org/vafer/jdependency/2.1.1/jdependency-2.1.1.jar
Downloaded from central: https://repo.maven.apache.org/maven2/org/ow2/asm/asm-analysis/7.0/asm-analysis-7.0.jar (33 kB at 48 kB/s)
Downloading from central: https://repo.maven.apache.org/maven2/com/google/guava/guava/19.0/guava-19.0.jar
Downloading from central: https://repo.maven.apache.org/maven2/org/apache/maven/shared/maven-dependency-tree/3.0.1/maven-dependency-tree-3.0.1.jar
Progress (2): 41/305 kB | 4.1/81 kB
Progress (2): 41/305 kB | 8.2/81 kB
Progress (2): 41/305 kB | 12/81 kB 
Progress (2): 41/305 kB | 16/81 kB
Progress (2): 41/305 kB | 20/81 kB
Progress (2): 41/305 kB | 25/81 kB
Progress (2): 41/305 kB | 29/81 kB
Progress (2): 41/305 kB | 33/81 kB
Progress (3): 41/305 kB | 33/81 kB | 0/2.3 MB
Progress (3): 41/305 kB | 33/81 kB | 0/2.3 MB
Progress (3): 41/305 kB | 33/81 kB | 0/2.3 MB
Progress (3): 45/305 kB | 33/81 kB | 0/2.3 MB
Progress (3): 49/305 kB | 33/81 kB | 0/2.3 MB
Progress (4): 49/305 kB | 33/81 kB | 0/2.3 MB | 4.1/37 kB
Progress (4): 49/305 kB | 33/81 kB | 0/2.3 MB | 8.2/37 kB
Progress (4): 49/305 kB | 33/81 kB | 0/2.3 MB | 12/37 kB 
Progress (4): 49/305 kB | 33/81 kB | 0/2.3 MB | 16/37 kB
Progress (4): 49/305 kB | 33/81 kB | 0/2.3 MB | 20/37 kB
Progress (4): 49/305 kB | 33/81 kB | 0/2.3 MB | 25/37 kB
Progress (4): 49/305 kB | 33/81 kB | 0/2.3 MB | 29/37 kB
Progress (4): 49/305 kB | 33/81 kB | 0/2.3 MB | 33/37 kB
Progress (4): 49/305 kB | 33/81 kB | 0/2.3 MB | 37 kB   
Progress (5): 49/305 kB | 33/81 kB | 0/2.3 MB | 37 kB | 2.3/186 kB
Progress (5): 49/305 kB | 33/81 kB | 0/2.3 MB | 37 kB | 6.4/186 kB
Progress (5): 49/305 kB | 33/81 kB | 0/2.3 MB | 37 kB | 11/186 kB 
Progress (5): 49/305 kB | 33/81 kB | 0/2.3 MB | 37 kB | 15/186 kB
Progress (5): 49/305 kB | 33/81 kB | 0/2.3 MB | 37 kB | 19/186 kB
Progress (5): 49/305 kB | 33/81 kB | 0/2.3 MB | 37 kB | 23/186 kB
Progress (5): 49/305 kB | 33/81 kB | 0/2.3 MB | 37 kB | 27/186 kB
Progress (5): 49/305 kB | 33/81 kB | 0/2.3 MB | 37 kB | 31/186 kB
Progress (5): 49/305 kB | 33/81 kB | 0/2.3 MB | 37 kB | 35/186 kB
Progress (5): 49/305 kB | 33/81 kB | 0/2.3 MB | 37 kB | 39/186 kB
Progress (5): 49/305 kB | 33/81 kB | 0/2.3 MB | 37 kB | 43/186 kB
Progress (5): 49/305 kB | 33/81 kB | 0/2.3 MB | 37 kB | 47/186 kB
Progress (5): 49/305 kB | 33/81 kB | 0/2.3 MB | 37 kB | 51/186 kB
Progress (5): 49/305 kB | 33/81 kB | 0/2.3 MB | 37 kB | 56/186 kB
Progress (5): 49/305 kB | 33/81 kB | 0/2.3 MB | 37 kB | 60/186 kB
Progress (5): 49/305 kB | 33/81 kB | 0/2.3 MB | 37 kB | 64/186 kB
Progress (5): 49/305 kB | 33/81 kB | 0/2.3 MB | 37 kB | 68/186 kB
Progress (5): 49/305 kB | 33/81 kB | 0/2.3 MB | 37 kB | 72/186 kB
Progress (5): 49/305 kB | 33/81 kB | 0/2.3 MB | 37 kB | 76/186 kB
Progress (5): 49/305 kB | 33/81 kB | 0/2.3 MB | 37 kB | 80/186 kB
Progress (5): 53/305 kB | 33/81 kB | 0/2.3 MB | 37 kB | 80/186 kB
Progress (5): 57/305 kB | 33/81 kB | 0/2.3 MB | 37 kB | 80/186 kB
Progress (5): 61/305 kB | 33/81 kB | 0/2.3 MB | 37 kB | 80/186 kB
Progress (5): 66/305 kB | 33/81 kB | 0/2.3 MB | 37 kB | 80/186 kB
Progress (5): 70/305 kB | 33/81 kB | 0/2.3 MB | 37 kB | 80/186 kB
Progress (5): 74/305 kB | 33/81 kB | 0/2.3 MB | 37 kB | 80/186 kB
Progress (5): 78/305 kB | 33/81 kB | 0/2.3 MB | 37 kB | 80/186 kB
Progress (5): 82/305 kB | 33/81 kB | 0/2.3 MB | 37 kB | 80/186 kB
Progress (5): 86/305 kB | 33/81 kB | 0/2.3 MB | 37 kB | 80/186 kB
Progress (5): 86/305 kB | 33/81 kB | 0.1/2.3 MB | 37 kB | 80/186 kB
Progress (5): 86/305 kB | 33/81 kB | 0.1/2.3 MB | 37 kB | 80/186 kB
Progress (5): 86/305 kB | 37/81 kB | 0.1/2.3 MB | 37 kB | 80/186 kB
Progress (5): 86/305 kB | 41/81 kB | 0.1/2.3 MB | 37 kB | 80/186 kB
Progress (5): 86/305 kB | 45/81 kB | 0.1/2.3 MB | 37 kB | 80/186 kB
Progress (5): 86/305 kB | 49/81 kB | 0.1/2.3 MB | 37 kB | 80/186 kB
Progress (5): 86/305 kB | 53/81 kB | 0.1/2.3 MB | 37 kB | 80/186 kB
Progress (5): 86/305 kB | 57/81 kB | 0.1/2.3 MB | 37 kB | 80/186 kB
Progress (5): 86/305 kB | 61/81 kB | 0.1/2.3 MB | 37 kB | 80/186 kB
Progress (5): 86/305 kB | 66/81 kB | 0.1/2.3 MB | 37 kB | 80/186 kB
Progress (5): 86/305 kB | 70/81 kB | 0.1/2.3 MB | 37 kB | 80/186 kB
Progress (5): 86/305 kB | 74/81 kB | 0.1/2.3 MB | 37 kB | 80/186 kB
Progress (5): 86/305 kB | 78/81 kB | 0.1/2.3 MB | 37 kB | 80/186 kB
Progress (5): 86/305 kB | 81 kB | 0.1/2.3 MB | 37 kB | 80/186 kB   
                                                                
Downloaded from central: https://repo.maven.apache.org/maven2/org/apache/maven/shared/maven-dependency-tree/3.0.1/maven-dependency-tree-3.0.1.jar (37 kB at 50 kB/s)
Progress (4): 86/305 kB | 81 kB | 0.1/2.3 MB | 80/186 kB
Progress (4): 86/305 kB | 81 kB | 0.1/2.3 MB | 80/186 kB
Progress (4): 86/305 kB | 81 kB | 0.1/2.3 MB | 80/186 kB
Progress (4): 86/305 kB | 81 kB | 0.1/2.3 MB | 80/186 kB
Progress (4): 90/305 kB | 81 kB | 0.1/2.3 MB | 80/186 kB
Progress (4): 94/305 kB | 81 kB | 0.1/2.3 MB | 80/186 kB
Progress (4): 98/305 kB | 81 kB | 0.1/2.3 MB | 80/186 kB
Progress (4): 102/305 kB | 81 kB | 0.1/2.3 MB | 80/186 kB
Progress (4): 106/305 kB | 81 kB | 0.1/2.3 MB | 80/186 kB
Progress (4): 111/305 kB | 81 kB | 0.1/2.3 MB | 80/186 kB
Progress (4): 115/305 kB | 81 kB | 0.1/2.3 MB | 80/186 kB
Progress (4): 119/305 kB | 81 kB | 0.1/2.3 MB | 80/186 kB
Progress (4): 123/305 kB | 81 kB | 0.1/2.3 MB | 80/186 kB
Progress (4): 127/305 kB | 81 kB | 0.1/2.3 MB | 80/186 kB
Progress (4): 131/305 kB | 81 kB | 0.1/2.3 MB | 80/186 kB
Progress (4): 135/305 kB | 81 kB | 0.1/2.3 MB | 80/186 kB
Progress (4): 139/305 kB | 81 kB | 0.1/2.3 MB | 80/186 kB
Progress (4): 143/305 kB | 81 kB | 0.1/2.3 MB | 80/186 kB
Progress (4): 147/305 kB | 81 kB | 0.1/2.3 MB | 80/186 kB
Progress (4): 147/305 kB | 81 kB | 0.1/2.3 MB | 84/186 kB
Progress (4): 147/305 kB | 81 kB | 0.1/2.3 MB | 88/186 kB
Progress (4): 147/305 kB | 81 kB | 0.1/2.3 MB | 92/186 kB
Progress (4): 147/305 kB | 81 kB | 0.1/2.3 MB | 97/186 kB
Progress (4): 147/305 kB | 81 kB | 0.1/2.3 MB | 101/186 kB
Progress (4): 147/305 kB | 81 kB | 0.1/2.3 MB | 105/186 kB
Progress (4): 147/305 kB | 81 kB | 0.1/2.3 MB | 109/186 kB
Progress (4): 147/305 kB | 81 kB | 0.1/2.3 MB | 113/186 kB
Progress (4): 147/305 kB | 81 kB | 0.1/2.3 MB | 117/186 kB
Progress (4): 147/305 kB | 81 kB | 0.1/2.3 MB | 121/186 kB
Progress (4): 147/305 kB | 81 kB | 0.1/2.3 MB | 125/186 kB
Progress (4): 147/305 kB | 81 kB | 0.1/2.3 MB | 129/186 kB
Progress (4): 147/305 kB | 81 kB | 0.1/2.3 MB | 133/186 kB
Progress (4): 147/305 kB | 81 kB | 0.1/2.3 MB | 138/186 kB
Progress (4): 147/305 kB | 81 kB | 0.1/2.3 MB | 142/186 kB
                                                          
Downloaded from central: https://repo.maven.apache.org/maven2/org/ow2/asm/asm-util/7.0-beta/asm-util-7.0-beta.jar (81 kB at 108 kB/s)
Progress (3): 147/305 kB | 0.2/2.3 MB | 142/186 kB
Progress (3): 147/305 kB | 0.2/2.3 MB | 142/186 kB
Progress (3): 147/305 kB | 0.2/2.3 MB | 142/186 kB
Progress (3): 147/305 kB | 0.2/2.3 MB | 142/186 kB
Progress (3): 152/305 kB | 0.2/2.3 MB | 142/186 kB
Progress (3): 156/305 kB | 0.2/2.3 MB | 142/186 kB
Progress (3): 160/305 kB | 0.2/2.3 MB | 142/186 kB
Progress (3): 164/305 kB | 0.2/2.3 MB | 142/186 kB
Progress (3): 168/305 kB | 0.2/2.3 MB | 142/186 kB
Progress (3): 172/305 kB | 0.2/2.3 MB | 142/186 kB
Progress (3): 176/305 kB | 0.2/2.3 MB | 142/186 kB
Progress (3): 180/305 kB | 0.2/2.3 MB | 142/186 kB
Progress (3): 184/305 kB | 0.2/2.3 MB | 142/186 kB
Progress (3): 188/305 kB | 0.2/2.3 MB | 142/186 kB
Progress (3): 193/305 kB | 0.2/2.3 MB | 142/186 kB
Progress (3): 197/305 kB | 0.2/2.3 MB | 142/186 kB
Progress (3): 197/305 kB | 0.2/2.3 MB | 142/186 kB
Progress (3): 197/305 kB | 0.2/2.3 MB | 142/186 kB
Progress (3): 197/305 kB | 0.3/2.3 MB | 142/186 kB
Progress (3): 197/305 kB | 0.3/2.3 MB | 146/186 kB
Progress (3): 197/305 kB | 0.3/2.3 MB | 150/186 kB
Progress (3): 197/305 kB | 0.3/2.3 MB | 154/186 kB
Progress (3): 197/305 kB | 0.3/2.3 MB | 158/186 kB
Progress (3): 197/305 kB | 0.3/2.3 MB | 162/186 kB
Progress (3): 197/305 kB | 0.3/2.3 MB | 166/186 kB
Progress (3): 197/305 kB | 0.3/2.3 MB | 170/186 kB
Progress (3): 197/305 kB | 0.3/2.3 MB | 174/186 kB
Progress (3): 201/305 kB | 0.3/2.3 MB | 174/186 kB
Progress (3): 205/305 kB | 0.3/2.3 MB | 174/186 kB
Progress (3): 209/305 kB | 0.3/2.3 MB | 174/186 kB
Progress (3): 213/305 kB | 0.3/2.3 MB | 174/186 kB
Progress (3): 217/305 kB | 0.3/2.3 MB | 174/186 kB
Progress (3): 221/305 kB | 0.3/2.3 MB | 174/186 kB
Progress (3): 225/305 kB | 0.3/2.3 MB | 174/186 kB
Progress (3): 229/305 kB | 0.3/2.3 MB | 174/186 kB
Progress (3): 233/305 kB | 0.3/2.3 MB | 174/186 kB
Progress (3): 233/305 kB | 0.3/2.3 MB | 174/186 kB
Progress (3): 233/305 kB | 0.3/2.3 MB | 174/186 kB
Progress (3): 233/305 kB | 0.3/2.3 MB | 174/186 kB
Progress (3): 233/305 kB | 0.3/2.3 MB | 174/186 kB
Progress (3): 233/305 kB | 0.3/2.3 MB | 174/186 kB
Progress (3): 233/305 kB | 0.4/2.3 MB | 174/186 kB
Progress (3): 233/305 kB | 0.4/2.3 MB | 178/186 kB
Progress (3): 233/305 kB | 0.4/2.3 MB | 183/186 kB
Progress (3): 233/305 kB | 0.4/2.3 MB | 186 kB    
Progress (3): 238/305 kB | 0.4/2.3 MB | 186 kB
Progress (3): 242/305 kB | 0.4/2.3 MB | 186 kB
Progress (3): 246/305 kB | 0.4/2.3 MB | 186 kB
Progress (3): 250/305 kB | 0.4/2.3 MB | 186 kB
Progress (3): 254/305 kB | 0.4/2.3 MB | 186 kB
Progress (3): 258/305 kB | 0.4/2.3 MB | 186 kB
Progress (3): 262/305 kB | 0.4/2.3 MB | 186 kB
Progress (3): 266/305 kB | 0.4/2.3 MB | 186 kB
Progress (3): 270/305 kB | 0.4/2.3 MB | 186 kB
Progress (3): 274/305 kB | 0.4/2.3 MB | 186 kB
Progress (3): 279/305 kB | 0.4/2.3 MB | 186 kB
                                              
Downloaded from central: https://repo.maven.apache.org/maven2/org/vafer/jdependency/2.1.1/jdependency-2.1.1.jar (186 kB at 237 kB/s)
Progress (2): 283/305 kB | 0.4/2.3 MB
Progress (2): 287/305 kB | 0.4/2.3 MB
Progress (2): 291/305 kB | 0.4/2.3 MB
Progress (2): 295/305 kB | 0.4/2.3 MB
Progress (2): 299/305 kB | 0.4/2.3 MB
Progress (2): 303/305 kB | 0.4/2.3 MB
Progress (2): 305 kB | 0.4/2.3 MB    
Progress (2): 305 kB | 0.4/2.3 MB
Progress (2): 305 kB | 0.4/2.3 MB
Progress (2): 305 kB | 0.4/2.3 MB
Progress (2): 305 kB | 0.4/2.3 MB
Progress (2): 305 kB | 0.4/2.3 MB
                                 
Downloaded from central: https://repo.maven.apache.org/maven2/org/jdom/jdom2/2.0.6/jdom2-2.0.6.jar (305 kB at 382 kB/s)
Progress (1): 0.5/2.3 MB
Progress (1): 0.5/2.3 MB
Progress (1): 0.5/2.3 MB
Progress (1): 0.5/2.3 MB
Progress (1): 0.5/2.3 MB
Progress (1): 0.5/2.3 MB
Progress (1): 0.6/2.3 MB
Progress (1): 0.6/2.3 MB
Progress (1): 0.6/2.3 MB
Progress (1): 0.6/2.3 MB
Progress (1): 0.6/2.3 MB
Progress (1): 0.6/2.3 MB
Progress (1): 0.7/2.3 MB
Progress (1): 0.7/2.3 MB
Progress (1): 0.7/2.3 MB
Progress (1): 0.7/2.3 MB
Progress (1): 0.7/2.3 MB
Progress (1): 0.7/2.3 MB
Progress (1): 0.8/2.3 MB
Progress (1): 0.8/2.3 MB
Progress (1): 0.8/2.3 MB
Progress (1): 0.8/2.3 MB
Progress (1): 0.8/2.3 MB
Progress (1): 0.8/2.3 MB
Progress (1): 0.8/2.3 MB
Progress (1): 0.9/2.3 MB
Progress (1): 0.9/2.3 MB
Progress (1): 0.9/2.3 MB
Progress (1): 0.9/2.3 MB
Progress (1): 0.9/2.3 MB
Progress (1): 0.9/2.3 MB
Progress (1): 1.0/2.3 MB
Progress (1): 1.0/2.3 MB
Progress (1): 1.0/2.3 MB
Progress (1): 1.0/2.3 MB
Progress (1): 1.0/2.3 MB
Progress (1): 1.0/2.3 MB
Progress (1): 1.1/2.3 MB
Progress (1): 1.1/2.3 MB
Progress (1): 1.1/2.3 MB
Progress (1): 1.1/2.3 MB
Progress (1): 1.1/2.3 MB
Progress (1): 1.1/2.3 MB
Progress (1): 1.2/2.3 MB
Progress (1): 1.2/2.3 MB
Progress (1): 1.2/2.3 MB
Progress (1): 1.2/2.3 MB
Progress (1): 1.2/2.3 MB
Progress (1): 1.2/2.3 MB
Progress (1): 1.3/2.3 MB
Progress (1): 1.3/2.3 MB
Progress (1): 1.3/2.3 MB
Progress (1): 1.3/2.3 MB
Progress (1): 1.3/2.3 MB
Progress (1): 1.3/2.3 MB
Progress (1): 1.4/2.3 MB
Progress (1): 1.4/2.3 MB
Progress (1): 1.4/2.3 MB
Progress (1): 1.4/2.3 MB
Progress (1): 1.4/2.3 MB
Progress (1): 1.4/2.3 MB
Progress (1): 1.5/2.3 MB
Progress (1): 1.5/2.3 MB
Progress (1): 1.5/2.3 MB
Progress (1): 1.5/2.3 MB
Progress (1): 1.5/2.3 MB
Progress (1): 1.5/2.3 MB
Progress (1): 1.6/2.3 MB
Progress (1): 1.6/2.3 MB
Progress (1): 1.6/2.3 MB
Progress (1): 1.6/2.3 MB
Progress (1): 1.6/2.3 MB
Progress (1): 1.6/2.3 MB
Progress (1): 1.6/2.3 MB
Progress (1): 1.7/2.3 MB
Progress (1): 1.7/2.3 MB
Progress (1): 1.7/2.3 MB
Progress (1): 1.7/2.3 MB
Progress (1): 1.7/2.3 MB
Progress (1): 1.7/2.3 MB
Progress (1): 1.8/2.3 MB
Progress (1): 1.8/2.3 MB
Progress (1): 1.8/2.3 MB
Progress (1): 1.8/2.3 MB
Progress (1): 1.8/2.3 MB
Progress (1): 1.8/2.3 MB
Progress (1): 1.9/2.3 MB
Progress (1): 1.9/2.3 MB
Progress (1): 1.9/2.3 MB
Progress (1): 1.9/2.3 MB
Progress (1): 1.9/2.3 MB
Progress (1): 1.9/2.3 MB
Progress (1): 2.0/2.3 MB
Progress (1): 2.0/2.3 MB
Progress (1): 2.0/2.3 MB
Progress (1): 2.0/2.3 MB
Progress (1): 2.0/2.3 MB
Progress (1): 2.0/2.3 MB
Progress (1): 2.1/2.3 MB
Progress (1): 2.1/2.3 MB
Progress (1): 2.1/2.3 MB
Progress (1): 2.1/2.3 MB
Progress (1): 2.1/2.3 MB
Progress (1): 2.1/2.3 MB
Progress (1): 2.2/2.3 MB
Progress (1): 2.2/2.3 MB
Progress (1): 2.2/2.3 MB
Progress (1): 2.2/2.3 MB
Progress (1): 2.2/2.3 MB
Progress (1): 2.2/2.3 MB
Progress (1): 2.3/2.3 MB
Progress (1): 2.3/2.3 MB
Progress (1): 2.3/2.3 MB
Progress (1): 2.3/2.3 MB
Progress (1): 2.3 MB    
                    
Downloaded from central: https://repo.maven.apache.org/maven2/com/google/guava/guava/19.0/guava-19.0.jar (2.3 MB at 2.3 MB/s)
[INFO] Replacing main artifact with repackaged archive
[INFO] ------------------------------------------------------------------------
[INFO] BUILD SUCCESS
[INFO] ------------------------------------------------------------------------
[INFO] Total time:  29.112 s
[INFO] Finished at: 2021-08-22T17:17:02Z
[INFO] ------------------------------------------------------------------------
Finished: SUCCESS